<?xml version="1.0" encoding="UTF-8"?>
<robot generator="Robot 7.2.2 (Python 3.13.1 on darwin)" generated="2025-07-02T10:10:36.214554" rpa="false" schemaversion="5">
<suite id="s1" name="Robotapi" source="/Users/angela/Downloads/robotapi">
<suite id="s1-s1" name="Tests" source="/Users/angela/Downloads/robotapi/tests">
<suite id="s1-s1-s1" name="GetPeople" source="/Users/angela/Downloads/robotapi/tests/GetPeople.robot">
<test id="s1-s1-s1-t1" name="Get People List" line="12">
<kw name="Connect To Swapi" owner="resources">
<kw name="Create Session" owner="RequestsLibrary">
<msg time="2025-07-02T10:10:36.310208" level="INFO">Creating Session using : alias=swapi, url=https://swapi.dev/api, headers={},                     cookies={}, auth=None, timeout=None, proxies=None, verify=False,                     debug=0 </msg>
<arg>swapi</arg>
<arg>${BASE_URL}</arg>
<doc>Create Session: create a HTTP session to a server</doc>
<status status="PASS" start="2025-07-02T10:10:36.310136" elapsed="0.000159"/>
</kw>
<status status="PASS" start="2025-07-02T10:10:36.309922" elapsed="0.000412"/>
</kw>
<kw name="Get Status" owner="resources">
<kw name="GET On Session" owner="RequestsLibrary">
<msg time="2025-07-02T10:10:37.354749" level="INFO">GET Request : url=https://swapi.dev/api/people/ 
 path_url=/api/people/ 
 headers={'User-Agent': 'python-requests/2.32.4', 'Accept-Encoding': 'gzip, deflate', 'Accept': '*/*', 'Connection': 'keep-alive'} 
 body=None 
 </msg>
<msg time="2025-07-02T10:10:37.355045" level="INFO">GET Response : url=https://swapi.dev/api/people/ 
 status=200, reason=OK 
 headers={'Server': 'nginx/1.16.1', 'Date': 'Wed, 02 Jul 2025 02:10:37 GMT', 'Content-Type': 'application/json', 'Transfer-Encoding': 'chunked', 'Connection': 'keep-alive', 'Vary': 'Accept, Cookie', 'X-Frame-Options': 'SAMEORIGIN', 'ETag': '"b493126da505af6fec015ec116fec193"', 'Allow': 'GET, HEAD, OPTIONS', 'Strict-Transport-Security': 'max-age=15768000'} 
 body={"count":82,"next":"https://swapi.dev/api/people/?page=2","previous":null,"results":[{"name":"Luke Skywalker","height":"172","mass":"77","hair_color":"blond","skin_color":"fair","eye_color":"blue","birth_year":"19BBY","gender":"male","homeworld":"https://swapi.dev/api/planets/1/","films":["https://swapi.dev/api/films/1/","https://swapi.dev/api/films/2/","https://swapi.dev/api/films/3/","https://swapi.dev/api/films/6/"],"species":[],"vehicles":["https://swapi.dev/api/vehicles/14/","https://swapi.dev/api/vehicles/30/"],"starships":["https://swapi.dev/api/starships/12/","https://swapi.dev/api/starships/22/"],"created":"2014-12-09T13:50:51.644000Z","edited":"2014-12-20T21:17:56.891000Z","url":"https://swapi.dev/api/people/1/"},{"name":"C-3PO","height":"167","mass":"75","hair_color":"n/a","skin_color":"gold","eye_color":"yellow","birth_year":"112BBY","gender":"n/a","homeworld":"https://swapi.dev/api/planets/1/","films":["https://swapi.dev/api/films/1/","https://swapi.dev/api/films/2/","https://swapi.dev/api/films/3/","https://swapi.dev/api/films/4/","https://swapi.dev/api/films/5/","https://swapi.dev/api/films/6/"],"species":["https://swapi.dev/api/species/2/"],"vehicles":[],"starships":[],"created":"2014-12-10T15:10:51.357000Z","edited":"2014-12-20T21:17:50.309000Z","url":"https://swapi.dev/api/people/2/"},{"name":"R2-D2","height":"96","mass":"32","hair_color":"n/a","skin_color":"white, blue","eye_color":"red","birth_year":"33BBY","gender":"n/a","homeworld":"https://swapi.dev/api/planets/8/","films":["https://swapi.dev/api/films/1/","https://swapi.dev/api/films/2/","https://swapi.dev/api/films/3/","https://swapi.dev/api/films/4/","https://swapi.dev/api/films/5/","https://swapi.dev/api/films/6/"],"species":["https://swapi.dev/api/species/2/"],"vehicles":[],"starships":[],"created":"2014-12-10T15:11:50.376000Z","edited":"2014-12-20T21:17:50.311000Z","url":"https://swapi.dev/api/people/3/"},{"name":"Darth Vader","height":"202","mass":"136","hair_color":"none","skin_color":"white","eye_color":"yellow","birth_year":"41.9BBY","gender":"male","homeworld":"https://swapi.dev/api/planets/1/","films":["https://swapi.dev/api/films/1/","https://swapi.dev/api/films/2/","https://swapi.dev/api/films/3/","https://swapi.dev/api/films/6/"],"species":[],"vehicles":[],"starships":["https://swapi.dev/api/starships/13/"],"created":"2014-12-10T15:18:20.704000Z","edited":"2014-12-20T21:17:50.313000Z","url":"https://swapi.dev/api/people/4/"},{"name":"Leia Organa","height":"150","mass":"49","hair_color":"brown","skin_color":"light","eye_color":"brown","birth_year":"19BBY","gender":"female","homeworld":"https://swapi.dev/api/planets/2/","films":["https://swapi.dev/api/films/1/","https://swapi.dev/api/films/2/","https://swapi.dev/api/films/3/","https://swapi.dev/api/films/6/"],"species":[],"vehicles":["https://swapi.dev/api/vehicles/30/"],"starships":[],"created":"2014-12-10T15:20:09.791000Z","edited":"2014-12-20T21:17:50.315000Z","url":"https://swapi.dev/api/people/5/"},{"name":"Owen Lars","height":"178","mass":"120","hair_color":"brown, grey","skin_color":"light","eye_color":"blue","birth_year":"52BBY","gender":"male","homeworld":"https://swapi.dev/api/planets/1/","films":["https://swapi.dev/api/films/1/","https://swapi.dev/api/films/5/","https://swapi.dev/api/films/6/"],"species":[],"vehicles":[],"starships":[],"created":"2014-12-10T15:52:14.024000Z","edited":"2014-12-20T21:17:50.317000Z","url":"https://swapi.dev/api/people/6/"},{"name":"Beru Whitesun lars","height":"165","mass":"75","hair_color":"brown","skin_color":"light","eye_color":"blue","birth_year":"47BBY","gender":"female","homeworld":"https://swapi.dev/api/planets/1/","films":["https://swapi.dev/api/films/1/","https://swapi.dev/api/films/5/","https://swapi.dev/api/films/6/"],"species":[],"vehicles":[],"starships":[],"created":"2014-12-10T15:53:41.121000Z","edited":"2014-12-20T21:17:50.319000Z","url":"https://swapi.dev/api/people/7/"},{"name":"R5-D4","height":"97","mass":"32","hair_color":"n/a","skin_color":"white, red","eye_color":"red","birth_year":"unknown","gender":"n/a","homeworld":"https://swapi.dev/api/planets/1/","films":["https://swapi.dev/api/films/1/"],"species":["https://swapi.dev/api/species/2/"],"vehicles":[],"starships":[],"created":"2014-12-10T15:57:50.959000Z","edited":"2014-12-20T21:17:50.321000Z","url":"https://swapi.dev/api/people/8/"},{"name":"Biggs Darklighter","height":"183","mass":"84","hair_color":"black","skin_color":"light","eye_color":"brown","birth_year":"24BBY","gender":"male","homeworld":"https://swapi.dev/api/planets/1/","films":["https://swapi.dev/api/films/1/"],"species":[],"vehicles":[],"starships":["https://swapi.dev/api/starships/12/"],"created":"2014-12-10T15:59:50.509000Z","edited":"2014-12-20T21:17:50.323000Z","url":"https://swapi.dev/api/people/9/"},{"name":"Obi-Wan Kenobi","height":"182","mass":"77","hair_color":"auburn, white","skin_color":"fair","eye_color":"blue-gray","birth_year":"57BBY","gender":"male","homeworld":"https://swapi.dev/api/planets/20/","films":["https://swapi.dev/api/films/1/","https://swapi.dev/api/films/2/","https://swapi.dev/api/films/3/","https://swapi.dev/api/films/4/","https://swapi.dev/api/films/5/","https://swapi.dev/api/films/6/"],"species":[],"vehicles":["https://swapi.dev/api/vehicles/38/"],"starships":["https://swapi.dev/api/starships/48/","https://swapi.dev/api/starships/59/","https://swapi.dev/api/starships/64/","https://swapi.dev/api/starships/65/","https://swapi.dev/api/starships/74/"],"created":"2014-12-10T16:16:29.192000Z","edited":"2014-12-20T21:17:50.325000Z","url":"https://swapi.dev/api/people/10/"}]} 
 </msg>
<msg time="2025-07-02T10:10:37.355336" level="INFO">/Library/Frameworks/Python.framework/Versions/3.13/lib/python3.13/site-packages/urllib3/connectionpool.py:1097: InsecureRequestWarning: Unverified HTTPS request is being made to host 'swapi.dev'. Adding certificate verification is strongly advised. See: https://urllib3.readthedocs.io/en/latest/advanced-usage.html#tls-warnings
  warnings.warn(</msg>
<msg time="2025-07-02T10:10:37.355649" level="INFO">${resp} = &lt;Response [200]&gt;</msg>
<var>${resp}</var>
<arg>swapi</arg>
<arg>${ENDPOINT}</arg>
<doc>Sends a GET request on a previously created HTTP Session.</doc>
<status status="PASS" start="2025-07-02T10:10:36.310493" elapsed="1.045214"/>
</kw>
<kw name="Status Should Be" owner="RequestsLibrary">
<arg>200</arg>
<arg>${resp}</arg>
<doc>Fails if response status code is different than the expected.</doc>
<status status="PASS" start="2025-07-02T10:10:37.356187" elapsed="0.000495"/>
</kw>
<status status="PASS" start="2025-07-02T10:10:36.310406" elapsed="1.046421"/>
</kw>
<kw name="GET On Session" owner="RequestsLibrary">
<msg time="2025-07-02T10:10:37.662343" level="INFO">GET Request : url=https://swapi.dev/api/people/ 
 path_url=/api/people/ 
 headers={'User-Agent': 'python-requests/2.32.4', 'Accept-Encoding': 'gzip, deflate', 'Accept': '*/*', 'Connection': 'keep-alive'} 
 body=None 
 </msg>
<msg time="2025-07-02T10:10:37.662598" level="INFO">GET Response : url=https://swapi.dev/api/people/ 
 status=200, reason=OK 
 headers={'Server': 'nginx/1.16.1', 'Date': 'Wed, 02 Jul 2025 02:10:37 GMT', 'Content-Type': 'application/json', 'Transfer-Encoding': 'chunked', 'Connection': 'keep-alive', 'Vary': 'Accept, Cookie', 'X-Frame-Options': 'SAMEORIGIN', 'ETag': '"b493126da505af6fec015ec116fec193"', 'Allow': 'GET, HEAD, OPTIONS', 'Strict-Transport-Security': 'max-age=15768000'} 
 body={"count":82,"next":"https://swapi.dev/api/people/?page=2","previous":null,"results":[{"name":"Luke Skywalker","height":"172","mass":"77","hair_color":"blond","skin_color":"fair","eye_color":"blue","birth_year":"19BBY","gender":"male","homeworld":"https://swapi.dev/api/planets/1/","films":["https://swapi.dev/api/films/1/","https://swapi.dev/api/films/2/","https://swapi.dev/api/films/3/","https://swapi.dev/api/films/6/"],"species":[],"vehicles":["https://swapi.dev/api/vehicles/14/","https://swapi.dev/api/vehicles/30/"],"starships":["https://swapi.dev/api/starships/12/","https://swapi.dev/api/starships/22/"],"created":"2014-12-09T13:50:51.644000Z","edited":"2014-12-20T21:17:56.891000Z","url":"https://swapi.dev/api/people/1/"},{"name":"C-3PO","height":"167","mass":"75","hair_color":"n/a","skin_color":"gold","eye_color":"yellow","birth_year":"112BBY","gender":"n/a","homeworld":"https://swapi.dev/api/planets/1/","films":["https://swapi.dev/api/films/1/","https://swapi.dev/api/films/2/","https://swapi.dev/api/films/3/","https://swapi.dev/api/films/4/","https://swapi.dev/api/films/5/","https://swapi.dev/api/films/6/"],"species":["https://swapi.dev/api/species/2/"],"vehicles":[],"starships":[],"created":"2014-12-10T15:10:51.357000Z","edited":"2014-12-20T21:17:50.309000Z","url":"https://swapi.dev/api/people/2/"},{"name":"R2-D2","height":"96","mass":"32","hair_color":"n/a","skin_color":"white, blue","eye_color":"red","birth_year":"33BBY","gender":"n/a","homeworld":"https://swapi.dev/api/planets/8/","films":["https://swapi.dev/api/films/1/","https://swapi.dev/api/films/2/","https://swapi.dev/api/films/3/","https://swapi.dev/api/films/4/","https://swapi.dev/api/films/5/","https://swapi.dev/api/films/6/"],"species":["https://swapi.dev/api/species/2/"],"vehicles":[],"starships":[],"created":"2014-12-10T15:11:50.376000Z","edited":"2014-12-20T21:17:50.311000Z","url":"https://swapi.dev/api/people/3/"},{"name":"Darth Vader","height":"202","mass":"136","hair_color":"none","skin_color":"white","eye_color":"yellow","birth_year":"41.9BBY","gender":"male","homeworld":"https://swapi.dev/api/planets/1/","films":["https://swapi.dev/api/films/1/","https://swapi.dev/api/films/2/","https://swapi.dev/api/films/3/","https://swapi.dev/api/films/6/"],"species":[],"vehicles":[],"starships":["https://swapi.dev/api/starships/13/"],"created":"2014-12-10T15:18:20.704000Z","edited":"2014-12-20T21:17:50.313000Z","url":"https://swapi.dev/api/people/4/"},{"name":"Leia Organa","height":"150","mass":"49","hair_color":"brown","skin_color":"light","eye_color":"brown","birth_year":"19BBY","gender":"female","homeworld":"https://swapi.dev/api/planets/2/","films":["https://swapi.dev/api/films/1/","https://swapi.dev/api/films/2/","https://swapi.dev/api/films/3/","https://swapi.dev/api/films/6/"],"species":[],"vehicles":["https://swapi.dev/api/vehicles/30/"],"starships":[],"created":"2014-12-10T15:20:09.791000Z","edited":"2014-12-20T21:17:50.315000Z","url":"https://swapi.dev/api/people/5/"},{"name":"Owen Lars","height":"178","mass":"120","hair_color":"brown, grey","skin_color":"light","eye_color":"blue","birth_year":"52BBY","gender":"male","homeworld":"https://swapi.dev/api/planets/1/","films":["https://swapi.dev/api/films/1/","https://swapi.dev/api/films/5/","https://swapi.dev/api/films/6/"],"species":[],"vehicles":[],"starships":[],"created":"2014-12-10T15:52:14.024000Z","edited":"2014-12-20T21:17:50.317000Z","url":"https://swapi.dev/api/people/6/"},{"name":"Beru Whitesun lars","height":"165","mass":"75","hair_color":"brown","skin_color":"light","eye_color":"blue","birth_year":"47BBY","gender":"female","homeworld":"https://swapi.dev/api/planets/1/","films":["https://swapi.dev/api/films/1/","https://swapi.dev/api/films/5/","https://swapi.dev/api/films/6/"],"species":[],"vehicles":[],"starships":[],"created":"2014-12-10T15:53:41.121000Z","edited":"2014-12-20T21:17:50.319000Z","url":"https://swapi.dev/api/people/7/"},{"name":"R5-D4","height":"97","mass":"32","hair_color":"n/a","skin_color":"white, red","eye_color":"red","birth_year":"unknown","gender":"n/a","homeworld":"https://swapi.dev/api/planets/1/","films":["https://swapi.dev/api/films/1/"],"species":["https://swapi.dev/api/species/2/"],"vehicles":[],"starships":[],"created":"2014-12-10T15:57:50.959000Z","edited":"2014-12-20T21:17:50.321000Z","url":"https://swapi.dev/api/people/8/"},{"name":"Biggs Darklighter","height":"183","mass":"84","hair_color":"black","skin_color":"light","eye_color":"brown","birth_year":"24BBY","gender":"male","homeworld":"https://swapi.dev/api/planets/1/","films":["https://swapi.dev/api/films/1/"],"species":[],"vehicles":[],"starships":["https://swapi.dev/api/starships/12/"],"created":"2014-12-10T15:59:50.509000Z","edited":"2014-12-20T21:17:50.323000Z","url":"https://swapi.dev/api/people/9/"},{"name":"Obi-Wan Kenobi","height":"182","mass":"77","hair_color":"auburn, white","skin_color":"fair","eye_color":"blue-gray","birth_year":"57BBY","gender":"male","homeworld":"https://swapi.dev/api/planets/20/","films":["https://swapi.dev/api/films/1/","https://swapi.dev/api/films/2/","https://swapi.dev/api/films/3/","https://swapi.dev/api/films/4/","https://swapi.dev/api/films/5/","https://swapi.dev/api/films/6/"],"species":[],"vehicles":["https://swapi.dev/api/vehicles/38/"],"starships":["https://swapi.dev/api/starships/48/","https://swapi.dev/api/starships/59/","https://swapi.dev/api/starships/64/","https://swapi.dev/api/starships/65/","https://swapi.dev/api/starships/74/"],"created":"2014-12-10T16:16:29.192000Z","edited":"2014-12-20T21:17:50.325000Z","url":"https://swapi.dev/api/people/10/"}]} 
 </msg>
<msg time="2025-07-02T10:10:37.662892" level="INFO">/Library/Frameworks/Python.framework/Versions/3.13/lib/python3.13/site-packages/urllib3/connectionpool.py:1097: InsecureRequestWarning: Unverified HTTPS request is being made to host 'swapi.dev'. Adding certificate verification is strongly advised. See: https://urllib3.readthedocs.io/en/latest/advanced-usage.html#tls-warnings
  warnings.warn(</msg>
<msg time="2025-07-02T10:10:37.663263" level="INFO">${resp} = &lt;Response [200]&gt;</msg>
<var>${resp}</var>
<arg>swapi</arg>
<arg>${ENDPOINT}</arg>
<doc>Sends a GET request on a previously created HTTP Session.</doc>
<status status="PASS" start="2025-07-02T10:10:37.357130" elapsed="0.306195"/>
</kw>
<kw name="Get Value From Json" owner="JSONLibrary">
<msg time="2025-07-02T10:10:37.683170" level="INFO">${json} = [82]</msg>
<var>${json}</var>
<arg>${resp.json()}</arg>
<arg>count</arg>
<doc>Get Value From JSON using JSONPath</doc>
<status status="PASS" start="2025-07-02T10:10:37.663798" elapsed="0.019401"/>
</kw>
<kw name="Should Be True" owner="BuiltIn">
<arg>${resp.json()}[count] &gt; 0</arg>
<arg>Count should be greater than 0</arg>
<doc>Fails if the given condition is not true.</doc>
<status status="PASS" start="2025-07-02T10:10:37.683334" elapsed="0.000509"/>
</kw>
<kw name="Get Value From Json" owner="JSONLibrary">
<msg time="2025-07-02T10:10:37.694029" level="INFO">${results} = [[{'name': 'Luke Skywalker', 'height': '172', 'mass': '77', 'hair_color': 'blond', 'skin_color': 'fair', 'eye_color': 'blue', 'birth_year': '19BBY', 'gender': 'male', 'homeworld': 'https://swapi.dev/a...</msg>
<var>${results}</var>
<arg>${resp.json()}</arg>
<arg>results</arg>
<doc>Get Value From JSON using JSONPath</doc>
<status status="PASS" start="2025-07-02T10:10:37.683990" elapsed="0.010061"/>
</kw>
<kw name="Should Be True" owner="BuiltIn">
<arg>len(${results}) &gt; 0</arg>
<arg>Results list should not be empty</arg>
<doc>Fails if the given condition is not true.</doc>
<status status="PASS" start="2025-07-02T10:10:37.694148" elapsed="0.000619"/>
</kw>
<kw name="Get Value From Json" owner="JSONLibrary">
<msg time="2025-07-02T10:10:37.703801" level="INFO">${first} = [{'name': 'Luke Skywalker', 'height': '172', 'mass': '77', 'hair_color': 'blond', 'skin_color': 'fair', 'eye_color': 'blue', 'birth_year': '19BBY', 'gender': 'male', 'homeworld': 'https://swapi.dev/ap...</msg>
<var>${first}</var>
<arg>${resp.json()}</arg>
<arg>results[0]</arg>
<doc>Get Value From JSON using JSONPath</doc>
<status status="PASS" start="2025-07-02T10:10:37.694833" elapsed="0.008992"/>
</kw>
<kw name="Should Not Be Empty" owner="BuiltIn">
<msg time="2025-07-02T10:10:37.704024" level="INFO">Length is 691.</msg>
<arg>${first}\[name]</arg>
<doc>Verifies that the given item is not empty.</doc>
<status status="PASS" start="2025-07-02T10:10:37.703930" elapsed="0.000113"/>
</kw>
<kw name="Should Not Be Empty" owner="BuiltIn">
<msg time="2025-07-02T10:10:37.704167" level="INFO">Length is 693.</msg>
<arg>${first}\[gender]</arg>
<doc>Verifies that the given item is not empty.</doc>
<status status="PASS" start="2025-07-02T10:10:37.704109" elapsed="0.000073"/>
</kw>
<kw name="Should Not Be Empty" owner="BuiltIn">
<msg time="2025-07-02T10:10:37.704281" level="INFO">Length is 697.</msg>
<arg>${first}\[birth_year]</arg>
<doc>Verifies that the given item is not empty.</doc>
<status status="PASS" start="2025-07-02T10:10:37.704228" elapsed="0.000067"/>
</kw>
<doc>驗證 GET /people/ 回傳人物列表：200、count、results 結構</doc>
<status status="PASS" start="2025-07-02T10:10:36.309370" elapsed="1.394991"/>
</test>
<status status="PASS" start="2025-07-02T10:10:36.223727" elapsed="1.480878"/>
</suite>
<suite id="s1-s1-s2" name="GetPeopleOne" source="/Users/angela/Downloads/robotapi/tests/GetPeopleOne.robot">
<test id="s1-s1-s2-t1" name="Get People One" line="12">
<kw name="Connect To Swapi" owner="resources">
<kw name="Create Session" owner="RequestsLibrary">
<msg time="2025-07-02T10:10:37.706659" level="INFO">Creating Session using : alias=swapi, url=https://swapi.dev/api, headers={},                     cookies={}, auth=None, timeout=None, proxies=None, verify=False,                     debug=0 </msg>
<arg>swapi</arg>
<arg>${BASE_URL}</arg>
<doc>Create Session: create a HTTP session to a server</doc>
<status status="PASS" start="2025-07-02T10:10:37.706607" elapsed="0.000120"/>
</kw>
<status status="PASS" start="2025-07-02T10:10:37.706513" elapsed="0.000239"/>
</kw>
<kw name="Get Status" owner="resources">
<kw name="GET On Session" owner="RequestsLibrary">
<msg time="2025-07-02T10:10:38.745643" level="INFO">GET Request : url=https://swapi.dev/api/people/1/ 
 path_url=/api/people/1/ 
 headers={'User-Agent': 'python-requests/2.32.4', 'Accept-Encoding': 'gzip, deflate', 'Accept': '*/*', 'Connection': 'keep-alive'} 
 body=None 
 </msg>
<msg time="2025-07-02T10:10:38.745859" level="INFO">GET Response : url=https://swapi.dev/api/people/1/ 
 status=200, reason=OK 
 headers={'Server': 'nginx/1.16.1', 'Date': 'Wed, 02 Jul 2025 02:10:38 GMT', 'Content-Type': 'application/json', 'Transfer-Encoding': 'chunked', 'Connection': 'keep-alive', 'Vary': 'Accept, Cookie', 'X-Frame-Options': 'SAMEORIGIN', 'ETag': '"ee398610435c328f4d0a4e1b0d2f7bbc"', 'Allow': 'GET, HEAD, OPTIONS', 'Strict-Transport-Security': 'max-age=15768000'} 
 body={"name":"Luke Skywalker","height":"172","mass":"77","hair_color":"blond","skin_color":"fair","eye_color":"blue","birth_year":"19BBY","gender":"male","homeworld":"https://swapi.dev/api/planets/1/","films":["https://swapi.dev/api/films/1/","https://swapi.dev/api/films/2/","https://swapi.dev/api/films/3/","https://swapi.dev/api/films/6/"],"species":[],"vehicles":["https://swapi.dev/api/vehicles/14/","https://swapi.dev/api/vehicles/30/"],"starships":["https://swapi.dev/api/starships/12/","https://swapi.dev/api/starships/22/"],"created":"2014-12-09T13:50:51.644000Z","edited":"2014-12-20T21:17:56.891000Z","url":"https://swapi.dev/api/people/1/"} 
 </msg>
<msg time="2025-07-02T10:10:38.746023" level="INFO">/Library/Frameworks/Python.framework/Versions/3.13/lib/python3.13/site-packages/urllib3/connectionpool.py:1097: InsecureRequestWarning: Unverified HTTPS request is being made to host 'swapi.dev'. Adding certificate verification is strongly advised. See: https://urllib3.readthedocs.io/en/latest/advanced-usage.html#tls-warnings
  warnings.warn(</msg>
<msg time="2025-07-02T10:10:38.746341" level="INFO">${resp} = &lt;Response [200]&gt;</msg>
<var>${resp}</var>
<arg>swapi</arg>
<arg>${ENDPOINT}</arg>
<doc>Sends a GET request on a previously created HTTP Session.</doc>
<status status="PASS" start="2025-07-02T10:10:37.706888" elapsed="1.039511"/>
</kw>
<kw name="Status Should Be" owner="RequestsLibrary">
<arg>200</arg>
<arg>${resp}</arg>
<doc>Fails if response status code is different than the expected.</doc>
<status status="PASS" start="2025-07-02T10:10:38.746805" elapsed="0.000487"/>
</kw>
<status status="PASS" start="2025-07-02T10:10:37.706811" elapsed="1.040620"/>
</kw>
<kw name="GET On Session" owner="RequestsLibrary">
<msg time="2025-07-02T10:10:39.053940" level="INFO">GET Request : url=https://swapi.dev/api/people/1/ 
 path_url=/api/people/1/ 
 headers={'User-Agent': 'python-requests/2.32.4', 'Accept-Encoding': 'gzip, deflate', 'Accept': '*/*', 'Connection': 'keep-alive'} 
 body=None 
 </msg>
<msg time="2025-07-02T10:10:39.054128" level="INFO">GET Response : url=https://swapi.dev/api/people/1/ 
 status=200, reason=OK 
 headers={'Server': 'nginx/1.16.1', 'Date': 'Wed, 02 Jul 2025 02:10:38 GMT', 'Content-Type': 'application/json', 'Transfer-Encoding': 'chunked', 'Connection': 'keep-alive', 'Vary': 'Accept, Cookie', 'X-Frame-Options': 'SAMEORIGIN', 'ETag': '"ee398610435c328f4d0a4e1b0d2f7bbc"', 'Allow': 'GET, HEAD, OPTIONS', 'Strict-Transport-Security': 'max-age=15768000'} 
 body={"name":"Luke Skywalker","height":"172","mass":"77","hair_color":"blond","skin_color":"fair","eye_color":"blue","birth_year":"19BBY","gender":"male","homeworld":"https://swapi.dev/api/planets/1/","films":["https://swapi.dev/api/films/1/","https://swapi.dev/api/films/2/","https://swapi.dev/api/films/3/","https://swapi.dev/api/films/6/"],"species":[],"vehicles":["https://swapi.dev/api/vehicles/14/","https://swapi.dev/api/vehicles/30/"],"starships":["https://swapi.dev/api/starships/12/","https://swapi.dev/api/starships/22/"],"created":"2014-12-09T13:50:51.644000Z","edited":"2014-12-20T21:17:56.891000Z","url":"https://swapi.dev/api/people/1/"} 
 </msg>
<msg time="2025-07-02T10:10:39.054289" level="INFO">/Library/Frameworks/Python.framework/Versions/3.13/lib/python3.13/site-packages/urllib3/connectionpool.py:1097: InsecureRequestWarning: Unverified HTTPS request is being made to host 'swapi.dev'. Adding certificate verification is strongly advised. See: https://urllib3.readthedocs.io/en/latest/advanced-usage.html#tls-warnings
  warnings.warn(</msg>
<msg time="2025-07-02T10:10:39.054598" level="INFO">${resp} = &lt;Response [200]&gt;</msg>
<var>${resp}</var>
<arg>swapi</arg>
<arg>${ENDPOINT}</arg>
<doc>Sends a GET request on a previously created HTTP Session.</doc>
<status status="PASS" start="2025-07-02T10:10:38.747741" elapsed="0.306958"/>
</kw>
<kw name="Get Value From Json" owner="JSONLibrary">
<msg time="2025-07-02T10:10:39.078392" level="INFO">${name} = ['Luke Skywalker']</msg>
<var>${name}</var>
<arg>${resp.json()}</arg>
<arg>name</arg>
<doc>Get Value From JSON using JSONPath</doc>
<status status="PASS" start="2025-07-02T10:10:39.055138" elapsed="0.023299"/>
</kw>
<kw name="Should Contain" owner="BuiltIn">
<arg>${name}</arg>
<arg>Luke Skywalker</arg>
<doc>Fails if ``container`` does not contain ``item`` one or more times.</doc>
<status status="PASS" start="2025-07-02T10:10:39.078655" elapsed="0.000118"/>
</kw>
<kw name="Get Value From Json" owner="JSONLibrary">
<msg time="2025-07-02T10:10:39.090327" level="INFO">${height} = ['172']</msg>
<var>${height}</var>
<arg>${resp.json()}</arg>
<arg>height</arg>
<doc>Get Value From JSON using JSONPath</doc>
<status status="PASS" start="2025-07-02T10:10:39.078857" elapsed="0.011494"/>
</kw>
<kw name="Should Contain" owner="BuiltIn">
<arg>${height}</arg>
<arg>172</arg>
<doc>Fails if ``container`` does not contain ``item`` one or more times.</doc>
<status status="PASS" start="2025-07-02T10:10:39.090453" elapsed="0.000094"/>
</kw>
<kw name="Get Value From Json" owner="JSONLibrary">
<msg time="2025-07-02T10:10:39.100569" level="INFO">${mass} = ['77']</msg>
<var>${mass}</var>
<arg>${resp.json()}</arg>
<arg>mass</arg>
<doc>Get Value From JSON using JSONPath</doc>
<status status="PASS" start="2025-07-02T10:10:39.090623" elapsed="0.009971"/>
</kw>
<kw name="Should Contain" owner="BuiltIn">
<arg>${mass}</arg>
<arg>77</arg>
<doc>Fails if ``container`` does not contain ``item`` one or more times.</doc>
<status status="PASS" start="2025-07-02T10:10:39.100701" elapsed="0.000080"/>
</kw>
<doc>驗證 GET /people/1/ 回傳人物資料：200、name、gender、birth_year 結構</doc>
<status status="PASS" start="2025-07-02T10:10:37.705972" elapsed="1.394892"/>
</test>
<status status="PASS" start="2025-07-02T10:10:37.704797" elapsed="1.396195"/>
</suite>
<suite id="s1-s1-s3" name="GetPeopleSearch" source="/Users/angela/Downloads/robotapi/tests/GetPeopleSearch.robot">
<test id="s1-s1-s3-t1" name="Get People Search" line="13">
<kw name="Connect To Swapi" owner="resources">
<kw name="Create Session" owner="RequestsLibrary">
<msg time="2025-07-02T10:10:39.103449" level="INFO">Creating Session using : alias=swapi, url=https://swapi.dev/api, headers={},                     cookies={}, auth=None, timeout=None, proxies=None, verify=False,                     debug=0 </msg>
<arg>swapi</arg>
<arg>${BASE_URL}</arg>
<doc>Create Session: create a HTTP session to a server</doc>
<status status="PASS" start="2025-07-02T10:10:39.103389" elapsed="0.000134"/>
</kw>
<status status="PASS" start="2025-07-02T10:10:39.103287" elapsed="0.000265"/>
</kw>
<kw name="Get Status" owner="resources">
<kw name="GET On Session" owner="RequestsLibrary">
<msg time="2025-07-02T10:10:40.384220" level="INFO">GET Request : url=https://swapi.dev/api/people/?search=r2 
 path_url=/api/people/?search=r2 
 headers={'User-Agent': 'python-requests/2.32.4', 'Accept-Encoding': 'gzip, deflate', 'Accept': '*/*', 'Connection': 'keep-alive'} 
 body=None 
 </msg>
<msg time="2025-07-02T10:10:40.384441" level="INFO">GET Response : url=https://swapi.dev/api/people/?search=r2 
 status=200, reason=OK 
 headers={'Server': 'nginx/1.16.1', 'Date': 'Wed, 02 Jul 2025 02:10:40 GMT', 'Content-Type': 'application/json', 'Transfer-Encoding': 'chunked', 'Connection': 'keep-alive', 'Vary': 'Accept, Cookie', 'X-Frame-Options': 'SAMEORIGIN', 'ETag': '"104188839c0bb0de4d98122bdd288fcd"', 'Allow': 'GET, HEAD, OPTIONS', 'Strict-Transport-Security': 'max-age=15768000'} 
 body={"count":1,"next":null,"previous":null,"results":[{"name":"R2-D2","height":"96","mass":"32","hair_color":"n/a","skin_color":"white, blue","eye_color":"red","birth_year":"33BBY","gender":"n/a","homeworld":"https://swapi.dev/api/planets/8/","films":["https://swapi.dev/api/films/1/","https://swapi.dev/api/films/2/","https://swapi.dev/api/films/3/","https://swapi.dev/api/films/4/","https://swapi.dev/api/films/5/","https://swapi.dev/api/films/6/"],"species":["https://swapi.dev/api/species/2/"],"vehicles":[],"starships":[],"created":"2014-12-10T15:11:50.376000Z","edited":"2014-12-20T21:17:50.311000Z","url":"https://swapi.dev/api/people/3/"}]} 
 </msg>
<msg time="2025-07-02T10:10:40.384592" level="INFO">/Library/Frameworks/Python.framework/Versions/3.13/lib/python3.13/site-packages/urllib3/connectionpool.py:1097: InsecureRequestWarning: Unverified HTTPS request is being made to host 'swapi.dev'. Adding certificate verification is strongly advised. See: https://urllib3.readthedocs.io/en/latest/advanced-usage.html#tls-warnings
  warnings.warn(</msg>
<msg time="2025-07-02T10:10:40.384886" level="INFO">${resp} = &lt;Response [200]&gt;</msg>
<var>${resp}</var>
<arg>swapi</arg>
<arg>${ENDPOINT}</arg>
<doc>Sends a GET request on a previously created HTTP Session.</doc>
<status status="PASS" start="2025-07-02T10:10:39.103705" elapsed="1.281242"/>
</kw>
<kw name="Status Should Be" owner="RequestsLibrary">
<arg>200</arg>
<arg>${resp}</arg>
<doc>Fails if response status code is different than the expected.</doc>
<status status="PASS" start="2025-07-02T10:10:40.385295" elapsed="0.000463"/>
</kw>
<status status="PASS" start="2025-07-02T10:10:39.103623" elapsed="1.282280"/>
</kw>
<kw name="GET On Session" owner="RequestsLibrary">
<msg time="2025-07-02T10:10:40.691816" level="INFO">GET Request : url=https://swapi.dev/api/people/?search=r2 
 path_url=/api/people/?search=r2 
 headers={'User-Agent': 'python-requests/2.32.4', 'Accept-Encoding': 'gzip, deflate', 'Accept': '*/*', 'Connection': 'keep-alive'} 
 body=None 
 </msg>
<msg time="2025-07-02T10:10:40.691974" level="INFO">GET Response : url=https://swapi.dev/api/people/?search=r2 
 status=200, reason=OK 
 headers={'Server': 'nginx/1.16.1', 'Date': 'Wed, 02 Jul 2025 02:10:40 GMT', 'Content-Type': 'application/json', 'Transfer-Encoding': 'chunked', 'Connection': 'keep-alive', 'Vary': 'Accept, Cookie', 'X-Frame-Options': 'SAMEORIGIN', 'ETag': '"104188839c0bb0de4d98122bdd288fcd"', 'Allow': 'GET, HEAD, OPTIONS', 'Strict-Transport-Security': 'max-age=15768000'} 
 body={"count":1,"next":null,"previous":null,"results":[{"name":"R2-D2","height":"96","mass":"32","hair_color":"n/a","skin_color":"white, blue","eye_color":"red","birth_year":"33BBY","gender":"n/a","homeworld":"https://swapi.dev/api/planets/8/","films":["https://swapi.dev/api/films/1/","https://swapi.dev/api/films/2/","https://swapi.dev/api/films/3/","https://swapi.dev/api/films/4/","https://swapi.dev/api/films/5/","https://swapi.dev/api/films/6/"],"species":["https://swapi.dev/api/species/2/"],"vehicles":[],"starships":[],"created":"2014-12-10T15:11:50.376000Z","edited":"2014-12-20T21:17:50.311000Z","url":"https://swapi.dev/api/people/3/"}]} 
 </msg>
<msg time="2025-07-02T10:10:40.692080" level="INFO">/Library/Frameworks/Python.framework/Versions/3.13/lib/python3.13/site-packages/urllib3/connectionpool.py:1097: InsecureRequestWarning: Unverified HTTPS request is being made to host 'swapi.dev'. Adding certificate verification is strongly advised. See: https://urllib3.readthedocs.io/en/latest/advanced-usage.html#tls-warnings
  warnings.warn(</msg>
<msg time="2025-07-02T10:10:40.692297" level="INFO">${resp} = &lt;Response [200]&gt;</msg>
<var>${resp}</var>
<arg>swapi</arg>
<arg>${ENDPOINT}</arg>
<doc>Sends a GET request on a previously created HTTP Session.</doc>
<status status="PASS" start="2025-07-02T10:10:40.386211" elapsed="0.306162"/>
</kw>
<kw name="Get Value From Json" owner="JSONLibrary">
<msg time="2025-07-02T10:10:40.714671" level="INFO">${json} = [{'name': 'R2-D2', 'height': '96', 'mass': '32', 'hair_color': 'n/a', 'skin_color': 'white, blue', 'eye_color': 'red', 'birth_year': '33BBY', 'gender': 'n/a', 'homeworld': 'https://swapi.dev/api/plane...</msg>
<var>${json}</var>
<arg>${resp.json()}</arg>
<arg>results[0]</arg>
<doc>Get Value From JSON using JSONPath</doc>
<status status="PASS" start="2025-07-02T10:10:40.692736" elapsed="0.021978"/>
</kw>
<kw name="Should Contain" owner="BuiltIn">
<arg>${json}\[name]</arg>
<arg>R2</arg>
<doc>Fails if ``container`` does not contain ``item`` one or more times.</doc>
<status status="PASS" start="2025-07-02T10:10:40.714927" elapsed="0.000176"/>
</kw>
<doc>驗證 GET /people/?search=r2 搜尋人物列表：200、count、results 結構</doc>
<status status="PASS" start="2025-07-02T10:10:39.102717" elapsed="1.612503"/>
</test>
<test id="s1-s1-s3-t2" name="Search no results" line="21">
<kw name="Connect To Swapi" owner="resources">
<kw name="Create Session" owner="RequestsLibrary">
<msg time="2025-07-02T10:10:40.716678" level="INFO">Creating Session using : alias=swapi, url=https://swapi.dev/api, headers={},                     cookies={}, auth=None, timeout=None, proxies=None, verify=False,                     debug=0 </msg>
<arg>swapi</arg>
<arg>${BASE_URL}</arg>
<doc>Create Session: create a HTTP session to a server</doc>
<status status="PASS" start="2025-07-02T10:10:40.716585" elapsed="0.000214"/>
</kw>
<status status="PASS" start="2025-07-02T10:10:40.716425" elapsed="0.000416"/>
</kw>
<kw name="Get Status" owner="resources">
<kw name="GET On Session" owner="RequestsLibrary">
<msg time="2025-07-02T10:10:41.979092" level="INFO">GET Request : url=https://swapi.dev/api/people/?search=r2 
 path_url=/api/people/?search=r2 
 headers={'User-Agent': 'python-requests/2.32.4', 'Accept-Encoding': 'gzip, deflate', 'Accept': '*/*', 'Connection': 'keep-alive'} 
 body=None 
 </msg>
<msg time="2025-07-02T10:10:41.979350" level="INFO">GET Response : url=https://swapi.dev/api/people/?search=r2 
 status=200, reason=OK 
 headers={'Server': 'nginx/1.16.1', 'Date': 'Wed, 02 Jul 2025 02:10:41 GMT', 'Content-Type': 'application/json', 'Transfer-Encoding': 'chunked', 'Connection': 'keep-alive', 'Vary': 'Accept, Cookie', 'X-Frame-Options': 'SAMEORIGIN', 'ETag': '"104188839c0bb0de4d98122bdd288fcd"', 'Allow': 'GET, HEAD, OPTIONS', 'Strict-Transport-Security': 'max-age=15768000'} 
 body={"count":1,"next":null,"previous":null,"results":[{"name":"R2-D2","height":"96","mass":"32","hair_color":"n/a","skin_color":"white, blue","eye_color":"red","birth_year":"33BBY","gender":"n/a","homeworld":"https://swapi.dev/api/planets/8/","films":["https://swapi.dev/api/films/1/","https://swapi.dev/api/films/2/","https://swapi.dev/api/films/3/","https://swapi.dev/api/films/4/","https://swapi.dev/api/films/5/","https://swapi.dev/api/films/6/"],"species":["https://swapi.dev/api/species/2/"],"vehicles":[],"starships":[],"created":"2014-12-10T15:11:50.376000Z","edited":"2014-12-20T21:17:50.311000Z","url":"https://swapi.dev/api/people/3/"}]} 
 </msg>
<msg time="2025-07-02T10:10:41.979511" level="INFO">/Library/Frameworks/Python.framework/Versions/3.13/lib/python3.13/site-packages/urllib3/connectionpool.py:1097: InsecureRequestWarning: Unverified HTTPS request is being made to host 'swapi.dev'. Adding certificate verification is strongly advised. See: https://urllib3.readthedocs.io/en/latest/advanced-usage.html#tls-warnings
  warnings.warn(</msg>
<msg time="2025-07-02T10:10:41.979835" level="INFO">${resp} = &lt;Response [200]&gt;</msg>
<var>${resp}</var>
<arg>swapi</arg>
<arg>${ENDPOINT}</arg>
<doc>Sends a GET request on a previously created HTTP Session.</doc>
<status status="PASS" start="2025-07-02T10:10:40.717071" elapsed="1.262820"/>
</kw>
<kw name="Status Should Be" owner="RequestsLibrary">
<arg>200</arg>
<arg>${resp}</arg>
<doc>Fails if response status code is different than the expected.</doc>
<status status="PASS" start="2025-07-02T10:10:41.980322" elapsed="0.000418"/>
</kw>
<status status="PASS" start="2025-07-02T10:10:40.716941" elapsed="1.263917"/>
</kw>
<kw name="GET On Session" owner="RequestsLibrary">
<msg time="2025-07-02T10:10:42.329879" level="INFO">GET Request : url=https://swapi.dev/api/people/?search=foobar 
 path_url=/api/people/?search=foobar 
 headers={'User-Agent': 'python-requests/2.32.4', 'Accept-Encoding': 'gzip, deflate', 'Accept': '*/*', 'Connection': 'keep-alive'} 
 body=None 
 </msg>
<msg time="2025-07-02T10:10:42.330041" level="INFO">GET Response : url=https://swapi.dev/api/people/?search=foobar 
 status=200, reason=OK 
 headers={'Server': 'nginx/1.16.1', 'Date': 'Wed, 02 Jul 2025 02:10:42 GMT', 'Content-Type': 'application/json', 'Transfer-Encoding': 'chunked', 'Connection': 'keep-alive', 'Vary': 'Accept, Cookie', 'X-Frame-Options': 'SAMEORIGIN', 'ETag': '"4200165871240e4de02c79cbd62d9180"', 'Allow': 'GET, HEAD, OPTIONS', 'Strict-Transport-Security': 'max-age=15768000'} 
 body={"count":0,"next":null,"previous":null,"results":[]} 
 </msg>
<msg time="2025-07-02T10:10:42.330168" level="INFO">/Library/Frameworks/Python.framework/Versions/3.13/lib/python3.13/site-packages/urllib3/connectionpool.py:1097: InsecureRequestWarning: Unverified HTTPS request is being made to host 'swapi.dev'. Adding certificate verification is strongly advised. See: https://urllib3.readthedocs.io/en/latest/advanced-usage.html#tls-warnings
  warnings.warn(</msg>
<msg time="2025-07-02T10:10:42.330377" level="INFO">${resp} = &lt;Response [200]&gt;</msg>
<var>${resp}</var>
<arg>swapi</arg>
<arg>${ENDPOINT_NO_RESULTS}</arg>
<doc>Sends a GET request on a previously created HTTP Session.</doc>
<status status="PASS" start="2025-07-02T10:10:41.981122" elapsed="0.349306"/>
</kw>
<kw name="Log" owner="BuiltIn">
<msg time="2025-07-02T10:10:42.331900" level="INFO">{'count': 0, 'next': None, 'previous': None, 'results': []}</msg>
<arg>${resp.json()}</arg>
<doc>Logs the given message with the given level.</doc>
<status status="PASS" start="2025-07-02T10:10:42.330777" elapsed="0.001210"/>
</kw>
<kw name="Get Value From Json" owner="JSONLibrary">
<msg time="2025-07-02T10:10:42.355531" level="INFO">${count} = [0]</msg>
<var>${count}</var>
<arg>${resp.json()}</arg>
<arg>count</arg>
<doc>Get Value From JSON using JSONPath</doc>
<status status="PASS" start="2025-07-02T10:10:42.332252" elapsed="0.023323"/>
</kw>
<kw name="Convert Json To String" owner="JSONLibrary">
<msg time="2025-07-02T10:10:42.355978" level="INFO">${Count} = [0]</msg>
<var>${Count}</var>
<arg>${count}</arg>
<doc>Convert JSON object to string</doc>
<status status="PASS" start="2025-07-02T10:10:42.355799" elapsed="0.000198"/>
</kw>
<kw name="Should Be Equal" owner="BuiltIn">
<arg>${Count}</arg>
<arg>[0]</arg>
<doc>Fails if the given objects are unequal.</doc>
<status status="PASS" start="2025-07-02T10:10:42.356101" elapsed="0.000143"/>
</kw>
<doc>驗證 GET /people/?search=foobar 搜尋人物列表：404、detail 結構</doc>
<status status="PASS" start="2025-07-02T10:10:40.715403" elapsed="1.640946"/>
</test>
<status status="PASS" start="2025-07-02T10:10:39.101328" elapsed="3.255237"/>
</suite>
<suite id="s1-s1-s4" name="GetPlanetsList" source="/Users/angela/Downloads/robotapi/tests/GetPlanetsList.robot">
<test id="s1-s1-s4-t1" name="Get Planets List" line="12">
<kw name="Connect To Swapi" owner="resources">
<kw name="Create Session" owner="RequestsLibrary">
<msg time="2025-07-02T10:10:42.359985" level="INFO">Creating Session using : alias=swapi, url=https://swapi.dev/api, headers={},                     cookies={}, auth=None, timeout=None, proxies=None, verify=False,                     debug=0 </msg>
<arg>swapi</arg>
<arg>${BASE_URL}</arg>
<doc>Create Session: create a HTTP session to a server</doc>
<status status="PASS" start="2025-07-02T10:10:42.359896" elapsed="0.000221"/>
</kw>
<status status="PASS" start="2025-07-02T10:10:42.359731" elapsed="0.000431"/>
</kw>
<kw name="Get Status" owner="resources">
<kw name="GET On Session" owner="RequestsLibrary">
<msg time="2025-07-02T10:10:43.374184" level="INFO">GET Request : url=https://swapi.dev/api/planets/ 
 path_url=/api/planets/ 
 headers={'User-Agent': 'python-requests/2.32.4', 'Accept-Encoding': 'gzip, deflate', 'Accept': '*/*', 'Connection': 'keep-alive'} 
 body=None 
 </msg>
<msg time="2025-07-02T10:10:43.374727" level="INFO">GET Response : url=https://swapi.dev/api/planets/ 
 status=200, reason=OK 
 headers={'Server': 'nginx/1.16.1', 'Date': 'Wed, 02 Jul 2025 02:10:43 GMT', 'Content-Type': 'application/json', 'Transfer-Encoding': 'chunked', 'Connection': 'keep-alive', 'Vary': 'Accept, Cookie', 'X-Frame-Options': 'SAMEORIGIN', 'ETag': '"bc01c94507d5dcf4829b239cde8748fb"', 'Allow': 'GET, HEAD, OPTIONS', 'Strict-Transport-Security': 'max-age=15768000'} 
 body={"count":60,"next":"https://swapi.dev/api/planets/?page=2","previous":null,"results":[{"name":"Tatooine","rotation_period":"23","orbital_period":"304","diameter":"10465","climate":"arid","gravity":"1 standard","terrain":"desert","surface_water":"1","population":"200000","residents":["https://swapi.dev/api/people/1/","https://swapi.dev/api/people/2/","https://swapi.dev/api/people/4/","https://swapi.dev/api/people/6/","https://swapi.dev/api/people/7/","https://swapi.dev/api/people/8/","https://swapi.dev/api/people/9/","https://swapi.dev/api/people/11/","https://swapi.dev/api/people/43/","https://swapi.dev/api/people/62/"],"films":["https://swapi.dev/api/films/1/","https://swapi.dev/api/films/3/","https://swapi.dev/api/films/4/","https://swapi.dev/api/films/5/","https://swapi.dev/api/films/6/"],"created":"2014-12-09T13:50:49.641000Z","edited":"2014-12-20T20:58:18.411000Z","url":"https://swapi.dev/api/planets/1/"},{"name":"Alderaan","rotation_period":"24","orbital_period":"364","diameter":"12500","climate":"temperate","gravity":"1 standard","terrain":"grasslands, mountains","surface_water":"40","population":"2000000000","residents":["https://swapi.dev/api/people/5/","https://swapi.dev/api/people/68/","https://swapi.dev/api/people/81/"],"films":["https://swapi.dev/api/films/1/","https://swapi.dev/api/films/6/"],"created":"2014-12-10T11:35:48.479000Z","edited":"2014-12-20T20:58:18.420000Z","url":"https://swapi.dev/api/planets/2/"},{"name":"Yavin IV","rotation_period":"24","orbital_period":"4818","diameter":"10200","climate":"temperate, tropical","gravity":"1 standard","terrain":"jungle, rainforests","surface_water":"8","population":"1000","residents":[],"films":["https://swapi.dev/api/films/1/"],"created":"2014-12-10T11:37:19.144000Z","edited":"2014-12-20T20:58:18.421000Z","url":"https://swapi.dev/api/planets/3/"},{"name":"Hoth","rotation_period":"23","orbital_period":"549","diameter":"7200","climate":"frozen","gravity":"1.1 standard","terrain":"tundra, ice caves, mountain ranges","surface_water":"100","population":"unknown","residents":[],"films":["https://swapi.dev/api/films/2/"],"created":"2014-12-10T11:39:13.934000Z","edited":"2014-12-20T20:58:18.423000Z","url":"https://swapi.dev/api/planets/4/"},{"name":"Dagobah","rotation_period":"23","orbital_period":"341","diameter":"8900","climate":"murky","gravity":"N/A","terrain":"swamp, jungles","surface_water":"8","population":"unknown","residents":[],"films":["https://swapi.dev/api/films/2/","https://swapi.dev/api/films/3/","https://swapi.dev/api/films/6/"],"created":"2014-12-10T11:42:22.590000Z","edited":"2014-12-20T20:58:18.425000Z","url":"https://swapi.dev/api/planets/5/"},{"name":"Bespin","rotation_period":"12","orbital_period":"5110","diameter":"118000","climate":"temperate","gravity":"1.5 (surface), 1 standard (Cloud City)","terrain":"gas giant","surface_water":"0","population":"6000000","residents":["https://swapi.dev/api/people/26/"],"films":["https://swapi.dev/api/films/2/"],"created":"2014-12-10T11:43:55.240000Z","edited":"2014-12-20T20:58:18.427000Z","url":"https://swapi.dev/api/planets/6/"},{"name":"Endor","rotation_period":"18","orbital_period":"402","diameter":"4900","climate":"temperate","gravity":"0.85 standard","terrain":"forests, mountains, lakes","surface_water":"8","population":"30000000","residents":["https://swapi.dev/api/people/30/"],"films":["https://swapi.dev/api/films/3/"],"created":"2014-12-10T11:50:29.349000Z","edited":"2014-12-20T20:58:18.429000Z","url":"https://swapi.dev/api/planets/7/"},{"name":"Naboo","rotation_period":"26","orbital_period":"312","diameter":"12120","climate":"temperate","gravity":"1 standard","terrain":"grassy hills, swamps, forests, mountains","surface_water":"12","population":"4500000000","residents":["https://swapi.dev/api/people/3/","https://swapi.dev/api/people/21/","https://swapi.dev/api/people/35/","https://swapi.dev/api/people/36/","https://swapi.dev/api/people/37/","https://swapi.dev/api/people/38/","https://swapi.dev/api/people/39/","https://swapi.dev/api/people/42/","https://swapi.dev/api/people/60/","https://swapi.dev/api/people/61/","https://swapi.dev/api/people/66/"],"films":["https://swapi.dev/api/films/3/","https://swapi.dev/api/films/4/","https://swapi.dev/api/films/5/","https://swapi.dev/api/films/6/"],"created":"2014-12-10T11:52:31.066000Z","edited":"2014-12-20T20:58:18.430000Z","url":"https://swapi.dev/api/planets/8/"},{"name":"Coruscant","rotation_period":"24","orbital_period":"368","diameter":"12240","climate":"temperate","gravity":"1 standard","terrain":"cityscape, mountains","surface_water":"unknown","population":"1000000000000","residents":["https://swapi.dev/api/people/34/","https://swapi.dev/api/people/55/","https://swapi.dev/api/people/74/"],"films":["https://swapi.dev/api/films/3/","https://swapi.dev/api/films/4/","https://swapi.dev/api/films/5/","https://swapi.dev/api/films/6/"],"created":"2014-12-10T11:54:13.921000Z","edited":"2014-12-20T20:58:18.432000Z","url":"https://swapi.dev/api/planets/9/"},{"name":"Kamino","rotation_period":"27","orbital_period":"463","diameter":"19720","climate":"temperate","gravity":"1 standard","terrain":"ocean","surface_water":"100","population":"1000000000","residents":["https://swapi.dev/api/people/22/","https://swapi.dev/api/people/72/","https://swapi.dev/api/people/73/"],"films":["https://swapi.dev/api/films/5/"],"created":"2014-12-10T12:45:06.577000Z","edited":"2014-12-20T20:58:18.434000Z","url":"https://swapi.dev/api/planets/10/"}]} 
 </msg>
<msg time="2025-07-02T10:10:43.375190" level="INFO">/Library/Frameworks/Python.framework/Versions/3.13/lib/python3.13/site-packages/urllib3/connectionpool.py:1097: InsecureRequestWarning: Unverified HTTPS request is being made to host 'swapi.dev'. Adding certificate verification is strongly advised. See: https://urllib3.readthedocs.io/en/latest/advanced-usage.html#tls-warnings
  warnings.warn(</msg>
<msg time="2025-07-02T10:10:43.375496" level="INFO">${resp} = &lt;Response [200]&gt;</msg>
<var>${resp}</var>
<arg>swapi</arg>
<arg>${ENDPOINT}</arg>
<doc>Sends a GET request on a previously created HTTP Session.</doc>
<status status="PASS" start="2025-07-02T10:10:42.360389" elapsed="1.015164"/>
</kw>
<kw name="Status Should Be" owner="RequestsLibrary">
<arg>200</arg>
<arg>${resp}</arg>
<doc>Fails if response status code is different than the expected.</doc>
<status status="PASS" start="2025-07-02T10:10:43.375941" elapsed="0.000458"/>
</kw>
<status status="PASS" start="2025-07-02T10:10:42.360261" elapsed="1.016284"/>
</kw>
<kw name="GET On Session" owner="RequestsLibrary">
<msg time="2025-07-02T10:10:43.662492" level="INFO">GET Request : url=https://swapi.dev/api/planets/ 
 path_url=/api/planets/ 
 headers={'User-Agent': 'python-requests/2.32.4', 'Accept-Encoding': 'gzip, deflate', 'Accept': '*/*', 'Connection': 'keep-alive'} 
 body=None 
 </msg>
<msg time="2025-07-02T10:10:43.662696" level="INFO">GET Response : url=https://swapi.dev/api/planets/ 
 status=200, reason=OK 
 headers={'Server': 'nginx/1.16.1', 'Date': 'Wed, 02 Jul 2025 02:10:43 GMT', 'Content-Type': 'application/json', 'Transfer-Encoding': 'chunked', 'Connection': 'keep-alive', 'Vary': 'Accept, Cookie', 'X-Frame-Options': 'SAMEORIGIN', 'ETag': '"bc01c94507d5dcf4829b239cde8748fb"', 'Allow': 'GET, HEAD, OPTIONS', 'Strict-Transport-Security': 'max-age=15768000'} 
 body={"count":60,"next":"https://swapi.dev/api/planets/?page=2","previous":null,"results":[{"name":"Tatooine","rotation_period":"23","orbital_period":"304","diameter":"10465","climate":"arid","gravity":"1 standard","terrain":"desert","surface_water":"1","population":"200000","residents":["https://swapi.dev/api/people/1/","https://swapi.dev/api/people/2/","https://swapi.dev/api/people/4/","https://swapi.dev/api/people/6/","https://swapi.dev/api/people/7/","https://swapi.dev/api/people/8/","https://swapi.dev/api/people/9/","https://swapi.dev/api/people/11/","https://swapi.dev/api/people/43/","https://swapi.dev/api/people/62/"],"films":["https://swapi.dev/api/films/1/","https://swapi.dev/api/films/3/","https://swapi.dev/api/films/4/","https://swapi.dev/api/films/5/","https://swapi.dev/api/films/6/"],"created":"2014-12-09T13:50:49.641000Z","edited":"2014-12-20T20:58:18.411000Z","url":"https://swapi.dev/api/planets/1/"},{"name":"Alderaan","rotation_period":"24","orbital_period":"364","diameter":"12500","climate":"temperate","gravity":"1 standard","terrain":"grasslands, mountains","surface_water":"40","population":"2000000000","residents":["https://swapi.dev/api/people/5/","https://swapi.dev/api/people/68/","https://swapi.dev/api/people/81/"],"films":["https://swapi.dev/api/films/1/","https://swapi.dev/api/films/6/"],"created":"2014-12-10T11:35:48.479000Z","edited":"2014-12-20T20:58:18.420000Z","url":"https://swapi.dev/api/planets/2/"},{"name":"Yavin IV","rotation_period":"24","orbital_period":"4818","diameter":"10200","climate":"temperate, tropical","gravity":"1 standard","terrain":"jungle, rainforests","surface_water":"8","population":"1000","residents":[],"films":["https://swapi.dev/api/films/1/"],"created":"2014-12-10T11:37:19.144000Z","edited":"2014-12-20T20:58:18.421000Z","url":"https://swapi.dev/api/planets/3/"},{"name":"Hoth","rotation_period":"23","orbital_period":"549","diameter":"7200","climate":"frozen","gravity":"1.1 standard","terrain":"tundra, ice caves, mountain ranges","surface_water":"100","population":"unknown","residents":[],"films":["https://swapi.dev/api/films/2/"],"created":"2014-12-10T11:39:13.934000Z","edited":"2014-12-20T20:58:18.423000Z","url":"https://swapi.dev/api/planets/4/"},{"name":"Dagobah","rotation_period":"23","orbital_period":"341","diameter":"8900","climate":"murky","gravity":"N/A","terrain":"swamp, jungles","surface_water":"8","population":"unknown","residents":[],"films":["https://swapi.dev/api/films/2/","https://swapi.dev/api/films/3/","https://swapi.dev/api/films/6/"],"created":"2014-12-10T11:42:22.590000Z","edited":"2014-12-20T20:58:18.425000Z","url":"https://swapi.dev/api/planets/5/"},{"name":"Bespin","rotation_period":"12","orbital_period":"5110","diameter":"118000","climate":"temperate","gravity":"1.5 (surface), 1 standard (Cloud City)","terrain":"gas giant","surface_water":"0","population":"6000000","residents":["https://swapi.dev/api/people/26/"],"films":["https://swapi.dev/api/films/2/"],"created":"2014-12-10T11:43:55.240000Z","edited":"2014-12-20T20:58:18.427000Z","url":"https://swapi.dev/api/planets/6/"},{"name":"Endor","rotation_period":"18","orbital_period":"402","diameter":"4900","climate":"temperate","gravity":"0.85 standard","terrain":"forests, mountains, lakes","surface_water":"8","population":"30000000","residents":["https://swapi.dev/api/people/30/"],"films":["https://swapi.dev/api/films/3/"],"created":"2014-12-10T11:50:29.349000Z","edited":"2014-12-20T20:58:18.429000Z","url":"https://swapi.dev/api/planets/7/"},{"name":"Naboo","rotation_period":"26","orbital_period":"312","diameter":"12120","climate":"temperate","gravity":"1 standard","terrain":"grassy hills, swamps, forests, mountains","surface_water":"12","population":"4500000000","residents":["https://swapi.dev/api/people/3/","https://swapi.dev/api/people/21/","https://swapi.dev/api/people/35/","https://swapi.dev/api/people/36/","https://swapi.dev/api/people/37/","https://swapi.dev/api/people/38/","https://swapi.dev/api/people/39/","https://swapi.dev/api/people/42/","https://swapi.dev/api/people/60/","https://swapi.dev/api/people/61/","https://swapi.dev/api/people/66/"],"films":["https://swapi.dev/api/films/3/","https://swapi.dev/api/films/4/","https://swapi.dev/api/films/5/","https://swapi.dev/api/films/6/"],"created":"2014-12-10T11:52:31.066000Z","edited":"2014-12-20T20:58:18.430000Z","url":"https://swapi.dev/api/planets/8/"},{"name":"Coruscant","rotation_period":"24","orbital_period":"368","diameter":"12240","climate":"temperate","gravity":"1 standard","terrain":"cityscape, mountains","surface_water":"unknown","population":"1000000000000","residents":["https://swapi.dev/api/people/34/","https://swapi.dev/api/people/55/","https://swapi.dev/api/people/74/"],"films":["https://swapi.dev/api/films/3/","https://swapi.dev/api/films/4/","https://swapi.dev/api/films/5/","https://swapi.dev/api/films/6/"],"created":"2014-12-10T11:54:13.921000Z","edited":"2014-12-20T20:58:18.432000Z","url":"https://swapi.dev/api/planets/9/"},{"name":"Kamino","rotation_period":"27","orbital_period":"463","diameter":"19720","climate":"temperate","gravity":"1 standard","terrain":"ocean","surface_water":"100","population":"1000000000","residents":["https://swapi.dev/api/people/22/","https://swapi.dev/api/people/72/","https://swapi.dev/api/people/73/"],"films":["https://swapi.dev/api/films/5/"],"created":"2014-12-10T12:45:06.577000Z","edited":"2014-12-20T20:58:18.434000Z","url":"https://swapi.dev/api/planets/10/"}]} 
 </msg>
<msg time="2025-07-02T10:10:43.662942" level="INFO">/Library/Frameworks/Python.framework/Versions/3.13/lib/python3.13/site-packages/urllib3/connectionpool.py:1097: InsecureRequestWarning: Unverified HTTPS request is being made to host 'swapi.dev'. Adding certificate verification is strongly advised. See: https://urllib3.readthedocs.io/en/latest/advanced-usage.html#tls-warnings
  warnings.warn(</msg>
<msg time="2025-07-02T10:10:43.663207" level="INFO">${resp} = &lt;Response [200]&gt;</msg>
<var>${resp}</var>
<arg>swapi</arg>
<arg>${ENDPOINT}</arg>
<doc>Sends a GET request on a previously created HTTP Session.</doc>
<status status="PASS" start="2025-07-02T10:10:43.376849" elapsed="0.286416"/>
</kw>
<kw name="Get Value From Json" owner="JSONLibrary">
<msg time="2025-07-02T10:10:43.685378" level="INFO">${json} = [60]</msg>
<var>${json}</var>
<arg>${resp.json()}</arg>
<arg>count</arg>
<doc>Get Value From JSON using JSONPath</doc>
<status status="PASS" start="2025-07-02T10:10:43.663675" elapsed="0.021842"/>
</kw>
<kw name="Should Be True" owner="BuiltIn">
<arg>${resp.json()}[count] &gt; 0</arg>
<arg>Count should be greater than 0</arg>
<doc>Fails if the given condition is not true.</doc>
<status status="PASS" start="2025-07-02T10:10:43.685739" elapsed="0.000736"/>
</kw>
<kw name="Get Value From Json" owner="JSONLibrary">
<msg time="2025-07-02T10:10:43.699872" level="INFO">${results} = [[{'name': 'Tatooine', 'rotation_period': '23', 'orbital_period': '304', 'diameter': '10465', 'climate': 'arid', 'gravity': '1 standard', 'terrain': 'desert', 'surface_water': '1', 'population': '2000...</msg>
<var>${results}</var>
<arg>${resp.json()}</arg>
<arg>results</arg>
<doc>Get Value From JSON using JSONPath</doc>
<status status="PASS" start="2025-07-02T10:10:43.686600" elapsed="0.013298"/>
</kw>
<kw name="Should Be True" owner="BuiltIn">
<arg>len(${results}) &gt; 0</arg>
<arg>Results list should not be empty</arg>
<doc>Fails if the given condition is not true.</doc>
<status status="PASS" start="2025-07-02T10:10:43.700009" elapsed="0.000689"/>
</kw>
<kw name="Get Value From Json" owner="JSONLibrary">
<msg time="2025-07-02T10:10:43.711238" level="INFO">${first} = [{'name': 'Tatooine', 'rotation_period': '23', 'orbital_period': '304', 'diameter': '10465', 'climate': 'arid', 'gravity': '1 standard', 'terrain': 'desert', 'surface_water': '1', 'population': '20000...</msg>
<var>${first}</var>
<arg>${resp.json()}</arg>
<arg>results[0]</arg>
<doc>Get Value From JSON using JSONPath</doc>
<status status="PASS" start="2025-07-02T10:10:43.700793" elapsed="0.010467"/>
</kw>
<kw name="Should Not Be Empty" owner="BuiltIn">
<msg time="2025-07-02T10:10:43.711434" level="INFO">Length is 885.</msg>
<arg>${first}\[name]</arg>
<doc>Verifies that the given item is not empty.</doc>
<status status="PASS" start="2025-07-02T10:10:43.711352" elapsed="0.000100"/>
</kw>
<kw name="Should Contain" owner="BuiltIn">
<arg>${first}\[name]</arg>
<arg>Tatooine</arg>
<doc>Fails if ``container`` does not contain ``item`` one or more times.</doc>
<status status="PASS" start="2025-07-02T10:10:43.711520" elapsed="0.000071"/>
</kw>
<kw name="Should Contain" owner="BuiltIn">
<arg>${first}\[climate]</arg>
<arg>arid</arg>
<doc>Fails if ``container`` does not contain ``item`` one or more times.</doc>
<status status="PASS" start="2025-07-02T10:10:43.711645" elapsed="0.000059"/>
</kw>
<kw name="Should Contain" owner="BuiltIn">
<arg>${first}\[terrain]</arg>
<arg>desert</arg>
<doc>Fails if ``container`` does not contain ``item`` one or more times.</doc>
<status status="PASS" start="2025-07-02T10:10:43.711752" elapsed="0.000057"/>
</kw>
<kw name="Should Contain" owner="BuiltIn">
<arg>${first}\[surface_water]</arg>
<arg>1</arg>
<doc>Fails if ``container`` does not contain ``item`` one or more times.</doc>
<status status="PASS" start="2025-07-02T10:10:43.711858" elapsed="0.000061"/>
</kw>
<kw name="Should Contain" owner="BuiltIn">
<arg>${first}\[population]</arg>
<arg>200000</arg>
<doc>Fails if ``container`` does not contain ``item`` one or more times.</doc>
<status status="PASS" start="2025-07-02T10:10:43.711967" elapsed="0.000056"/>
</kw>
<doc>驗證 GET /planets/ 回傳星球列表：200、count、results 結構</doc>
<status status="PASS" start="2025-07-02T10:10:42.358928" elapsed="1.353158"/>
</test>
<status status="PASS" start="2025-07-02T10:10:42.356847" elapsed="1.355359"/>
</suite>
<status status="PASS" start="2025-07-02T10:10:36.223284" elapsed="7.489136"/>
</suite>
<status status="PASS" start="2025-07-02T10:10:36.214980" elapsed="7.497632"/>
</suite>
<statistics>
<total>
<stat pass="5" fail="0" skip="0">All Tests</stat>
</total>
<tag>
</tag>
<suite>
<stat name="Robotapi" id="s1" pass="5" fail="0" skip="0">Robotapi</stat>
<stat name="Tests" id="s1-s1" pass="5" fail="0" skip="0">Robotapi.Tests</stat>
<stat name="GetPeople" id="s1-s1-s1" pass="1" fail="0" skip="0">Robotapi.Tests.GetPeople</stat>
<stat name="GetPeopleOne" id="s1-s1-s2" pass="1" fail="0" skip="0">Robotapi.Tests.GetPeopleOne</stat>
<stat name="GetPeopleSearch" id="s1-s1-s3" pass="2" fail="0" skip="0">Robotapi.Tests.GetPeopleSearch</stat>
<stat name="GetPlanetsList" id="s1-s1-s4" pass="1" fail="0" skip="0">Robotapi.Tests.GetPlanetsList</stat>
</suite>
</statistics>
<errors>
</errors>
</robot>
