<?xml version="1.0" encoding="UTF-8"?>
<robot generator="Robot 7.2.2 (Python 3.13.1 on darwin)" generated="2025-07-01T17:10:59.679552" rpa="false" schemaversion="5">
<suite id="s1" name="Tests" source="/Users/angela/Downloads/robotapi/tests">
<suite id="s1-s1" name="GetPeople" source="/Users/angela/Downloads/robotapi/tests/GetPeople.robot">
<test id="s1-s1-t1" name="Get People List" line="12">
<kw name="Connect To Swapi and Get Status" owner="resources">
<kw name="Create Session" owner="RequestsLibrary">
<msg time="2025-07-01T17:10:59.743701" level="INFO">Creating Session using : alias=swapi, url=https://swapi.dev/api, headers={},                     cookies={}, auth=None, timeout=None, proxies=None, verify=False,                     debug=0 </msg>
<arg>swapi</arg>
<arg>${BASE_URL}</arg>
<doc>Create Session: create a HTTP session to a server</doc>
<status status="PASS" start="2025-07-01T17:10:59.743638" elapsed="0.000144"/>
</kw>
<kw name="Get Request" owner="RequestsLibrary">
<msg time="2025-07-01T17:10:59.743841" level="WARN">Keyword 'RequestsLibrary.Get Request' is deprecated. Please use `GET On Session` instead.</msg>
<msg time="2025-07-01T17:11:00.905121" level="INFO">GET Request : url=https://swapi.dev/api/people/ 
 path_url=/api/people/ 
 headers={'User-Agent': 'python-requests/2.32.4', 'Accept-Encoding': 'gzip, deflate', 'Accept': '*/*', 'Connection': 'keep-alive'} 
 body=None 
 </msg>
<msg time="2025-07-01T17:11:00.905472" level="INFO">GET Response : url=https://swapi.dev/api/people/ 
 status=200, reason=OK 
 headers={'Server': 'nginx/1.16.1', 'Date': 'Tue, 01 Jul 2025 09:11:00 GMT', 'Content-Type': 'application/json', 'Transfer-Encoding': 'chunked', 'Connection': 'keep-alive', 'Vary': 'Accept, Cookie', 'X-Frame-Options': 'SAMEORIGIN', 'ETag': '"b493126da505af6fec015ec116fec193"', 'Allow': 'GET, HEAD, OPTIONS', 'Strict-Transport-Security': 'max-age=15768000'} 
 body={"count":82,"next":"https://swapi.dev/api/people/?page=2","previous":null,"results":[{"name":"Luke Skywalker","height":"172","mass":"77","hair_color":"blond","skin_color":"fair","eye_color":"blue","birth_year":"19BBY","gender":"male","homeworld":"https://swapi.dev/api/planets/1/","films":["https://swapi.dev/api/films/1/","https://swapi.dev/api/films/2/","https://swapi.dev/api/films/3/","https://swapi.dev/api/films/6/"],"species":[],"vehicles":["https://swapi.dev/api/vehicles/14/","https://swapi.dev/api/vehicles/30/"],"starships":["https://swapi.dev/api/starships/12/","https://swapi.dev/api/starships/22/"],"created":"2014-12-09T13:50:51.644000Z","edited":"2014-12-20T21:17:56.891000Z","url":"https://swapi.dev/api/people/1/"},{"name":"C-3PO","height":"167","mass":"75","hair_color":"n/a","skin_color":"gold","eye_color":"yellow","birth_year":"112BBY","gender":"n/a","homeworld":"https://swapi.dev/api/planets/1/","films":["https://swapi.dev/api/films/1/","https://swapi.dev/api/films/2/","https://swapi.dev/api/films/3/","https://swapi.dev/api/films/4/","https://swapi.dev/api/films/5/","https://swapi.dev/api/films/6/"],"species":["https://swapi.dev/api/species/2/"],"vehicles":[],"starships":[],"created":"2014-12-10T15:10:51.357000Z","edited":"2014-12-20T21:17:50.309000Z","url":"https://swapi.dev/api/people/2/"},{"name":"R2-D2","height":"96","mass":"32","hair_color":"n/a","skin_color":"white, blue","eye_color":"red","birth_year":"33BBY","gender":"n/a","homeworld":"https://swapi.dev/api/planets/8/","films":["https://swapi.dev/api/films/1/","https://swapi.dev/api/films/2/","https://swapi.dev/api/films/3/","https://swapi.dev/api/films/4/","https://swapi.dev/api/films/5/","https://swapi.dev/api/films/6/"],"species":["https://swapi.dev/api/species/2/"],"vehicles":[],"starships":[],"created":"2014-12-10T15:11:50.376000Z","edited":"2014-12-20T21:17:50.311000Z","url":"https://swapi.dev/api/people/3/"},{"name":"Darth Vader","height":"202","mass":"136","hair_color":"none","skin_color":"white","eye_color":"yellow","birth_year":"41.9BBY","gender":"male","homeworld":"https://swapi.dev/api/planets/1/","films":["https://swapi.dev/api/films/1/","https://swapi.dev/api/films/2/","https://swapi.dev/api/films/3/","https://swapi.dev/api/films/6/"],"species":[],"vehicles":[],"starships":["https://swapi.dev/api/starships/13/"],"created":"2014-12-10T15:18:20.704000Z","edited":"2014-12-20T21:17:50.313000Z","url":"https://swapi.dev/api/people/4/"},{"name":"Leia Organa","height":"150","mass":"49","hair_color":"brown","skin_color":"light","eye_color":"brown","birth_year":"19BBY","gender":"female","homeworld":"https://swapi.dev/api/planets/2/","films":["https://swapi.dev/api/films/1/","https://swapi.dev/api/films/2/","https://swapi.dev/api/films/3/","https://swapi.dev/api/films/6/"],"species":[],"vehicles":["https://swapi.dev/api/vehicles/30/"],"starships":[],"created":"2014-12-10T15:20:09.791000Z","edited":"2014-12-20T21:17:50.315000Z","url":"https://swapi.dev/api/people/5/"},{"name":"Owen Lars","height":"178","mass":"120","hair_color":"brown, grey","skin_color":"light","eye_color":"blue","birth_year":"52BBY","gender":"male","homeworld":"https://swapi.dev/api/planets/1/","films":["https://swapi.dev/api/films/1/","https://swapi.dev/api/films/5/","https://swapi.dev/api/films/6/"],"species":[],"vehicles":[],"starships":[],"created":"2014-12-10T15:52:14.024000Z","edited":"2014-12-20T21:17:50.317000Z","url":"https://swapi.dev/api/people/6/"},{"name":"Beru Whitesun lars","height":"165","mass":"75","hair_color":"brown","skin_color":"light","eye_color":"blue","birth_year":"47BBY","gender":"female","homeworld":"https://swapi.dev/api/planets/1/","films":["https://swapi.dev/api/films/1/","https://swapi.dev/api/films/5/","https://swapi.dev/api/films/6/"],"species":[],"vehicles":[],"starships":[],"created":"2014-12-10T15:53:41.121000Z","edited":"2014-12-20T21:17:50.319000Z","url":"https://swapi.dev/api/people/7/"},{"name":"R5-D4","height":"97","mass":"32","hair_color":"n/a","skin_color":"white, red","eye_color":"red","birth_year":"unknown","gender":"n/a","homeworld":"https://swapi.dev/api/planets/1/","films":["https://swapi.dev/api/films/1/"],"species":["https://swapi.dev/api/species/2/"],"vehicles":[],"starships":[],"created":"2014-12-10T15:57:50.959000Z","edited":"2014-12-20T21:17:50.321000Z","url":"https://swapi.dev/api/people/8/"},{"name":"Biggs Darklighter","height":"183","mass":"84","hair_color":"black","skin_color":"light","eye_color":"brown","birth_year":"24BBY","gender":"male","homeworld":"https://swapi.dev/api/planets/1/","films":["https://swapi.dev/api/films/1/"],"species":[],"vehicles":[],"starships":["https://swapi.dev/api/starships/12/"],"created":"2014-12-10T15:59:50.509000Z","edited":"2014-12-20T21:17:50.323000Z","url":"https://swapi.dev/api/people/9/"},{"name":"Obi-Wan Kenobi","height":"182","mass":"77","hair_color":"auburn, white","skin_color":"fair","eye_color":"blue-gray","birth_year":"57BBY","gender":"male","homeworld":"https://swapi.dev/api/planets/20/","films":["https://swapi.dev/api/films/1/","https://swapi.dev/api/films/2/","https://swapi.dev/api/films/3/","https://swapi.dev/api/films/4/","https://swapi.dev/api/films/5/","https://swapi.dev/api/films/6/"],"species":[],"vehicles":["https://swapi.dev/api/vehicles/38/"],"starships":["https://swapi.dev/api/starships/48/","https://swapi.dev/api/starships/59/","https://swapi.dev/api/starships/64/","https://swapi.dev/api/starships/65/","https://swapi.dev/api/starships/74/"],"created":"2014-12-10T16:16:29.192000Z","edited":"2014-12-20T21:17:50.325000Z","url":"https://swapi.dev/api/people/10/"}]} 
 </msg>
<msg time="2025-07-01T17:11:00.905761" level="INFO">/Library/Frameworks/Python.framework/Versions/3.13/lib/python3.13/site-packages/urllib3/connectionpool.py:1097: InsecureRequestWarning: Unverified HTTPS request is being made to host 'swapi.dev'. Adding certificate verification is strongly advised. See: https://urllib3.readthedocs.io/en/latest/advanced-usage.html#tls-warnings
  warnings.warn(</msg>
<msg time="2025-07-01T17:11:00.906111" level="INFO">${resp} = &lt;Response [200]&gt;</msg>
<var>${resp}</var>
<arg>swapi</arg>
<arg>${ENDPOINT}</arg>
<doc>*DEPRECATED* Please use `GET On Session` instead.</doc>
<status status="PASS" start="2025-07-01T17:10:59.743832" elapsed="1.162345"/>
</kw>
<kw name="Status Should Be" owner="RequestsLibrary">
<arg>200</arg>
<arg>${resp}</arg>
<doc>Fails if response status code is different than the expected.</doc>
<status status="PASS" start="2025-07-01T17:11:00.906642" elapsed="0.000415"/>
</kw>
<status status="PASS" start="2025-07-01T17:10:59.743456" elapsed="1.163703"/>
</kw>
<kw name="Get Request" owner="RequestsLibrary">
<msg time="2025-07-01T17:11:00.907397" level="WARN">Keyword 'RequestsLibrary.Get Request' is deprecated. Please use `GET On Session` instead.</msg>
<msg time="2025-07-01T17:11:01.217865" level="INFO">GET Request : url=https://swapi.dev/api/people/ 
 path_url=/api/people/ 
 headers={'User-Agent': 'python-requests/2.32.4', 'Accept-Encoding': 'gzip, deflate', 'Accept': '*/*', 'Connection': 'keep-alive'} 
 body=None 
 </msg>
<msg time="2025-07-01T17:11:01.218108" level="INFO">GET Response : url=https://swapi.dev/api/people/ 
 status=200, reason=OK 
 headers={'Server': 'nginx/1.16.1', 'Date': 'Tue, 01 Jul 2025 09:11:01 GMT', 'Content-Type': 'application/json', 'Transfer-Encoding': 'chunked', 'Connection': 'keep-alive', 'Vary': 'Accept, Cookie', 'X-Frame-Options': 'SAMEORIGIN', 'ETag': '"b493126da505af6fec015ec116fec193"', 'Allow': 'GET, HEAD, OPTIONS', 'Strict-Transport-Security': 'max-age=15768000'} 
 body={"count":82,"next":"https://swapi.dev/api/people/?page=2","previous":null,"results":[{"name":"Luke Skywalker","height":"172","mass":"77","hair_color":"blond","skin_color":"fair","eye_color":"blue","birth_year":"19BBY","gender":"male","homeworld":"https://swapi.dev/api/planets/1/","films":["https://swapi.dev/api/films/1/","https://swapi.dev/api/films/2/","https://swapi.dev/api/films/3/","https://swapi.dev/api/films/6/"],"species":[],"vehicles":["https://swapi.dev/api/vehicles/14/","https://swapi.dev/api/vehicles/30/"],"starships":["https://swapi.dev/api/starships/12/","https://swapi.dev/api/starships/22/"],"created":"2014-12-09T13:50:51.644000Z","edited":"2014-12-20T21:17:56.891000Z","url":"https://swapi.dev/api/people/1/"},{"name":"C-3PO","height":"167","mass":"75","hair_color":"n/a","skin_color":"gold","eye_color":"yellow","birth_year":"112BBY","gender":"n/a","homeworld":"https://swapi.dev/api/planets/1/","films":["https://swapi.dev/api/films/1/","https://swapi.dev/api/films/2/","https://swapi.dev/api/films/3/","https://swapi.dev/api/films/4/","https://swapi.dev/api/films/5/","https://swapi.dev/api/films/6/"],"species":["https://swapi.dev/api/species/2/"],"vehicles":[],"starships":[],"created":"2014-12-10T15:10:51.357000Z","edited":"2014-12-20T21:17:50.309000Z","url":"https://swapi.dev/api/people/2/"},{"name":"R2-D2","height":"96","mass":"32","hair_color":"n/a","skin_color":"white, blue","eye_color":"red","birth_year":"33BBY","gender":"n/a","homeworld":"https://swapi.dev/api/planets/8/","films":["https://swapi.dev/api/films/1/","https://swapi.dev/api/films/2/","https://swapi.dev/api/films/3/","https://swapi.dev/api/films/4/","https://swapi.dev/api/films/5/","https://swapi.dev/api/films/6/"],"species":["https://swapi.dev/api/species/2/"],"vehicles":[],"starships":[],"created":"2014-12-10T15:11:50.376000Z","edited":"2014-12-20T21:17:50.311000Z","url":"https://swapi.dev/api/people/3/"},{"name":"Darth Vader","height":"202","mass":"136","hair_color":"none","skin_color":"white","eye_color":"yellow","birth_year":"41.9BBY","gender":"male","homeworld":"https://swapi.dev/api/planets/1/","films":["https://swapi.dev/api/films/1/","https://swapi.dev/api/films/2/","https://swapi.dev/api/films/3/","https://swapi.dev/api/films/6/"],"species":[],"vehicles":[],"starships":["https://swapi.dev/api/starships/13/"],"created":"2014-12-10T15:18:20.704000Z","edited":"2014-12-20T21:17:50.313000Z","url":"https://swapi.dev/api/people/4/"},{"name":"Leia Organa","height":"150","mass":"49","hair_color":"brown","skin_color":"light","eye_color":"brown","birth_year":"19BBY","gender":"female","homeworld":"https://swapi.dev/api/planets/2/","films":["https://swapi.dev/api/films/1/","https://swapi.dev/api/films/2/","https://swapi.dev/api/films/3/","https://swapi.dev/api/films/6/"],"species":[],"vehicles":["https://swapi.dev/api/vehicles/30/"],"starships":[],"created":"2014-12-10T15:20:09.791000Z","edited":"2014-12-20T21:17:50.315000Z","url":"https://swapi.dev/api/people/5/"},{"name":"Owen Lars","height":"178","mass":"120","hair_color":"brown, grey","skin_color":"light","eye_color":"blue","birth_year":"52BBY","gender":"male","homeworld":"https://swapi.dev/api/planets/1/","films":["https://swapi.dev/api/films/1/","https://swapi.dev/api/films/5/","https://swapi.dev/api/films/6/"],"species":[],"vehicles":[],"starships":[],"created":"2014-12-10T15:52:14.024000Z","edited":"2014-12-20T21:17:50.317000Z","url":"https://swapi.dev/api/people/6/"},{"name":"Beru Whitesun lars","height":"165","mass":"75","hair_color":"brown","skin_color":"light","eye_color":"blue","birth_year":"47BBY","gender":"female","homeworld":"https://swapi.dev/api/planets/1/","films":["https://swapi.dev/api/films/1/","https://swapi.dev/api/films/5/","https://swapi.dev/api/films/6/"],"species":[],"vehicles":[],"starships":[],"created":"2014-12-10T15:53:41.121000Z","edited":"2014-12-20T21:17:50.319000Z","url":"https://swapi.dev/api/people/7/"},{"name":"R5-D4","height":"97","mass":"32","hair_color":"n/a","skin_color":"white, red","eye_color":"red","birth_year":"unknown","gender":"n/a","homeworld":"https://swapi.dev/api/planets/1/","films":["https://swapi.dev/api/films/1/"],"species":["https://swapi.dev/api/species/2/"],"vehicles":[],"starships":[],"created":"2014-12-10T15:57:50.959000Z","edited":"2014-12-20T21:17:50.321000Z","url":"https://swapi.dev/api/people/8/"},{"name":"Biggs Darklighter","height":"183","mass":"84","hair_color":"black","skin_color":"light","eye_color":"brown","birth_year":"24BBY","gender":"male","homeworld":"https://swapi.dev/api/planets/1/","films":["https://swapi.dev/api/films/1/"],"species":[],"vehicles":[],"starships":["https://swapi.dev/api/starships/12/"],"created":"2014-12-10T15:59:50.509000Z","edited":"2014-12-20T21:17:50.323000Z","url":"https://swapi.dev/api/people/9/"},{"name":"Obi-Wan Kenobi","height":"182","mass":"77","hair_color":"auburn, white","skin_color":"fair","eye_color":"blue-gray","birth_year":"57BBY","gender":"male","homeworld":"https://swapi.dev/api/planets/20/","films":["https://swapi.dev/api/films/1/","https://swapi.dev/api/films/2/","https://swapi.dev/api/films/3/","https://swapi.dev/api/films/4/","https://swapi.dev/api/films/5/","https://swapi.dev/api/films/6/"],"species":[],"vehicles":["https://swapi.dev/api/vehicles/38/"],"starships":["https://swapi.dev/api/starships/48/","https://swapi.dev/api/starships/59/","https://swapi.dev/api/starships/64/","https://swapi.dev/api/starships/65/","https://swapi.dev/api/starships/74/"],"created":"2014-12-10T16:16:29.192000Z","edited":"2014-12-20T21:17:50.325000Z","url":"https://swapi.dev/api/people/10/"}]} 
 </msg>
<msg time="2025-07-01T17:11:01.218369" level="INFO">/Library/Frameworks/Python.framework/Versions/3.13/lib/python3.13/site-packages/urllib3/connectionpool.py:1097: InsecureRequestWarning: Unverified HTTPS request is being made to host 'swapi.dev'. Adding certificate verification is strongly advised. See: https://urllib3.readthedocs.io/en/latest/advanced-usage.html#tls-warnings
  warnings.warn(</msg>
<msg time="2025-07-01T17:11:01.218708" level="INFO">${resp} = &lt;Response [200]&gt;</msg>
<var>${resp}</var>
<arg>swapi</arg>
<arg>${ENDPOINT}</arg>
<doc>*DEPRECATED* Please use `GET On Session` instead.</doc>
<status status="PASS" start="2025-07-01T17:11:00.907367" elapsed="0.311403"/>
</kw>
<kw name="Get Value From Json" owner="JSONLibrary">
<msg time="2025-07-01T17:11:01.242493" level="INFO">${json} = [82]</msg>
<var>${json}</var>
<arg>${resp.json()}</arg>
<arg>count</arg>
<doc>Get Value From JSON using JSONPath</doc>
<status status="PASS" start="2025-07-01T17:11:01.219195" elapsed="0.023338"/>
</kw>
<kw name="Should Be True" owner="BuiltIn">
<arg>${resp.json()}[count] &gt; 0</arg>
<arg>Count should be greater than 0</arg>
<doc>Fails if the given condition is not true.</doc>
<status status="PASS" start="2025-07-01T17:11:01.242709" elapsed="0.000547"/>
</kw>
<kw name="Get Value From Json" owner="JSONLibrary">
<msg time="2025-07-01T17:11:01.256115" level="INFO">${results} = [[{'name': 'Luke Skywalker', 'height': '172', 'mass': '77', 'hair_color': 'blond', 'skin_color': 'fair', 'eye_color': 'blue', 'birth_year': '19BBY', 'gender': 'male', 'homeworld': 'https://swapi.dev/a...</msg>
<var>${results}</var>
<arg>${resp.json()}</arg>
<arg>results</arg>
<doc>Get Value From JSON using JSONPath</doc>
<status status="PASS" start="2025-07-01T17:11:01.243414" elapsed="0.012729"/>
</kw>
<kw name="Should Be True" owner="BuiltIn">
<arg>len(${results}) &gt; 0</arg>
<arg>Results list should not be empty</arg>
<doc>Fails if the given condition is not true.</doc>
<status status="PASS" start="2025-07-01T17:11:01.256263" elapsed="0.000726"/>
</kw>
<kw name="Get Value From Json" owner="JSONLibrary">
<msg time="2025-07-01T17:11:01.267325" level="INFO">${first} = [{'name': 'Luke Skywalker', 'height': '172', 'mass': '77', 'hair_color': 'blond', 'skin_color': 'fair', 'eye_color': 'blue', 'birth_year': '19BBY', 'gender': 'male', 'homeworld': 'https://swapi.dev/ap...</msg>
<var>${first}</var>
<arg>${resp.json()}</arg>
<arg>results[0]</arg>
<doc>Get Value From JSON using JSONPath</doc>
<status status="PASS" start="2025-07-01T17:11:01.257070" elapsed="0.010280"/>
</kw>
<kw name="Should Not Be Empty" owner="BuiltIn">
<msg time="2025-07-01T17:11:01.267540" level="INFO">Length is 691.</msg>
<arg>${first}\[name]</arg>
<doc>Verifies that the given item is not empty.</doc>
<status status="PASS" start="2025-07-01T17:11:01.267444" elapsed="0.000117"/>
</kw>
<kw name="Should Not Be Empty" owner="BuiltIn">
<msg time="2025-07-01T17:11:01.267751" level="INFO">Length is 693.</msg>
<arg>${first}\[gender]</arg>
<doc>Verifies that the given item is not empty.</doc>
<status status="PASS" start="2025-07-01T17:11:01.267653" elapsed="0.000126"/>
</kw>
<kw name="Should Not Be Empty" owner="BuiltIn">
<msg time="2025-07-01T17:11:01.267910" level="INFO">Length is 697.</msg>
<arg>${first}\[birth_year]</arg>
<doc>Verifies that the given item is not empty.</doc>
<status status="PASS" start="2025-07-01T17:11:01.267846" elapsed="0.000084"/>
</kw>
<doc>驗證 GET /people/ 回傳人物列表：200、count、results 結構</doc>
<status status="PASS" start="2025-07-01T17:10:59.742921" elapsed="1.525094"/>
</test>
<status status="PASS" start="2025-07-01T17:10:59.687563" elapsed="1.580655"/>
</suite>
<suite id="s1-s2" name="GetPeopleOne" source="/Users/angela/Downloads/robotapi/tests/GetPeopleOne.robot">
<test id="s1-s2-t1" name="Get People One" line="11">
<kw name="Connect To Swapi and Get Status" owner="resources">
<kw name="Create Session" owner="RequestsLibrary">
<msg time="2025-07-01T17:11:01.270710" level="INFO">Creating Session using : alias=swapi, url=https://swapi.dev/api, headers={},                     cookies={}, auth=None, timeout=None, proxies=None, verify=False,                     debug=0 </msg>
<arg>swapi</arg>
<arg>${BASE_URL}</arg>
<doc>Create Session: create a HTTP session to a server</doc>
<status status="PASS" start="2025-07-01T17:11:01.270634" elapsed="0.000241"/>
</kw>
<kw name="Get Request" owner="RequestsLibrary">
<msg time="2025-07-01T17:11:01.270947" level="WARN">Keyword 'RequestsLibrary.Get Request' is deprecated. Please use `GET On Session` instead.</msg>
<msg time="2025-07-01T17:11:02.527583" level="INFO">GET Request : url=https://swapi.dev/api/people/1/ 
 path_url=/api/people/1/ 
 headers={'User-Agent': 'python-requests/2.32.4', 'Accept-Encoding': 'gzip, deflate', 'Accept': '*/*', 'Connection': 'keep-alive'} 
 body=None 
 </msg>
<msg time="2025-07-01T17:11:02.527793" level="INFO">GET Response : url=https://swapi.dev/api/people/1/ 
 status=200, reason=OK 
 headers={'Server': 'nginx/1.16.1', 'Date': 'Tue, 01 Jul 2025 09:11:02 GMT', 'Content-Type': 'application/json', 'Transfer-Encoding': 'chunked', 'Connection': 'keep-alive', 'Vary': 'Accept, Cookie', 'X-Frame-Options': 'SAMEORIGIN', 'ETag': '"ee398610435c328f4d0a4e1b0d2f7bbc"', 'Allow': 'GET, HEAD, OPTIONS', 'Strict-Transport-Security': 'max-age=15768000'} 
 body={"name":"Luke Skywalker","height":"172","mass":"77","hair_color":"blond","skin_color":"fair","eye_color":"blue","birth_year":"19BBY","gender":"male","homeworld":"https://swapi.dev/api/planets/1/","films":["https://swapi.dev/api/films/1/","https://swapi.dev/api/films/2/","https://swapi.dev/api/films/3/","https://swapi.dev/api/films/6/"],"species":[],"vehicles":["https://swapi.dev/api/vehicles/14/","https://swapi.dev/api/vehicles/30/"],"starships":["https://swapi.dev/api/starships/12/","https://swapi.dev/api/starships/22/"],"created":"2014-12-09T13:50:51.644000Z","edited":"2014-12-20T21:17:56.891000Z","url":"https://swapi.dev/api/people/1/"} 
 </msg>
<msg time="2025-07-01T17:11:02.527939" level="INFO">/Library/Frameworks/Python.framework/Versions/3.13/lib/python3.13/site-packages/urllib3/connectionpool.py:1097: InsecureRequestWarning: Unverified HTTPS request is being made to host 'swapi.dev'. Adding certificate verification is strongly advised. See: https://urllib3.readthedocs.io/en/latest/advanced-usage.html#tls-warnings
  warnings.warn(</msg>
<msg time="2025-07-01T17:11:02.528207" level="INFO">${resp} = &lt;Response [200]&gt;</msg>
<var>${resp}</var>
<arg>swapi</arg>
<arg>${ENDPOINT}</arg>
<doc>*DEPRECATED* Please use `GET On Session` instead.</doc>
<status status="PASS" start="2025-07-01T17:11:01.270936" elapsed="1.257328"/>
</kw>
<kw name="Status Should Be" owner="RequestsLibrary">
<arg>200</arg>
<arg>${resp}</arg>
<doc>Fails if response status code is different than the expected.</doc>
<status status="PASS" start="2025-07-01T17:11:02.528615" elapsed="0.000421"/>
</kw>
<status status="PASS" start="2025-07-01T17:11:01.270504" elapsed="1.258672"/>
</kw>
<kw name="Get Request" owner="RequestsLibrary">
<msg time="2025-07-01T17:11:02.529452" level="WARN">Keyword 'RequestsLibrary.Get Request' is deprecated. Please use `GET On Session` instead.</msg>
<msg time="2025-07-01T17:11:02.834629" level="INFO">GET Request : url=https://swapi.dev/api/people/1/ 
 path_url=/api/people/1/ 
 headers={'User-Agent': 'python-requests/2.32.4', 'Accept-Encoding': 'gzip, deflate', 'Accept': '*/*', 'Connection': 'keep-alive'} 
 body=None 
 </msg>
<msg time="2025-07-01T17:11:02.834851" level="INFO">GET Response : url=https://swapi.dev/api/people/1/ 
 status=200, reason=OK 
 headers={'Server': 'nginx/1.16.1', 'Date': 'Tue, 01 Jul 2025 09:11:02 GMT', 'Content-Type': 'application/json', 'Transfer-Encoding': 'chunked', 'Connection': 'keep-alive', 'Vary': 'Accept, Cookie', 'X-Frame-Options': 'SAMEORIGIN', 'ETag': '"ee398610435c328f4d0a4e1b0d2f7bbc"', 'Allow': 'GET, HEAD, OPTIONS', 'Strict-Transport-Security': 'max-age=15768000'} 
 body={"name":"Luke Skywalker","height":"172","mass":"77","hair_color":"blond","skin_color":"fair","eye_color":"blue","birth_year":"19BBY","gender":"male","homeworld":"https://swapi.dev/api/planets/1/","films":["https://swapi.dev/api/films/1/","https://swapi.dev/api/films/2/","https://swapi.dev/api/films/3/","https://swapi.dev/api/films/6/"],"species":[],"vehicles":["https://swapi.dev/api/vehicles/14/","https://swapi.dev/api/vehicles/30/"],"starships":["https://swapi.dev/api/starships/12/","https://swapi.dev/api/starships/22/"],"created":"2014-12-09T13:50:51.644000Z","edited":"2014-12-20T21:17:56.891000Z","url":"https://swapi.dev/api/people/1/"} 
 </msg>
<msg time="2025-07-01T17:11:02.834993" level="INFO">/Library/Frameworks/Python.framework/Versions/3.13/lib/python3.13/site-packages/urllib3/connectionpool.py:1097: InsecureRequestWarning: Unverified HTTPS request is being made to host 'swapi.dev'. Adding certificate verification is strongly advised. See: https://urllib3.readthedocs.io/en/latest/advanced-usage.html#tls-warnings
  warnings.warn(</msg>
<msg time="2025-07-01T17:11:02.835266" level="INFO">${resp} = &lt;Response [200]&gt;</msg>
<var>${resp}</var>
<arg>swapi</arg>
<arg>${ENDPOINT}</arg>
<doc>*DEPRECATED* Please use `GET On Session` instead.</doc>
<status status="PASS" start="2025-07-01T17:11:02.529410" elapsed="0.305914"/>
</kw>
<kw name="Get Value From Json" owner="JSONLibrary">
<msg time="2025-07-01T17:11:02.858831" level="INFO">${name} = ['Luke Skywalker']</msg>
<var>${name}</var>
<arg>${resp.json()}</arg>
<arg>name</arg>
<doc>Get Value From JSON using JSONPath</doc>
<status status="PASS" start="2025-07-01T17:11:02.835725" elapsed="0.023186"/>
</kw>
<kw name="Should Contain" owner="BuiltIn">
<arg>${name}</arg>
<arg>Luke Skywalker</arg>
<doc>Fails if ``container`` does not contain ``item`` one or more times.</doc>
<status status="PASS" start="2025-07-01T17:11:02.859052" elapsed="0.000115"/>
</kw>
<kw name="Get Value From Json" owner="JSONLibrary">
<msg time="2025-07-01T17:11:02.870688" level="INFO">${height} = ['172']</msg>
<var>${height}</var>
<arg>${resp.json()}</arg>
<arg>height</arg>
<doc>Get Value From JSON using JSONPath</doc>
<status status="PASS" start="2025-07-01T17:11:02.859249" elapsed="0.011460"/>
</kw>
<kw name="Should Contain" owner="BuiltIn">
<arg>${height}</arg>
<arg>172</arg>
<doc>Fails if ``container`` does not contain ``item`` one or more times.</doc>
<status status="PASS" start="2025-07-01T17:11:02.870809" elapsed="0.000083"/>
</kw>
<kw name="Get Value From Json" owner="JSONLibrary">
<msg time="2025-07-01T17:11:02.880704" level="INFO">${mass} = ['77']</msg>
<var>${mass}</var>
<arg>${resp.json()}</arg>
<arg>mass</arg>
<doc>Get Value From JSON using JSONPath</doc>
<status status="PASS" start="2025-07-01T17:11:02.870955" elapsed="0.009770"/>
</kw>
<kw name="Should Contain" owner="BuiltIn">
<arg>${mass}</arg>
<arg>77</arg>
<doc>Fails if ``container`` does not contain ``item`` one or more times.</doc>
<status status="PASS" start="2025-07-01T17:11:02.880827" elapsed="0.000083"/>
</kw>
<doc>驗證 GET /people/1/ 回傳人物資料：200、name、gender、birth_year 結構</doc>
<status status="PASS" start="2025-07-01T17:11:01.269695" elapsed="1.611289"/>
</test>
<status status="PASS" start="2025-07-01T17:11:01.268398" elapsed="1.612722"/>
</suite>
<suite id="s1-s3" name="GetPlanetsList" source="/Users/angela/Downloads/robotapi/tests/GetPlanetsList.robot">
<test id="s1-s3-t1" name="Get Planets List" line="11">
<kw name="Connect To Swapi and Get Status" owner="resources">
<kw name="Create Session" owner="RequestsLibrary">
<msg time="2025-07-01T17:11:02.882947" level="INFO">Creating Session using : alias=swapi, url=https://swapi.dev/api, headers={},                     cookies={}, auth=None, timeout=None, proxies=None, verify=False,                     debug=0 </msg>
<arg>swapi</arg>
<arg>${BASE_URL}</arg>
<doc>Create Session: create a HTTP session to a server</doc>
<status status="PASS" start="2025-07-01T17:11:02.882890" elapsed="0.000129"/>
</kw>
<kw name="Get Request" owner="RequestsLibrary">
<msg time="2025-07-01T17:11:02.883074" level="WARN">Keyword 'RequestsLibrary.Get Request' is deprecated. Please use `GET On Session` instead.</msg>
<msg time="2025-07-01T17:11:04.306647" level="INFO">GET Request : url=https://swapi.dev/api/planets/ 
 path_url=/api/planets/ 
 headers={'User-Agent': 'python-requests/2.32.4', 'Accept-Encoding': 'gzip, deflate', 'Accept': '*/*', 'Connection': 'keep-alive'} 
 body=None 
 </msg>
<msg time="2025-07-01T17:11:04.306748" level="INFO">GET Response : url=https://swapi.dev/api/planets/ 
 status=200, reason=OK 
 headers={'Server': 'nginx/1.16.1', 'Date': 'Tue, 01 Jul 2025 09:11:04 GMT', 'Content-Type': 'application/json', 'Transfer-Encoding': 'chunked', 'Connection': 'keep-alive', 'Vary': 'Accept, Cookie', 'X-Frame-Options': 'SAMEORIGIN', 'ETag': '"bc01c94507d5dcf4829b239cde8748fb"', 'Allow': 'GET, HEAD, OPTIONS', 'Strict-Transport-Security': 'max-age=15768000'} 
 body={"count":60,"next":"https://swapi.dev/api/planets/?page=2","previous":null,"results":[{"name":"Tatooine","rotation_period":"23","orbital_period":"304","diameter":"10465","climate":"arid","gravity":"1 standard","terrain":"desert","surface_water":"1","population":"200000","residents":["https://swapi.dev/api/people/1/","https://swapi.dev/api/people/2/","https://swapi.dev/api/people/4/","https://swapi.dev/api/people/6/","https://swapi.dev/api/people/7/","https://swapi.dev/api/people/8/","https://swapi.dev/api/people/9/","https://swapi.dev/api/people/11/","https://swapi.dev/api/people/43/","https://swapi.dev/api/people/62/"],"films":["https://swapi.dev/api/films/1/","https://swapi.dev/api/films/3/","https://swapi.dev/api/films/4/","https://swapi.dev/api/films/5/","https://swapi.dev/api/films/6/"],"created":"2014-12-09T13:50:49.641000Z","edited":"2014-12-20T20:58:18.411000Z","url":"https://swapi.dev/api/planets/1/"},{"name":"Alderaan","rotation_period":"24","orbital_period":"364","diameter":"12500","climate":"temperate","gravity":"1 standard","terrain":"grasslands, mountains","surface_water":"40","population":"2000000000","residents":["https://swapi.dev/api/people/5/","https://swapi.dev/api/people/68/","https://swapi.dev/api/people/81/"],"films":["https://swapi.dev/api/films/1/","https://swapi.dev/api/films/6/"],"created":"2014-12-10T11:35:48.479000Z","edited":"2014-12-20T20:58:18.420000Z","url":"https://swapi.dev/api/planets/2/"},{"name":"Yavin IV","rotation_period":"24","orbital_period":"4818","diameter":"10200","climate":"temperate, tropical","gravity":"1 standard","terrain":"jungle, rainforests","surface_water":"8","population":"1000","residents":[],"films":["https://swapi.dev/api/films/1/"],"created":"2014-12-10T11:37:19.144000Z","edited":"2014-12-20T20:58:18.421000Z","url":"https://swapi.dev/api/planets/3/"},{"name":"Hoth","rotation_period":"23","orbital_period":"549","diameter":"7200","climate":"frozen","gravity":"1.1 standard","terrain":"tundra, ice caves, mountain ranges","surface_water":"100","population":"unknown","residents":[],"films":["https://swapi.dev/api/films/2/"],"created":"2014-12-10T11:39:13.934000Z","edited":"2014-12-20T20:58:18.423000Z","url":"https://swapi.dev/api/planets/4/"},{"name":"Dagobah","rotation_period":"23","orbital_period":"341","diameter":"8900","climate":"murky","gravity":"N/A","terrain":"swamp, jungles","surface_water":"8","population":"unknown","residents":[],"films":["https://swapi.dev/api/films/2/","https://swapi.dev/api/films/3/","https://swapi.dev/api/films/6/"],"created":"2014-12-10T11:42:22.590000Z","edited":"2014-12-20T20:58:18.425000Z","url":"https://swapi.dev/api/planets/5/"},{"name":"Bespin","rotation_period":"12","orbital_period":"5110","diameter":"118000","climate":"temperate","gravity":"1.5 (surface), 1 standard (Cloud City)","terrain":"gas giant","surface_water":"0","population":"6000000","residents":["https://swapi.dev/api/people/26/"],"films":["https://swapi.dev/api/films/2/"],"created":"2014-12-10T11:43:55.240000Z","edited":"2014-12-20T20:58:18.427000Z","url":"https://swapi.dev/api/planets/6/"},{"name":"Endor","rotation_period":"18","orbital_period":"402","diameter":"4900","climate":"temperate","gravity":"0.85 standard","terrain":"forests, mountains, lakes","surface_water":"8","population":"30000000","residents":["https://swapi.dev/api/people/30/"],"films":["https://swapi.dev/api/films/3/"],"created":"2014-12-10T11:50:29.349000Z","edited":"2014-12-20T20:58:18.429000Z","url":"https://swapi.dev/api/planets/7/"},{"name":"Naboo","rotation_period":"26","orbital_period":"312","diameter":"12120","climate":"temperate","gravity":"1 standard","terrain":"grassy hills, swamps, forests, mountains","surface_water":"12","population":"4500000000","residents":["https://swapi.dev/api/people/3/","https://swapi.dev/api/people/21/","https://swapi.dev/api/people/35/","https://swapi.dev/api/people/36/","https://swapi.dev/api/people/37/","https://swapi.dev/api/people/38/","https://swapi.dev/api/people/39/","https://swapi.dev/api/people/42/","https://swapi.dev/api/people/60/","https://swapi.dev/api/people/61/","https://swapi.dev/api/people/66/"],"films":["https://swapi.dev/api/films/3/","https://swapi.dev/api/films/4/","https://swapi.dev/api/films/5/","https://swapi.dev/api/films/6/"],"created":"2014-12-10T11:52:31.066000Z","edited":"2014-12-20T20:58:18.430000Z","url":"https://swapi.dev/api/planets/8/"},{"name":"Coruscant","rotation_period":"24","orbital_period":"368","diameter":"12240","climate":"temperate","gravity":"1 standard","terrain":"cityscape, mountains","surface_water":"unknown","population":"1000000000000","residents":["https://swapi.dev/api/people/34/","https://swapi.dev/api/people/55/","https://swapi.dev/api/people/74/"],"films":["https://swapi.dev/api/films/3/","https://swapi.dev/api/films/4/","https://swapi.dev/api/films/5/","https://swapi.dev/api/films/6/"],"created":"2014-12-10T11:54:13.921000Z","edited":"2014-12-20T20:58:18.432000Z","url":"https://swapi.dev/api/planets/9/"},{"name":"Kamino","rotation_period":"27","orbital_period":"463","diameter":"19720","climate":"temperate","gravity":"1 standard","terrain":"ocean","surface_water":"100","population":"1000000000","residents":["https://swapi.dev/api/people/22/","https://swapi.dev/api/people/72/","https://swapi.dev/api/people/73/"],"films":["https://swapi.dev/api/films/5/"],"created":"2014-12-10T12:45:06.577000Z","edited":"2014-12-20T20:58:18.434000Z","url":"https://swapi.dev/api/planets/10/"}]} 
 </msg>
<msg time="2025-07-01T17:11:04.306954" level="INFO">/Library/Frameworks/Python.framework/Versions/3.13/lib/python3.13/site-packages/urllib3/connectionpool.py:1097: InsecureRequestWarning: Unverified HTTPS request is being made to host 'swapi.dev'. Adding certificate verification is strongly advised. See: https://urllib3.readthedocs.io/en/latest/advanced-usage.html#tls-warnings
  warnings.warn(</msg>
<msg time="2025-07-01T17:11:04.307102" level="INFO">${resp} = &lt;Response [200]&gt;</msg>
<var>${resp}</var>
<arg>swapi</arg>
<arg>${ENDPOINT}</arg>
<doc>*DEPRECATED* Please use `GET On Session` instead.</doc>
<status status="PASS" start="2025-07-01T17:11:02.883064" elapsed="1.424062"/>
</kw>
<kw name="Status Should Be" owner="RequestsLibrary">
<arg>200</arg>
<arg>${resp}</arg>
<doc>Fails if response status code is different than the expected.</doc>
<status status="PASS" start="2025-07-01T17:11:04.307305" elapsed="0.000208"/>
</kw>
<status status="PASS" start="2025-07-01T17:11:02.882794" elapsed="1.424782"/>
</kw>
<kw name="Get Request" owner="RequestsLibrary">
<msg time="2025-07-01T17:11:04.307752" level="WARN">Keyword 'RequestsLibrary.Get Request' is deprecated. Please use `GET On Session` instead.</msg>
<msg time="2025-07-01T17:11:04.679316" level="INFO">GET Request : url=https://swapi.dev/api/planets/ 
 path_url=/api/planets/ 
 headers={'User-Agent': 'python-requests/2.32.4', 'Accept-Encoding': 'gzip, deflate', 'Accept': '*/*', 'Connection': 'keep-alive'} 
 body=None 
 </msg>
<msg time="2025-07-01T17:11:04.679544" level="INFO">GET Response : url=https://swapi.dev/api/planets/ 
 status=200, reason=OK 
 headers={'Server': 'nginx/1.16.1', 'Date': 'Tue, 01 Jul 2025 09:11:04 GMT', 'Content-Type': 'application/json', 'Transfer-Encoding': 'chunked', 'Connection': 'keep-alive', 'Vary': 'Accept, Cookie', 'X-Frame-Options': 'SAMEORIGIN', 'ETag': '"bc01c94507d5dcf4829b239cde8748fb"', 'Allow': 'GET, HEAD, OPTIONS', 'Strict-Transport-Security': 'max-age=15768000'} 
 body={"count":60,"next":"https://swapi.dev/api/planets/?page=2","previous":null,"results":[{"name":"Tatooine","rotation_period":"23","orbital_period":"304","diameter":"10465","climate":"arid","gravity":"1 standard","terrain":"desert","surface_water":"1","population":"200000","residents":["https://swapi.dev/api/people/1/","https://swapi.dev/api/people/2/","https://swapi.dev/api/people/4/","https://swapi.dev/api/people/6/","https://swapi.dev/api/people/7/","https://swapi.dev/api/people/8/","https://swapi.dev/api/people/9/","https://swapi.dev/api/people/11/","https://swapi.dev/api/people/43/","https://swapi.dev/api/people/62/"],"films":["https://swapi.dev/api/films/1/","https://swapi.dev/api/films/3/","https://swapi.dev/api/films/4/","https://swapi.dev/api/films/5/","https://swapi.dev/api/films/6/"],"created":"2014-12-09T13:50:49.641000Z","edited":"2014-12-20T20:58:18.411000Z","url":"https://swapi.dev/api/planets/1/"},{"name":"Alderaan","rotation_period":"24","orbital_period":"364","diameter":"12500","climate":"temperate","gravity":"1 standard","terrain":"grasslands, mountains","surface_water":"40","population":"2000000000","residents":["https://swapi.dev/api/people/5/","https://swapi.dev/api/people/68/","https://swapi.dev/api/people/81/"],"films":["https://swapi.dev/api/films/1/","https://swapi.dev/api/films/6/"],"created":"2014-12-10T11:35:48.479000Z","edited":"2014-12-20T20:58:18.420000Z","url":"https://swapi.dev/api/planets/2/"},{"name":"Yavin IV","rotation_period":"24","orbital_period":"4818","diameter":"10200","climate":"temperate, tropical","gravity":"1 standard","terrain":"jungle, rainforests","surface_water":"8","population":"1000","residents":[],"films":["https://swapi.dev/api/films/1/"],"created":"2014-12-10T11:37:19.144000Z","edited":"2014-12-20T20:58:18.421000Z","url":"https://swapi.dev/api/planets/3/"},{"name":"Hoth","rotation_period":"23","orbital_period":"549","diameter":"7200","climate":"frozen","gravity":"1.1 standard","terrain":"tundra, ice caves, mountain ranges","surface_water":"100","population":"unknown","residents":[],"films":["https://swapi.dev/api/films/2/"],"created":"2014-12-10T11:39:13.934000Z","edited":"2014-12-20T20:58:18.423000Z","url":"https://swapi.dev/api/planets/4/"},{"name":"Dagobah","rotation_period":"23","orbital_period":"341","diameter":"8900","climate":"murky","gravity":"N/A","terrain":"swamp, jungles","surface_water":"8","population":"unknown","residents":[],"films":["https://swapi.dev/api/films/2/","https://swapi.dev/api/films/3/","https://swapi.dev/api/films/6/"],"created":"2014-12-10T11:42:22.590000Z","edited":"2014-12-20T20:58:18.425000Z","url":"https://swapi.dev/api/planets/5/"},{"name":"Bespin","rotation_period":"12","orbital_period":"5110","diameter":"118000","climate":"temperate","gravity":"1.5 (surface), 1 standard (Cloud City)","terrain":"gas giant","surface_water":"0","population":"6000000","residents":["https://swapi.dev/api/people/26/"],"films":["https://swapi.dev/api/films/2/"],"created":"2014-12-10T11:43:55.240000Z","edited":"2014-12-20T20:58:18.427000Z","url":"https://swapi.dev/api/planets/6/"},{"name":"Endor","rotation_period":"18","orbital_period":"402","diameter":"4900","climate":"temperate","gravity":"0.85 standard","terrain":"forests, mountains, lakes","surface_water":"8","population":"30000000","residents":["https://swapi.dev/api/people/30/"],"films":["https://swapi.dev/api/films/3/"],"created":"2014-12-10T11:50:29.349000Z","edited":"2014-12-20T20:58:18.429000Z","url":"https://swapi.dev/api/planets/7/"},{"name":"Naboo","rotation_period":"26","orbital_period":"312","diameter":"12120","climate":"temperate","gravity":"1 standard","terrain":"grassy hills, swamps, forests, mountains","surface_water":"12","population":"4500000000","residents":["https://swapi.dev/api/people/3/","https://swapi.dev/api/people/21/","https://swapi.dev/api/people/35/","https://swapi.dev/api/people/36/","https://swapi.dev/api/people/37/","https://swapi.dev/api/people/38/","https://swapi.dev/api/people/39/","https://swapi.dev/api/people/42/","https://swapi.dev/api/people/60/","https://swapi.dev/api/people/61/","https://swapi.dev/api/people/66/"],"films":["https://swapi.dev/api/films/3/","https://swapi.dev/api/films/4/","https://swapi.dev/api/films/5/","https://swapi.dev/api/films/6/"],"created":"2014-12-10T11:52:31.066000Z","edited":"2014-12-20T20:58:18.430000Z","url":"https://swapi.dev/api/planets/8/"},{"name":"Coruscant","rotation_period":"24","orbital_period":"368","diameter":"12240","climate":"temperate","gravity":"1 standard","terrain":"cityscape, mountains","surface_water":"unknown","population":"1000000000000","residents":["https://swapi.dev/api/people/34/","https://swapi.dev/api/people/55/","https://swapi.dev/api/people/74/"],"films":["https://swapi.dev/api/films/3/","https://swapi.dev/api/films/4/","https://swapi.dev/api/films/5/","https://swapi.dev/api/films/6/"],"created":"2014-12-10T11:54:13.921000Z","edited":"2014-12-20T20:58:18.432000Z","url":"https://swapi.dev/api/planets/9/"},{"name":"Kamino","rotation_period":"27","orbital_period":"463","diameter":"19720","climate":"temperate","gravity":"1 standard","terrain":"ocean","surface_water":"100","population":"1000000000","residents":["https://swapi.dev/api/people/22/","https://swapi.dev/api/people/72/","https://swapi.dev/api/people/73/"],"films":["https://swapi.dev/api/films/5/"],"created":"2014-12-10T12:45:06.577000Z","edited":"2014-12-20T20:58:18.434000Z","url":"https://swapi.dev/api/planets/10/"}]} 
 </msg>
<msg time="2025-07-01T17:11:04.679811" level="INFO">/Library/Frameworks/Python.framework/Versions/3.13/lib/python3.13/site-packages/urllib3/connectionpool.py:1097: InsecureRequestWarning: Unverified HTTPS request is being made to host 'swapi.dev'. Adding certificate verification is strongly advised. See: https://urllib3.readthedocs.io/en/latest/advanced-usage.html#tls-warnings
  warnings.warn(</msg>
<msg time="2025-07-01T17:11:04.680103" level="INFO">${resp} = &lt;Response [200]&gt;</msg>
<var>${resp}</var>
<arg>swapi</arg>
<arg>${ENDPOINT}</arg>
<doc>*DEPRECATED* Please use `GET On Session` instead.</doc>
<status status="PASS" start="2025-07-01T17:11:04.307727" elapsed="0.372433"/>
</kw>
<kw name="Get Value From Json" owner="JSONLibrary">
<msg time="2025-07-01T17:11:04.704460" level="INFO">${json} = [60]</msg>
<var>${json}</var>
<arg>${resp.json()}</arg>
<arg>count</arg>
<doc>Get Value From JSON using JSONPath</doc>
<status status="PASS" start="2025-07-01T17:11:04.680797" elapsed="0.023716"/>
</kw>
<kw name="Should Be True" owner="BuiltIn">
<arg>${resp.json()}[count] &gt; 0</arg>
<arg>Count should be greater than 0</arg>
<doc>Fails if the given condition is not true.</doc>
<status status="PASS" start="2025-07-01T17:11:04.704761" elapsed="0.000605"/>
</kw>
<kw name="Get Value From Json" owner="JSONLibrary">
<msg time="2025-07-01T17:11:04.718891" level="INFO">${results} = [[{'name': 'Tatooine', 'rotation_period': '23', 'orbital_period': '304', 'diameter': '10465', 'climate': 'arid', 'gravity': '1 standard', 'terrain': 'desert', 'surface_water': '1', 'population': '2000...</msg>
<var>${results}</var>
<arg>${resp.json()}</arg>
<arg>results</arg>
<doc>Get Value From JSON using JSONPath</doc>
<status status="PASS" start="2025-07-01T17:11:04.705477" elapsed="0.013446"/>
</kw>
<kw name="Should Be True" owner="BuiltIn">
<arg>len(${results}) &gt; 0</arg>
<arg>Results list should not be empty</arg>
<doc>Fails if the given condition is not true.</doc>
<status status="PASS" start="2025-07-01T17:11:04.719058" elapsed="0.000681"/>
</kw>
<kw name="Get Value From Json" owner="JSONLibrary">
<msg time="2025-07-01T17:11:04.730240" level="INFO">${first} = [{'name': 'Tatooine', 'rotation_period': '23', 'orbital_period': '304', 'diameter': '10465', 'climate': 'arid', 'gravity': '1 standard', 'terrain': 'desert', 'surface_water': '1', 'population': '20000...</msg>
<var>${first}</var>
<arg>${resp.json()}</arg>
<arg>results[0]</arg>
<doc>Get Value From JSON using JSONPath</doc>
<status status="PASS" start="2025-07-01T17:11:04.719819" elapsed="0.010442"/>
</kw>
<kw name="Should Not Be Empty" owner="BuiltIn">
<msg time="2025-07-01T17:11:04.730440" level="INFO">Length is 885.</msg>
<arg>${first}\[name]</arg>
<doc>Verifies that the given item is not empty.</doc>
<status status="PASS" start="2025-07-01T17:11:04.730354" elapsed="0.000106"/>
</kw>
<kw name="Should Contain" owner="BuiltIn">
<arg>${first}\[name]</arg>
<arg>Tatooine</arg>
<doc>Fails if ``container`` does not contain ``item`` one or more times.</doc>
<status status="PASS" start="2025-07-01T17:11:04.730526" elapsed="0.000067"/>
</kw>
<kw name="Should Contain" owner="BuiltIn">
<arg>${first}\[climate]</arg>
<arg>arid</arg>
<doc>Fails if ``container`` does not contain ``item`` one or more times.</doc>
<status status="PASS" start="2025-07-01T17:11:04.730645" elapsed="0.000063"/>
</kw>
<kw name="Should Contain" owner="BuiltIn">
<arg>${first}\[terrain]</arg>
<arg>desert</arg>
<doc>Fails if ``container`` does not contain ``item`` one or more times.</doc>
<status status="PASS" start="2025-07-01T17:11:04.730836" elapsed="0.000102"/>
</kw>
<kw name="Should Contain" owner="BuiltIn">
<arg>${first}\[surface_water]</arg>
<arg>1</arg>
<doc>Fails if ``container`` does not contain ``item`` one or more times.</doc>
<status status="PASS" start="2025-07-01T17:11:04.731009" elapsed="0.000070"/>
</kw>
<kw name="Should Contain" owner="BuiltIn">
<arg>${first}\[population]</arg>
<arg>200000</arg>
<doc>Fails if ``container`` does not contain ``item`` one or more times.</doc>
<status status="PASS" start="2025-07-01T17:11:04.731135" elapsed="0.000066"/>
</kw>
<doc>驗證 GET /planets/ 回傳星球列表：200、count、results 結構</doc>
<status status="PASS" start="2025-07-01T17:11:02.882289" elapsed="1.848971"/>
</test>
<status status="PASS" start="2025-07-01T17:11:02.881283" elapsed="1.850096"/>
</suite>
<status status="PASS" start="2025-07-01T17:10:59.680264" elapsed="5.051302"/>
</suite>
<statistics>
<total>
<stat pass="3" fail="0" skip="0">All Tests</stat>
</total>
<tag>
</tag>
<suite>
<stat name="Tests" id="s1" pass="3" fail="0" skip="0">Tests</stat>
<stat name="GetPeople" id="s1-s1" pass="1" fail="0" skip="0">Tests.GetPeople</stat>
<stat name="GetPeopleOne" id="s1-s2" pass="1" fail="0" skip="0">Tests.GetPeopleOne</stat>
<stat name="GetPlanetsList" id="s1-s3" pass="1" fail="0" skip="0">Tests.GetPlanetsList</stat>
</suite>
</statistics>
<errors>
<msg time="2025-07-01T17:10:59.743841" level="WARN">Keyword 'RequestsLibrary.Get Request' is deprecated. Please use `GET On Session` instead.</msg>
<msg time="2025-07-01T17:11:00.907397" level="WARN">Keyword 'RequestsLibrary.Get Request' is deprecated. Please use `GET On Session` instead.</msg>
<msg time="2025-07-01T17:11:01.270947" level="WARN">Keyword 'RequestsLibrary.Get Request' is deprecated. Please use `GET On Session` instead.</msg>
<msg time="2025-07-01T17:11:02.529452" level="WARN">Keyword 'RequestsLibrary.Get Request' is deprecated. Please use `GET On Session` instead.</msg>
<msg time="2025-07-01T17:11:02.883074" level="WARN">Keyword 'RequestsLibrary.Get Request' is deprecated. Please use `GET On Session` instead.</msg>
<msg time="2025-07-01T17:11:04.307752" level="WARN">Keyword 'RequestsLibrary.Get Request' is deprecated. Please use `GET On Session` instead.</msg>
</errors>
</robot>
