<?xml version="1.0" encoding="UTF-8"?>
<robot generator="Robot 7.2.2 (Python 3.13.1 on darwin)" generated="2025-07-02T09:58:39.460034" rpa="false" schemaversion="5">
<suite id="s1" name="GetPeopleSearch" source="/Users/angela/Downloads/robotapi/tests/GetPeopleSearch.robot">
<test id="s1-t1" name="Get People Search" line="13">
<kw name="Connect To Swapi" owner="resources">
<kw name="Create Session" owner="RequestsLibrary">
<msg time="2025-07-02T09:58:39.559182" level="INFO">Creating Session using : alias=swapi, url=https://swapi.dev/api, headers={},                     cookies={}, auth=None, timeout=None, proxies=None, verify=False,                     debug=0 </msg>
<arg>swapi</arg>
<arg>${BASE_URL}</arg>
<doc>Create Session: create a HTTP session to a server</doc>
<status status="PASS" start="2025-07-02T09:58:39.559113" elapsed="0.000165"/>
</kw>
<status status="PASS" start="2025-07-02T09:58:39.558898" elapsed="0.000419"/>
</kw>
<kw name="Get Status" owner="resources">
<kw name="GET On Session" owner="RequestsLibrary">
<msg time="2025-07-02T09:58:40.510156" level="INFO">GET Request : url=https://swapi.dev/api/people/?search=r2 
 path_url=/api/people/?search=r2 
 headers={'User-Agent': 'python-requests/2.32.4', 'Accept-Encoding': 'gzip, deflate', 'Accept': '*/*', 'Connection': 'keep-alive'} 
 body=None 
 </msg>
<msg time="2025-07-02T09:58:40.510301" level="INFO">GET Response : url=https://swapi.dev/api/people/?search=r2 
 status=200, reason=OK 
 headers={'Server': 'nginx/1.16.1', 'Date': 'Wed, 02 Jul 2025 01:58:40 GMT', 'Content-Type': 'application/json', 'Transfer-Encoding': 'chunked', 'Connection': 'keep-alive', 'Vary': 'Accept, Cookie', 'X-Frame-Options': 'SAMEORIGIN', 'ETag': '"104188839c0bb0de4d98122bdd288fcd"', 'Allow': 'GET, HEAD, OPTIONS', 'Strict-Transport-Security': 'max-age=15768000'} 
 body={"count":1,"next":null,"previous":null,"results":[{"name":"R2-D2","height":"96","mass":"32","hair_color":"n/a","skin_color":"white, blue","eye_color":"red","birth_year":"33BBY","gender":"n/a","homeworld":"https://swapi.dev/api/planets/8/","films":["https://swapi.dev/api/films/1/","https://swapi.dev/api/films/2/","https://swapi.dev/api/films/3/","https://swapi.dev/api/films/4/","https://swapi.dev/api/films/5/","https://swapi.dev/api/films/6/"],"species":["https://swapi.dev/api/species/2/"],"vehicles":[],"starships":[],"created":"2014-12-10T15:11:50.376000Z","edited":"2014-12-20T21:17:50.311000Z","url":"https://swapi.dev/api/people/3/"}]} 
 </msg>
<msg time="2025-07-02T09:58:40.510372" level="INFO">/Library/Frameworks/Python.framework/Versions/3.13/lib/python3.13/site-packages/urllib3/connectionpool.py:1097: InsecureRequestWarning: Unverified HTTPS request is being made to host 'swapi.dev'. Adding certificate verification is strongly advised. See: https://urllib3.readthedocs.io/en/latest/advanced-usage.html#tls-warnings
  warnings.warn(</msg>
<msg time="2025-07-02T09:58:40.510514" level="INFO">${resp} = &lt;Response [200]&gt;</msg>
<var>${resp}</var>
<arg>swapi</arg>
<arg>${ENDPOINT}</arg>
<doc>Sends a GET request on a previously created HTTP Session.</doc>
<status status="PASS" start="2025-07-02T09:58:39.559486" elapsed="0.951052"/>
</kw>
<kw name="Status Should Be" owner="RequestsLibrary">
<arg>200</arg>
<arg>${resp}</arg>
<doc>Fails if response status code is different than the expected.</doc>
<status status="PASS" start="2025-07-02T09:58:40.510694" elapsed="0.000221"/>
</kw>
<status status="PASS" start="2025-07-02T09:58:39.559397" elapsed="0.951579"/>
</kw>
<kw name="GET On Session" owner="RequestsLibrary">
<msg time="2025-07-02T09:58:40.815769" level="INFO">GET Request : url=https://swapi.dev/api/people/?search=r2 
 path_url=/api/people/?search=r2 
 headers={'User-Agent': 'python-requests/2.32.4', 'Accept-Encoding': 'gzip, deflate', 'Accept': '*/*', 'Connection': 'keep-alive'} 
 body=None 
 </msg>
<msg time="2025-07-02T09:58:40.816031" level="INFO">GET Response : url=https://swapi.dev/api/people/?search=r2 
 status=200, reason=OK 
 headers={'Server': 'nginx/1.16.1', 'Date': 'Wed, 02 Jul 2025 01:58:40 GMT', 'Content-Type': 'application/json', 'Transfer-Encoding': 'chunked', 'Connection': 'keep-alive', 'Vary': 'Accept, Cookie', 'X-Frame-Options': 'SAMEORIGIN', 'ETag': '"104188839c0bb0de4d98122bdd288fcd"', 'Allow': 'GET, HEAD, OPTIONS', 'Strict-Transport-Security': 'max-age=15768000'} 
 body={"count":1,"next":null,"previous":null,"results":[{"name":"R2-D2","height":"96","mass":"32","hair_color":"n/a","skin_color":"white, blue","eye_color":"red","birth_year":"33BBY","gender":"n/a","homeworld":"https://swapi.dev/api/planets/8/","films":["https://swapi.dev/api/films/1/","https://swapi.dev/api/films/2/","https://swapi.dev/api/films/3/","https://swapi.dev/api/films/4/","https://swapi.dev/api/films/5/","https://swapi.dev/api/films/6/"],"species":["https://swapi.dev/api/species/2/"],"vehicles":[],"starships":[],"created":"2014-12-10T15:11:50.376000Z","edited":"2014-12-20T21:17:50.311000Z","url":"https://swapi.dev/api/people/3/"}]} 
 </msg>
<msg time="2025-07-02T09:58:40.816238" level="INFO">/Library/Frameworks/Python.framework/Versions/3.13/lib/python3.13/site-packages/urllib3/connectionpool.py:1097: InsecureRequestWarning: Unverified HTTPS request is being made to host 'swapi.dev'. Adding certificate verification is strongly advised. See: https://urllib3.readthedocs.io/en/latest/advanced-usage.html#tls-warnings
  warnings.warn(</msg>
<msg time="2025-07-02T09:58:40.816657" level="INFO">${resp} = &lt;Response [200]&gt;</msg>
<var>${resp}</var>
<arg>swapi</arg>
<arg>${ENDPOINT}</arg>
<doc>Sends a GET request on a previously created HTTP Session.</doc>
<status status="PASS" start="2025-07-02T09:58:40.511082" elapsed="0.305717"/>
</kw>
<kw name="Get Value From Json" owner="JSONLibrary">
<msg time="2025-07-02T09:58:40.843779" level="INFO">${json} = [{'name': 'R2-D2', 'height': '96', 'mass': '32', 'hair_color': 'n/a', 'skin_color': 'white, blue', 'eye_color': 'red', 'birth_year': '33BBY', 'gender': 'n/a', 'homeworld': 'https://swapi.dev/api/plane...</msg>
<var>${json}</var>
<arg>${resp.json()}</arg>
<arg>results[0]</arg>
<doc>Get Value From JSON using JSONPath</doc>
<status status="PASS" start="2025-07-02T09:58:40.817302" elapsed="0.026526"/>
</kw>
<kw name="Should Contain" owner="BuiltIn">
<arg>${json}\[name]</arg>
<arg>R2</arg>
<doc>Fails if ``container`` does not contain ``item`` one or more times.</doc>
<status status="PASS" start="2025-07-02T09:58:40.844039" elapsed="0.000189"/>
</kw>
<doc>驗證 GET /people/?search=r2 搜尋人物列表：200、count、results 結構</doc>
<status status="PASS" start="2025-07-02T09:58:39.558299" elapsed="1.286047"/>
</test>
<test id="s1-t2" name="Search no results" line="21">
<kw name="Connect To Swapi" owner="resources">
<kw name="Create Session" owner="RequestsLibrary">
<msg time="2025-07-02T09:58:40.845623" level="INFO">Creating Session using : alias=swapi, url=https://swapi.dev/api, headers={},                     cookies={}, auth=None, timeout=None, proxies=None, verify=False,                     debug=0 </msg>
<arg>swapi</arg>
<arg>${BASE_URL}</arg>
<doc>Create Session: create a HTTP session to a server</doc>
<status status="PASS" start="2025-07-02T09:58:40.845526" elapsed="0.000231"/>
</kw>
<status status="PASS" start="2025-07-02T09:58:40.845362" elapsed="0.000479"/>
</kw>
<kw name="Get Status" owner="resources">
<kw name="GET On Session" owner="RequestsLibrary">
<msg time="2025-07-02T09:58:41.981453" level="INFO">GET Request : url=https://swapi.dev/api/people/?search=r2 
 path_url=/api/people/?search=r2 
 headers={'User-Agent': 'python-requests/2.32.4', 'Accept-Encoding': 'gzip, deflate', 'Accept': '*/*', 'Connection': 'keep-alive'} 
 body=None 
 </msg>
<msg time="2025-07-02T09:58:41.981684" level="INFO">GET Response : url=https://swapi.dev/api/people/?search=r2 
 status=200, reason=OK 
 headers={'Server': 'nginx/1.16.1', 'Date': 'Wed, 02 Jul 2025 01:58:41 GMT', 'Content-Type': 'application/json', 'Transfer-Encoding': 'chunked', 'Connection': 'keep-alive', 'Vary': 'Accept, Cookie', 'X-Frame-Options': 'SAMEORIGIN', 'ETag': '"104188839c0bb0de4d98122bdd288fcd"', 'Allow': 'GET, HEAD, OPTIONS', 'Strict-Transport-Security': 'max-age=15768000'} 
 body={"count":1,"next":null,"previous":null,"results":[{"name":"R2-D2","height":"96","mass":"32","hair_color":"n/a","skin_color":"white, blue","eye_color":"red","birth_year":"33BBY","gender":"n/a","homeworld":"https://swapi.dev/api/planets/8/","films":["https://swapi.dev/api/films/1/","https://swapi.dev/api/films/2/","https://swapi.dev/api/films/3/","https://swapi.dev/api/films/4/","https://swapi.dev/api/films/5/","https://swapi.dev/api/films/6/"],"species":["https://swapi.dev/api/species/2/"],"vehicles":[],"starships":[],"created":"2014-12-10T15:11:50.376000Z","edited":"2014-12-20T21:17:50.311000Z","url":"https://swapi.dev/api/people/3/"}]} 
 </msg>
<msg time="2025-07-02T09:58:41.982182" level="INFO">/Library/Frameworks/Python.framework/Versions/3.13/lib/python3.13/site-packages/urllib3/connectionpool.py:1097: InsecureRequestWarning: Unverified HTTPS request is being made to host 'swapi.dev'. Adding certificate verification is strongly advised. See: https://urllib3.readthedocs.io/en/latest/advanced-usage.html#tls-warnings
  warnings.warn(</msg>
<msg time="2025-07-02T09:58:41.982480" level="INFO">${resp} = &lt;Response [200]&gt;</msg>
<var>${resp}</var>
<arg>swapi</arg>
<arg>${ENDPOINT}</arg>
<doc>Sends a GET request on a previously created HTTP Session.</doc>
<status status="PASS" start="2025-07-02T09:58:40.846185" elapsed="1.136353"/>
</kw>
<kw name="Status Should Be" owner="RequestsLibrary">
<arg>200</arg>
<arg>${resp}</arg>
<doc>Fails if response status code is different than the expected.</doc>
<status status="PASS" start="2025-07-02T09:58:41.982914" elapsed="0.000488"/>
</kw>
<status status="PASS" start="2025-07-02T09:58:40.846006" elapsed="1.137534"/>
</kw>
<kw name="GET On Session" owner="RequestsLibrary">
<msg time="2025-07-02T09:58:42.249423" level="INFO">GET Request : url=https://swapi.dev/api/people/?search=foobar 
 path_url=/api/people/?search=foobar 
 headers={'User-Agent': 'python-requests/2.32.4', 'Accept-Encoding': 'gzip, deflate', 'Accept': '*/*', 'Connection': 'keep-alive'} 
 body=None 
 </msg>
<msg time="2025-07-02T09:58:42.249670" level="INFO">GET Response : url=https://swapi.dev/api/people/?search=foobar 
 status=200, reason=OK 
 headers={'Server': 'nginx/1.16.1', 'Date': 'Wed, 02 Jul 2025 01:58:42 GMT', 'Content-Type': 'application/json', 'Transfer-Encoding': 'chunked', 'Connection': 'keep-alive', 'Vary': 'Accept, Cookie', 'X-Frame-Options': 'SAMEORIGIN', 'ETag': '"4200165871240e4de02c79cbd62d9180"', 'Allow': 'GET, HEAD, OPTIONS', 'Strict-Transport-Security': 'max-age=15768000'} 
 body={"count":0,"next":null,"previous":null,"results":[]} 
 </msg>
<msg time="2025-07-02T09:58:42.249823" level="INFO">/Library/Frameworks/Python.framework/Versions/3.13/lib/python3.13/site-packages/urllib3/connectionpool.py:1097: InsecureRequestWarning: Unverified HTTPS request is being made to host 'swapi.dev'. Adding certificate verification is strongly advised. See: https://urllib3.readthedocs.io/en/latest/advanced-usage.html#tls-warnings
  warnings.warn(</msg>
<msg time="2025-07-02T09:58:42.250136" level="INFO">${resp} = &lt;Response [200]&gt;</msg>
<var>${resp}</var>
<arg>swapi</arg>
<arg>${ENDPOINT_NO_RESULTS}</arg>
<doc>Sends a GET request on a previously created HTTP Session.</doc>
<status status="PASS" start="2025-07-02T09:58:41.983817" elapsed="0.266378"/>
</kw>
<kw name="Log" owner="BuiltIn">
<msg time="2025-07-02T09:58:42.251996" level="INFO">{'count': 0, 'next': None, 'previous': None, 'results': []}</msg>
<arg>${resp.json()}</arg>
<doc>Logs the given message with the given level.</doc>
<status status="PASS" start="2025-07-02T09:58:42.250668" elapsed="0.001423"/>
</kw>
<kw name="Get Value From Json" owner="JSONLibrary">
<msg time="2025-07-02T09:58:42.274982" level="INFO">${count} = [0]</msg>
<var>${count}</var>
<arg>${resp.json()}</arg>
<arg>count</arg>
<doc>Get Value From JSON using JSONPath</doc>
<status status="PASS" start="2025-07-02T09:58:42.252358" elapsed="0.022661"/>
</kw>
<kw name="Convert Json To String" owner="JSONLibrary">
<msg time="2025-07-02T09:58:42.275353" level="INFO">${Count} = [0]</msg>
<var>${Count}</var>
<arg>${count}</arg>
<doc>Convert JSON object to string</doc>
<status status="PASS" start="2025-07-02T09:58:42.275200" elapsed="0.000171"/>
</kw>
<kw name="Should Be Equal" owner="BuiltIn">
<arg>${Count}</arg>
<arg>[0]</arg>
<doc>Fails if the given objects are unequal.</doc>
<status status="PASS" start="2025-07-02T09:58:42.275469" elapsed="0.000116"/>
</kw>
<doc>驗證 GET /people/?search=foobar 搜尋人物列表：404、detail 結構</doc>
<status status="PASS" start="2025-07-02T09:58:40.844550" elapsed="1.431128"/>
</test>
<status status="PASS" start="2025-07-02T09:58:39.460515" elapsed="2.815451"/>
</suite>
<statistics>
<total>
<stat pass="2" fail="0" skip="0">All Tests</stat>
</total>
<tag>
</tag>
<suite>
<stat name="GetPeopleSearch" id="s1" pass="2" fail="0" skip="0">GetPeopleSearch</stat>
</suite>
</statistics>
<errors>
</errors>
</robot>
