<?xml version="1.0" encoding="UTF-8"?>
<robot generator="Robot 7.2.2 (Python 3.13.1 on darwin)" generated="2025-07-01T15:33:18.871291" rpa="false" schemaversion="5">
<suite id="s1" name="GetPeopleOne" source="/Users/angela/Downloads/robotapi/tests/GetPeopleOne.robot">
<test id="s1-t1" name="Get People One" line="11">
<kw name="Create Session" owner="RequestsLibrary">
<msg time="2025-07-01T15:33:18.956134" level="INFO">Creating Session using : alias=swapi, url=https://swapi.dev/api, headers={},                     cookies={}, auth=None, timeout=None, proxies=None, verify=False,                     debug=0 </msg>
<arg>swapi</arg>
<arg>${BASE_URL}</arg>
<doc>Create Session: create a HTTP session to a server</doc>
<status status="PASS" start="2025-07-01T15:33:18.956054" elapsed="0.000175"/>
</kw>
<kw name="Get Request" owner="RequestsLibrary">
<msg time="2025-07-01T15:33:18.956320" level="WARN">Keyword 'RequestsLibrary.Get Request' is deprecated. Please use `GET On Session` instead.</msg>
<msg time="2025-07-01T15:33:19.995998" level="INFO">GET Request : url=https://swapi.dev/api/people/1/ 
 path_url=/api/people/1/ 
 headers={'User-Agent': 'python-requests/2.32.4', 'Accept-Encoding': 'gzip, deflate', 'Accept': '*/*', 'Connection': 'keep-alive'} 
 body=None 
 </msg>
<msg time="2025-07-01T15:33:19.996303" level="INFO">GET Response : url=https://swapi.dev/api/people/1/ 
 status=200, reason=OK 
 headers={'Server': 'nginx/1.16.1', 'Date': 'Tue, 01 Jul 2025 07:33:19 GMT', 'Content-Type': 'application/json', 'Transfer-Encoding': 'chunked', 'Connection': 'keep-alive', 'Vary': 'Accept, Cookie', 'X-Frame-Options': 'SAMEORIGIN', 'ETag': '"ee398610435c328f4d0a4e1b0d2f7bbc"', 'Allow': 'GET, HEAD, OPTIONS', 'Strict-Transport-Security': 'max-age=15768000'} 
 body={"name":"Luke Skywalker","height":"172","mass":"77","hair_color":"blond","skin_color":"fair","eye_color":"blue","birth_year":"19BBY","gender":"male","homeworld":"https://swapi.dev/api/planets/1/","films":["https://swapi.dev/api/films/1/","https://swapi.dev/api/films/2/","https://swapi.dev/api/films/3/","https://swapi.dev/api/films/6/"],"species":[],"vehicles":["https://swapi.dev/api/vehicles/14/","https://swapi.dev/api/vehicles/30/"],"starships":["https://swapi.dev/api/starships/12/","https://swapi.dev/api/starships/22/"],"created":"2014-12-09T13:50:51.644000Z","edited":"2014-12-20T21:17:56.891000Z","url":"https://swapi.dev/api/people/1/"} 
 </msg>
<msg time="2025-07-01T15:33:19.996479" level="INFO">/Library/Frameworks/Python.framework/Versions/3.13/lib/python3.13/site-packages/urllib3/connectionpool.py:1097: InsecureRequestWarning: Unverified HTTPS request is being made to host 'swapi.dev'. Adding certificate verification is strongly advised. See: https://urllib3.readthedocs.io/en/latest/advanced-usage.html#tls-warnings
  warnings.warn(</msg>
<msg time="2025-07-01T15:33:19.996796" level="INFO">${resp} = &lt;Response [200]&gt;</msg>
<var>${resp}</var>
<arg>swapi</arg>
<arg>${ENDPOINT}</arg>
<doc>*DEPRECATED* Please use `GET On Session` instead.</doc>
<status status="PASS" start="2025-07-01T15:33:18.956307" elapsed="1.040554"/>
</kw>
<kw name="Status Should Be" owner="RequestsLibrary">
<arg>200</arg>
<arg>${resp}</arg>
<doc>Fails if response status code is different than the expected.</doc>
<status status="PASS" start="2025-07-01T15:33:19.997328" elapsed="0.000542"/>
</kw>
<kw name="Get Value From Json" owner="JSONLibrary">
<msg time="2025-07-01T15:33:20.018135" level="INFO">${name} = ['Luke Skywalker']</msg>
<var>${name}</var>
<arg>${resp.json()}</arg>
<arg>name</arg>
<doc>Get Value From JSON using JSONPath</doc>
<status status="PASS" start="2025-07-01T15:33:19.998147" elapsed="0.020017"/>
</kw>
<kw name="Should Contain" owner="BuiltIn">
<arg>${name}</arg>
<arg>Luke Skywalker</arg>
<doc>Fails if ``container`` does not contain ``item`` one or more times.</doc>
<status status="PASS" start="2025-07-01T15:33:20.018295" elapsed="0.000106"/>
</kw>
<kw name="Get Value From Json" owner="JSONLibrary">
<msg time="2025-07-01T15:33:20.028975" level="INFO">${height} = ['172']</msg>
<var>${height}</var>
<arg>${resp.json()}</arg>
<arg>height</arg>
<doc>Get Value From JSON using JSONPath</doc>
<status status="PASS" start="2025-07-01T15:33:20.018471" elapsed="0.010527"/>
</kw>
<kw name="Should Contain" owner="BuiltIn">
<arg>${height}</arg>
<arg>172</arg>
<doc>Fails if ``container`` does not contain ``item`` one or more times.</doc>
<status status="PASS" start="2025-07-01T15:33:20.029099" elapsed="0.000086"/>
</kw>
<kw name="Get Value From Json" owner="JSONLibrary">
<msg time="2025-07-01T15:33:20.038431" level="INFO">${mass} = ['77']</msg>
<var>${mass}</var>
<arg>${resp.json()}</arg>
<arg>mass</arg>
<doc>Get Value From JSON using JSONPath</doc>
<status status="PASS" start="2025-07-01T15:33:20.029245" elapsed="0.009205"/>
</kw>
<kw name="Should Contain" owner="BuiltIn">
<arg>${mass}</arg>
<arg>77</arg>
<doc>Fails if ``container`` does not contain ``item`` one or more times.</doc>
<status status="PASS" start="2025-07-01T15:33:20.038536" elapsed="0.000078"/>
</kw>
<doc>驗證 GET /people/1/ 回傳人物資料：200、name、gender、birth_year 結構</doc>
<status status="PASS" start="2025-07-01T15:33:18.955417" elapsed="1.083271"/>
</test>
<status status="PASS" start="2025-07-01T15:33:18.871732" elapsed="1.167166"/>
</suite>
<statistics>
<total>
<stat pass="1" fail="0" skip="0">All Tests</stat>
</total>
<tag>
</tag>
<suite>
<stat name="GetPeopleOne" id="s1" pass="1" fail="0" skip="0">GetPeopleOne</stat>
</suite>
</statistics>
<errors>
<msg time="2025-07-01T15:33:18.956320" level="WARN">Keyword 'RequestsLibrary.Get Request' is deprecated. Please use `GET On Session` instead.</msg>
</errors>
</robot>
