<?xml version="1.0" encoding="UTF-8"?>
<robot generator="Robot 6.0 (Python 3.9.6 on darwin)" generated="20250625 11:32:19.575" rpa="false" schemaversion="3">
<suite id="s1" name="Prac" source="/Users/angelashi/Documents/GitHub/robotapi/tests/prac.robot">
<test id="s1-t1" name="a" line="27">
<kw name="Create Public Session">
<doc>建立至 https://api.bitopro.com/v3/ 的 HTTP session</doc>
<kw name="Create Session" library="RequestsLibrary">
<arg>bitopro</arg>
<arg>${BASE_URL}</arg>
<arg>headers=${DEFAULT_HEADERS}</arg>
<doc>Create Session: create a HTTP session to a server</doc>
<msg timestamp="20250625 11:32:19.779" level="INFO">Creating Session using : alias=bitopro, url=https://api.bitopro.com/v3/, headers={'Content-Type': 'application/json'},                     cookies={}, auth=None, timeout=None, proxies=None, verify=False,                     debug=0 </msg>
<status status="PASS" starttime="20250625 11:32:19.779" endtime="20250625 11:32:19.782"/>
</kw>
<status status="PASS" starttime="20250625 11:32:19.778" endtime="20250625 11:32:19.782"/>
</kw>
<kw name="Call Public GET">
<arg>provisioning/currencies</arg>
<doc>呼叫 GET https://api.bitopro.com/v3/${endpoint}，並回傳 response 物件</doc>
<kw name="GET On Session" library="RequestsLibrary">
<var>${resp}</var>
<arg>bitopro</arg>
<arg>${endpoint}</arg>
<arg>params=${params}</arg>
<doc>Sends a GET request on a previously created HTTP Session.</doc>
<msg timestamp="20250625 11:32:20.047" level="INFO">GET Request : url=https://api.bitopro.com/v3/provisioning/currencies?None 
 path_url=/v3/provisioning/currencies?None 
 headers={'User-Agent': 'python-requests/2.32.3', 'Accept-Encoding': 'gzip, deflate', 'Accept': '*/*', 'Connection': 'keep-alive', 'Content-Type': 'application/json'} 
 body=None 
 </msg>
<msg timestamp="20250625 11:32:20.047" level="INFO">GET Response : url=https://api.bitopro.com/v3/provisioning/currencies?None 
 status=200, reason=OK 
 headers={'Date': 'Wed, 25 Jun 2025 03:32:19 GMT', 'Content-Type': 'application/json; charset=utf-8', 'Transfer-Encoding': 'chunked', 'Connection': 'keep-alive', 'Access-Control-Allow-Origin': '*', 'Vary': 'Origin', 'X-Request-Id': '299fedff-502e-493f-a32c-b04b55707855', 'X-Response-Time': '0ms'} 
 body={"data":[{"currency":"TWD","withdrawFee":"30","minWithdraw":"100","maxWithdraw":"2000000","maxDailyWithdraw":"2000000","withdraw":true,"deposit":true,"depositConfirmation":"0"},{"currency":"ADA","withdrawFee":"1","minWithdraw":"3","maxWithdraw":"50000","maxDailyWithdraw":"200000","withdraw":true,"deposit":true,"depositConfirmation":"35"},{"currency":"APE (ERC20)","withdrawFee":"4.2","minWithdraw":"8","maxWithdraw":"10000","maxDailyWithdraw":"50000","withdraw":true,"deposit":true,"depositConfirmation":"12"},{"currency":"BCH","withdrawFee":"0.00025","minWithdraw":"0.001","maxWithdraw":"500","maxDailyWithdraw":"1000","withdraw":true,"deposit":true,"depositConfirmation":"20"},{"currency":"BITO (ERC20)","withdrawFee":"50","minWithdraw":"200","maxWithdraw":"3000000","maxDailyWithdraw":"10000000","withdraw":true,"deposit":true,"depositConfirmation":"64"},{"currency":"BNB","withdrawFee":"0.00016","minWithdraw":"0.1","maxWithdraw":"750","maxDailyWithdraw":"1500","withdraw":false,"deposit":false,"depositConfirmation":"1"},{"currency":"BNB (BEP20)","withdrawFee":"0.0002","minWithdraw":"0.1","maxWithdraw":"750","maxDailyWithdraw":"1500","withdraw":true,"deposit":true,"depositConfirmation":"1"},{"currency":"BTC","withdrawFee":"0.00004","minWithdraw":"0.0005","maxWithdraw":"50","maxDailyWithdraw":"100","withdraw":true,"deposit":true,"depositConfirmation":"3"},{"currency":"DOGE","withdrawFee":"4","minWithdraw":"5","maxWithdraw":"1000000","maxDailyWithdraw":"2000000","withdraw":true,"deposit":true,"depositConfirmation":"50"},{"currency":"EOS","withdrawFee":"0.3","minWithdraw":"1","maxWithdraw":"5500","maxDailyWithdraw":"11000","withdraw":false,"deposit":false,"depositConfirmation":"1"},{"currency":"ETH","withdrawFee":"0.0006","minWithdraw":"0.001","maxWithdraw":"500","maxDailyWithdraw":"1000","withdraw":true,"deposit":true,"depositConfirmation":"64"},{"currency":"LTC","withdrawFee":"0.0001","minWithdraw":"0.002","maxWithdraw":"2000","maxDailyWithdraw":"5000","withdraw":true,"deposit":true,"depositConfirmation":"5"},{"currency":"MATIC","withdrawFee":"0.08","minWithdraw":"10","maxWithdraw":"100000","maxDailyWithdraw":"200000","withdraw":false,"deposit":false,"depositConfirmation":"128"},{"currency":"MATIC (ERC20)","withdrawFee":"11","minWithdraw":"10","maxWithdraw":"100000","maxDailyWithdraw":"200000","withdraw":false,"deposit":false,"depositConfirmation":"64"},{"currency":"MV (Polygon)","withdrawFee":"10","minWithdraw":"1","maxWithdraw":"500000","maxDailyWithdraw":"1000000","withdraw":true,"deposit":true,"depositConfirmation":"300"},{"currency":"POL (ERC20)","withdrawFee":"11","minWithdraw":"10","maxWithdraw":"100000","maxDailyWithdraw":"200000","withdraw":false,"deposit":false,"depositConfirmation":"64"},{"currency":"POL","withdrawFee":"0.1","minWithdraw":"10","maxWithdraw":"100000","maxDailyWithdraw":"200000","withdraw":true,"deposit":true,"depositConfirmation":"128"},{"currency":"SHIB (ERC20)","withdrawFee":"250000","minWithdraw":"10000000","maxWithdraw":"5000000000","maxDailyWithdraw":"20000000000","withdraw":true,"deposit":true,"depositConfirmation":"64"},{"currency":"SOL","withdrawFee":"0.0011","minWithdraw":"0.03","maxWithdraw":"5000","maxDailyWithdraw":"10000","withdraw":true,"deposit":true,"depositConfirmation":"1"},{"currency":"TON (ERC20)","withdrawFee":"1","minWithdraw":"0.1","maxWithdraw":"20000","maxDailyWithdraw":"80000","withdraw":false,"deposit":false,"depositConfirmation":"64"},{"currency":"TON","withdrawFee":"0.02","minWithdraw":"0.1","maxWithdraw":"20000","maxDailyWithdraw":"80000","withdraw":true,"deposit":true,"depositConfirmation":"20"},{"currency":"TRX","withdrawFee":"1","minWithdraw":"10","maxWithdraw":"1000000","maxDailyWithdraw":"3000000","withdraw":true,"deposit":true,"depositConfirmation":"1"},{"currency":"TRX (ERC20)","withdrawFee":"75","minWithdraw":"10","maxWithdraw":"1000000","maxDailyWithdraw":"3000000","withdraw":false,"deposit":false,"depositConfirmation":"1"},{"currency":"USDC (ERC20)","withdrawFee":"2.6","minWithdraw":"10","maxWithdraw":"200000","maxDailyWithdraw":"1000000","withdraw":true,"deposit":true,"depositConfirmation":"64"},{"currency":"USDC (TRC20)","withdrawFee":"1","minWithdraw":"10","maxWithdraw":"200000","maxDailyWithdraw":"1000000","withdraw":false,"deposit":false,"depositConfirmation":"1"},{"currency":"USDC (Polygon)","withdrawFee":"0.05","minWithdraw":"10","maxWithdraw":"200000","maxDailyWithdraw":"1000000","withdraw":true,"deposit":true,"depositConfirmation":"300"},{"currency":"USDC (BEP20)","withdrawFee":"0.35","minWithdraw":"10","maxWithdraw":"200000","maxDailyWithdraw":"1000000","withdraw":true,"deposit":true,"depositConfirmation":"15"},{"currency":"USDT (Omni Layer)","withdrawFee":"10","minWithdraw":"10","maxWithdraw":"300000","maxDailyWithdraw":"500000","withdraw":false,"deposit":false,"depositConfirmation":"3"},{"currency":"USDT (Polygon)","withdrawFee":"0.05","minWithdraw":"10","maxWithdraw":"300000","maxDailyWithdraw":"500000","withdraw":true,"deposit":true,"depositConfirmation":"300"},{"currency":"USDT (TRC20)","withdrawFee":"1.6","minWithdraw":"10","maxWithdraw":"300000","maxDailyWithdraw":"500000","withdraw":true,"deposit":true,"depositConfirmation":"1"},{"currency":"USDT (ERC20)","withdrawFee":"2.6","minWithdraw":"10","maxWithdraw":"300000","maxDailyWithdraw":"500000","withdraw":true,"deposit":true,"depositConfirmation":"64"},{"currency":"USDT (BEP20)","withdrawFee":"0.1","minWithdraw":"10","maxWithdraw":"300000","maxDailyWithdraw":"500000","withdraw":true,"deposit":true,"depositConfirmation":"15"},{"currency":"XRP","withdrawFee":"0.2","minWithdraw":"25","maxWithdraw":"50000","maxDailyWithdraw":"100000","withdraw":true,"deposit":true,"depositConfirmation":"6"},{"currency":"YFI (ERC20)","withdrawFee":"0.0025","minWithdraw":"0.001","maxWithdraw":"1","maxDailyWithdraw":"3","withdraw":false,"deposit":false,"depositConfirmation":"12"}]} 
 </msg>
<msg timestamp="20250625 11:32:20.047" level="INFO">/Users/angelashi/Library/Python/3.9/lib/python/site-packages/urllib3/connectionpool.py:1045: InsecureRequestWarning: Unverified HTTPS request is being made to host 'api.bitopro.com'. Adding certificate verification is strongly advised. See: https://urllib3.readthedocs.io/en/1.26.x/advanced-usage.html#ssl-warnings
  warnings.warn(</msg>
<msg timestamp="20250625 11:32:20.048" level="INFO">${resp} = &lt;Response [200]&gt;</msg>
<status status="PASS" starttime="20250625 11:32:19.786" endtime="20250625 11:32:20.048"/>
</kw>
<status status="PASS" starttime="20250625 11:32:19.785" endtime="20250625 11:32:20.048"/>
</kw>
<kw name="Request Should Be Successful" library="RequestsLibrary">
<doc>Fails if response status code is a client or server error (4xx, 5xx).</doc>
<status status="PASS" starttime="20250625 11:32:20.048" endtime="20250625 11:32:20.049"/>
</kw>
<status status="PASS" starttime="20250625 11:32:19.778" endtime="20250625 11:32:20.050"/>
</test>
<status status="PASS" starttime="20250625 11:32:19.583" endtime="20250625 11:32:20.051"/>
</suite>
<statistics>
<total>
<stat pass="1" fail="0" skip="0">All Tests</stat>
</total>
<tag>
</tag>
<suite>
<stat pass="1" fail="0" skip="0" id="s1" name="Prac">Prac</stat>
</suite>
</statistics>
<errors>
</errors>
</robot>
