<?xml version="1.0" encoding="UTF-8"?>
<robot generator="Robot 6.0 (Python 3.9.6 on darwin)" generated="20250623 14:58:34.461" rpa="false" schemaversion="3">
<suite id="s1" name="Tests" source="/Users/angelashi/Documents/GitHub/robotapi/tests">
<suite id="s1-s1" name="Collet" source="/Users/angelashi/Documents/GitHub/robotapi/tests/collet.robot">
<kw name="Create Session" library="RequestsLibrary" type="SETUP">
<arg>jsonplaceholder</arg>
<arg>https://jsonplaceholder.typicode.com</arg>
<doc>Create Session: create a HTTP session to a server</doc>
<msg timestamp="20250623 14:58:34.545" level="INFO">Creating Session using : alias=jsonplaceholder, url=https://jsonplaceholder.typicode.com, headers={},                     cookies={}, auth=None, timeout=None, proxies=None, verify=False,                     debug=0 </msg>
<status status="PASS" starttime="20250623 14:58:34.544" endtime="20250623 14:58:34.545"/>
</kw>
<test id="s1-s1-t1" name="Get Request Test" line="9">
<kw name="Create Session" library="RequestsLibrary">
<arg>google</arg>
<arg>http://www.google.com</arg>
<doc>Create Session: create a HTTP session to a server</doc>
<msg timestamp="20250623 14:58:34.545" level="INFO">Creating Session using : alias=google, url=http://www.google.com, headers={},                     cookies={}, auth=None, timeout=None, proxies=None, verify=False,                     debug=0 </msg>
<status status="PASS" starttime="20250623 14:58:34.545" endtime="20250623 14:58:34.545"/>
</kw>
<kw name="GET On Session" library="RequestsLibrary">
<var>${resp_google}</var>
<arg>google</arg>
<arg>/</arg>
<arg>expected_status=200</arg>
<doc>Sends a GET request on a previously created HTTP Session.</doc>
<msg timestamp="20250623 14:58:34.618" level="INFO">GET Request : url=http://www.google.com/ 
 path_url=/ 
 headers={'User-Agent': 'python-requests/2.32.3', 'Accept-Encoding': 'gzip, deflate', 'Accept': '*/*', 'Connection': 'keep-alive'} 
 body=None 
 </msg>
<msg timestamp="20250623 14:58:34.618" level="INFO">GET Response : url=http://www.google.com/ 
 status=200, reason=OK 
 headers={'Date': 'Mon, 23 Jun 2025 06:58:34 GMT', 'Expires': '-1', 'Cache-Control': 'private, max-age=0', 'Content-Type': 'text/html; charset=ISO-8859-1', 'Content-Security-Policy-Report-Only': "object-src 'none';base-uri 'self';script-src 'nonce-U0CQZ3EN1ak6g_ZrCeTKLQ' 'strict-dynamic' 'report-sample' 'unsafe-eval' 'unsafe-inline' https: http:;report-uri https://csp.withgoogle.com/csp/gws/other-hp", 'P3P': 'CP="This is not a P3P policy! See g.co/p3phelp for more info."', 'Content-Encoding': 'gzip', 'Server': 'gws', 'X-XSS-Protection': '0', 'X-Frame-Options': 'SAMEORIGIN', 'Transfer-Encoding': 'chunked', 'Set-Cookie': 'AEC=AVh_V2hBjB7oQprXN9HMrtVk9gkQJrex6mbftC46CwsLeaAND-nBAw_Fww; expires=Sat, 20-Dec-2025 06:58:34 GMT; path=/; domain=.google.com; Secure; HttpOnly; SameSite=lax, NID=524=DqeNCyf6exrn7CvwQIiVEXIoZFqnf-CxBq0WsPQpnGyFSiVgWJ5cx5TtMpzjDZNNHK9f3QZAXdNnQg407mCXZQQTMKl_vCWNCMfHdEhcz80BvpNyd79if62EZhcSyMMmEWz42DnpnJ19GNOVdyqeVd8wfpYEIrYsQYv-YTjYJxgSQWOyCG_pbEsCzN1iewkgCMnsHPXVAYoxZm16gQ; expires=Tue, 23-Dec-2025 06:58:34 GMT; path=/; domain=.google.com; HttpOnly'} 
 body=&lt;!doctype html&gt;&lt;html itemscope="" itemtype="http://schema.org/WebPage" lang="zh-TW"&gt;&lt;head&gt;&lt;meta content="text/html; charset=UTF-8" http-equiv="Content-Type"&gt;&lt;meta content="/images/branding/googleg/1x/googleg_standard_color_128dp.png" itemprop="image"&gt;&lt;title&gt;Google&lt;/title&gt;&lt;script nonce="U0CQZ3EN1ak6g_ZrCeTKLQ"&gt;(function(){var _g={kEI:'GvtYaPu6I9j21e8PyIDFkAM',kEXPI:'0,18167,184625,52,10,2,610014,2887457,622,435,302126,236535,14112,34679,124345,266578,247320,23156,13153,6415,5241682,445,36812197,25228681,138268,14126,65153,6756,23879,9138,4600,328,6225,64165,15049,8221,852,6561,30376,28339,42882,11324,353,4099,14781,8967,4617,5774,16301,11310,16524,3261,1551,17,1422,35,3420,2693,832,4420,5538,12108,656,1707,3320,3605,1082,6245,4082,1737,4625,9161,121,3548,5801,649,616,3609,3,3554,1257,935,3,985,485,1,2782,1091,1737,1163,2453,597,626,1,747,2220,492,2,899,563,1059,537,4,640,2467,1033,1238,341,3281,2789,1927,1456,413,984,227,195,595,346,406,356,1625,676,258,1813,2,4,1,264,77,6,4865,4,5,199,238,432,31,3,1322,289,695,7,155,532,2,1140,1212,1746,139,1714,366,406,472,1446,3,2,2,2,145,1186,647,40,680,617,498,963,866,467,138,4,445,12,2273,116,255,574,933,395,100,627,85,519,69,114,3046,1443,56,2,622,2155,288,928,351,302,289,4,616,503,259,95,20,540,98,154,448,335,40,176,24,24,24,116,157,955,550,154,118,144,66,1029,167,110,564,463,103,174,539,152,638,189,73,497,555,1,2,355,14,25,96,2,2,4,282,4,1082,350,266,16,155,18,138,318,175,499,165,58,229,597,700,711,310,2,97,3,6,6,103,74,299,1315,13,460,2,872,279,91,841,1642,2,9,1,1991,2244,20828219,416079,5,2992,4,2960,3,1272,35,168,547,3,2308,15,711,2825,607,2,706,756,10,264,2271,3,169,550,74,61,927,3,193,9,1073,6020684,2473307,28046,446894',kBL:'_WqU',kOPI:89978449};(function(){var a;((a=window.google)==null?0:a.stvsc)?google.kEI=_g.kEI:window.google=_g;}).call(this);})();(function(){google.sn='webhp';google.kHL='zh-TW';})();(function(){
var g=this||self;function k(){return window.google&amp;&amp;window.google.kOPI||null};var l,m=[];function n(a){for(var b;a&amp;&amp;(!a.getAttribute||!(b=a.getAttribute("eid")));)a=a.parentNode;return b||l}function p(a){for(var b=null;a&amp;&amp;(!a.getAttribute||!(b=a.getAttribute("leid")));)a=a.parentNode;return b}function q(a){/^http:/i.test(a)&amp;&amp;window.location.protocol==="https:"&amp;&amp;(google.ml&amp;&amp;google.ml(Error("a"),!1,{src:a,glmm:1}),a="");return a}
function r(a,b,d,c,h){var e="";b.search("&amp;ei=")===-1&amp;&amp;(e="&amp;ei="+n(c),b.search("&amp;lei=")===-1&amp;&amp;(c=p(c))&amp;&amp;(e+="&amp;lei="+c));var f=b.search("&amp;cshid=")===-1&amp;&amp;a!=="slh";c="&amp;zx="+Date.now().toString();g._cshid&amp;&amp;f&amp;&amp;(c+="&amp;cshid="+g._cshid);(d=d())&amp;&amp;(c+="&amp;opi="+d);return"/"+(h||"gen_204")+"?atyp=i&amp;ct="+String(a)+"&amp;cad="+(b+e+c)};l=google.kEI;google.getEI=n;google.getLEI=p;google.ml=function(){return null};google.log=function(a,b,d,c,h,e){e=e===void 0?k:e;d||(d=r(a,b,e,c,h));if(d=q(d)){a=new Image;var f=m.length;m[f]=a;a.onerror=a.onload=a.onabort=function(){delete m[f]};a.src=d}};google.logUrl=function(a,b){b=b===void 0?k:b;return r("",a,b)};}).call(this);(function(){google.y={};google.sy=[];var d;(d=google).x||(d.x=function(a,b){if(a)var c=a.id;else{do c=Math.random();while(google.y[c])}google.y[c]=[a,b];return!1});var e;(e=google).sx||(e.sx=function(a){google.sy.push(a)});google.lm=[];var f;(f=google).plm||(f.plm=function(a){google.lm.push.apply(google.lm,a)});google.lq=[];var g;(g=google).load||(g.load=function(a,b,c){google.lq.push([[a],b,c])});var h;(h=google).loadAll||(h.loadAll=function(a,b){google.lq.push([a,b])});google.bx=!1;var k;(k=google).lx||(k.lx=function(){});var l=[],m;(m=google).fce||(m.fce=function(a,b,c,n){l.push([a,b,c,n])});google.qce=l;}).call(this);google.f={};(function(){
document.documentElement.addEventListener("submit",function(b){var a;if(a=b.target){var c=a.getAttribute("data-submitfalse");a=c==="1"||c==="q"&amp;&amp;!a.elements.q.value?!0:!1}else a=!1;a&amp;&amp;(b.preventDefault(),b.stopPropagation())},!0);document.documentElement.addEventListener("click",function(b){var a;a:{for(a=b.target;a&amp;&amp;a!==document.documentElement;a=a.parentElement)if(a.tagName==="A"){a=a.getAttribute("data-nohref")==="1";break a}a=!1}a&amp;&amp;b.preventDefault()},!0);}).call(this);&lt;/script&gt;&lt;style&gt;#gbar,#guser{font-size:13px;padding-top:1px !important;}#gbar{height:22px}#guser{padding-bottom:7px !important;text-align:right}.gbh,.gbd{border-top:1px solid #c9d7f1;font-size:1px}.gbh{height:0;position:absolute;top:24px;width:100%}@media all{.gb1{height:22px;margin-right:.5em;vertical-align:top}#gbar{float:left}}a.gb1,a.gb4{text-decoration:underline !important}a.gb1,a.gb4{color:#00c !important}.gbi .gb4{color:#dd8e27 !important}.gbf .gb4{color:#900 !important}
&lt;/style&gt;&lt;style&gt;body,td,a,p,.h{font-family:sans-serif}body{margin:0;overflow-y:scroll}#gog{padding:3px 8px 0}td{line-height:.8em}.gac_m td{line-height:17px}form{margin-bottom:20px}.h{color:#1967d2}em{color:#c5221f;font-style:normal;font-weight:normal}a em{text-decoration:underline}.lst{height:25px;width:496px}.gsfi,.lst{font:18px sans-serif}.gsfs{font:17px sans-serif}.ds{display:inline-box;display:inline-block;margin:3px 0 4px;margin-left:4px}input{font-family:inherit}body{background:#fff;color:#000}a{color:#681da8;text-decoration:none}a:hover,a:active{text-decoration:underline}.fl a{color:#1967d2}a:visited{color:#681da8}.sblc{padding-top:5px}.sblc a{display:block;margin:2px 0;margin-left:13px;font-size:11px}.lsbb{background:#f8f9fa;border:solid 1px;border-color:#dadce0 #70757a #70757a #dadce0;height:30px}.lsbb{display:block}#WqQANb a{display:inline-block;margin:0 12px}.lsb{background:url(/images/nav_logo229.png) 0 -261px repeat-x;color:#000;border:none;cursor:pointer;height:30px;margin:0;outline:0;font:15px sans-serif;vertical-align:top}.lsb:active{background:#dadce0}.lst:focus{outline:none}&lt;/style&gt;&lt;script nonce="U0CQZ3EN1ak6g_ZrCeTKLQ"&gt;(function(){window.google.erd={jsr:1,bv:2241,de:true,dpf:'-UvcplPSEbJeMqyI0DWdN5xpvd2jGX7etuLBJboey7E'};
var g=this||self;var k,l=(k=g.mei)!=null?k:1,m,p=(m=g.diel)!=null?m:0,q,r=(q=g.sdo)!=null?q:!0,t=0,u,w=google.erd,x=w.jsr;google.ml=function(a,b,d,n,e){e=e===void 0?2:e;b&amp;&amp;(u=a&amp;&amp;a.message);d===void 0&amp;&amp;(d={});d.cad="ple_"+google.ple+".aple_"+google.aple;if(google.dl)return google.dl(a,e,d,!0),null;b=d;if(x&lt;0){window.console&amp;&amp;console.error(a,b);if(x===-2)throw a;b=!1}else b=!a||!a.message||a.message==="Error loading script"||t&gt;=l&amp;&amp;!n?!1:!0;if(!b)return null;t++;d=d||{};b=encodeURIComponent;var c="/gen_204?atyp=i&amp;ei="+b(google.kEI);google.kEXPI&amp;&amp;(c+="&amp;jexpid="+b(google.kEXPI));c+="&amp;srcpg="+b(google.sn)+"&amp;jsr="+b(w.jsr)+
"&amp;bver="+b(w.bv);w.dpf&amp;&amp;(c+="&amp;dpf="+b(w.dpf));var f=a.lineNumber;f!==void 0&amp;&amp;(c+="&amp;line="+f);var h=a.fileName;h&amp;&amp;(h.indexOf("-extension:/")&gt;0&amp;&amp;(e=3),c+="&amp;script="+b(h),f&amp;&amp;h===window.location.href&amp;&amp;(f=document.documentElement.outerHTML.split("\n")[f],c+="&amp;cad="+b(f?f.substring(0,300):"No script found.")));google.ple&amp;&amp;google.ple===1&amp;&amp;(e=2);c+="&amp;jsel="+e;for(var v in d)c+="&amp;",c+=b(v),c+="=",c+=b(d[v]);c=c+"&amp;emsg="+b(a.name+": "+a.message);c=c+"&amp;jsst="+b(a.stack||"N/A");c.length&gt;=12288&amp;&amp;(c=c.substr(0,12288));a=c;n||google.log(0,"",a);return a};window.onerror=function(a,b,d,n,e){u!==a&amp;&amp;(a=e instanceof Error?e:Error(a),d===void 0||"lineNumber"in a||(a.lineNumber=d),b===void 0||"fileName"in a||(a.fileName=b),google.ml(a,!1,void 0,!1,a.name==="SyntaxError"||a.message.substring(0,11)==="SyntaxError"||a.message.indexOf("Script error")!==-1?3:p));u=null;r&amp;&amp;t&gt;=l&amp;&amp;(window.onerror=null)};})();&lt;/script&gt;&lt;/head&gt;&lt;body bgcolor="#fff"&gt;&lt;script nonce="U0CQZ3EN1ak6g_ZrCeTKLQ"&gt;(function(){var src='/images/nav_logo229.png';var iesg=false;document.body.onload = function(){window.n &amp;&amp; window.n();if (document.images){new Image().src=src;}
if (!iesg){document.f&amp;&amp;document.f.q.focus();document.gbqf&amp;&amp;document.gbqf.q.focus();}
}
})();&lt;/script&gt;&lt;div id="mngb"&gt;&lt;div id=gbar&gt;&lt;nobr&gt;&lt;b class=gb1&gt;&amp;#25628;&amp;#23563;&lt;/b&gt; &lt;a class=gb1 href="https://www.google.com/imghp?hl=zh-TW&amp;tab=wi"&gt;&amp;#22294;&amp;#29255;&lt;/a&gt; &lt;a class=gb1 href="http://maps.google.com.tw/maps?hl=zh-TW&amp;tab=wl"&gt;&amp;#22320;&amp;#22294;&lt;/a&gt; &lt;a class=gb1 href="https://play.google.com/?hl=zh-TW&amp;tab=w8"&gt;Play&lt;/a&gt; &lt;a class=gb1 href="https://www.youtube.com/?tab=w1"&gt;YouTube&lt;/a&gt; &lt;a class=gb1 href="https://news.google.com/?tab=wn"&gt;&amp;#26032;&amp;#32862;&lt;/a&gt; &lt;a class=gb1 href="https://mail.google.com/mail/?tab=wm"&gt;Gmail&lt;/a&gt; &lt;a class=gb1 href="https://drive.google.com/?tab=wo"&gt;&amp;#38642;&amp;#31471;&amp;#30828;&amp;#30879;&lt;/a&gt; &lt;a class=gb1 style="text-decoration:none" href="https://www.google.com.tw/intl/zh-TW/about/products?tab=wh"&gt;&lt;u&gt;&amp;#26356;&amp;#22810;&lt;/u&gt; &amp;raquo;&lt;/a&gt;&lt;/nobr&gt;&lt;/div&gt;&lt;div id=guser width=100%&gt;&lt;nobr&gt;&lt;span id=gbn class=gbi&gt;&lt;/span&gt;&lt;span id=gbf class=gbf&gt;&lt;/span&gt;&lt;span id=gbe&gt;&lt;/span&gt;&lt;a href="http://www.google.com.tw/history/optout?hl=zh-TW" class=gb4&gt;&amp;#32178;&amp;#38913;&amp;#35352;&amp;#37636;&lt;/a&gt; | &lt;a  href="/preferences?hl=zh-TW" class=gb4&gt;&amp;#35373;&amp;#23450;&lt;/a&gt; | &lt;a target=_top id=gb_70 href="https://accounts.google.com/ServiceLogin?hl=zh-TW&amp;passive=true&amp;continue=http://www.google.com/&amp;ec=GAZAAQ" class=gb4&gt;&amp;#30331;&amp;#20837;&lt;/a&gt;&lt;/nobr&gt;&lt;/div&gt;&lt;div class=gbh style=left:0&gt;&lt;/div&gt;&lt;div class=gbh style=right:0&gt;&lt;/div&gt;&lt;/div&gt;&lt;center&gt;&lt;br clear="all" id="lgpd"&gt;&lt;div id="XjhHGf"&gt;&lt;img alt="Google" height="92" src="/images/branding/googlelogo/1x/googlelogo_white_background_color_272x92dp.png" style="padding:28px 0 14px" width="272" id="hplogo"&gt;&lt;br&gt;&lt;br&gt;&lt;/div&gt;&lt;form action="/search" name="f"&gt;&lt;table cellpadding="0" cellspacing="0"&gt;&lt;tr valign="top"&gt;&lt;td width="25%"&gt;&amp;nbsp;&lt;/td&gt;&lt;td align="center" nowrap=""&gt;&lt;input name="ie" value="ISO-8859-1" type="hidden"&gt;&lt;input value="zh-TW" name="hl" type="hidden"&gt;&lt;input name="source" type="hidden" value="hp"&gt;&lt;input name="biw" type="hidden"&gt;&lt;input name="bih" type="hidden"&gt;&lt;div class="ds" style="height:32px;margin:4px 0"&gt;&lt;input class="lst" style="margin:0;padding:5px 8px 0 6px;vertical-align:top;color:#000" autocomplete="off" value="" title="Google &amp;#25628;&amp;#23563;" maxlength="2048" name="q" size="57"&gt;&lt;/div&gt;&lt;br style="line-height:0"&gt;&lt;span class="ds"&gt;&lt;span class="lsbb"&gt;&lt;input class="lsb" value="Google &amp;#25628;&amp;#23563;" name="btnG" type="submit"&gt;&lt;/span&gt;&lt;/span&gt;&lt;span class="ds"... (set the log level to DEBUG or TRACE to see the full content) 
 </msg>
<msg timestamp="20250623 14:58:34.618" level="INFO">${resp_google} = &lt;Response [200]&gt;</msg>
<status status="PASS" starttime="20250623 14:58:34.545" endtime="20250623 14:58:34.618"/>
</kw>
<kw name="GET On Session" library="RequestsLibrary">
<var>${resp_json}</var>
<arg>jsonplaceholder</arg>
<arg>/posts/1</arg>
<doc>Sends a GET request on a previously created HTTP Session.</doc>
<msg timestamp="20250623 14:58:35.206" level="INFO">GET Request : url=https://jsonplaceholder.typicode.com/posts/1 
 path_url=/posts/1 
 headers={'User-Agent': 'python-requests/2.32.3', 'Accept-Encoding': 'gzip, deflate', 'Accept': '*/*', 'Connection': 'keep-alive'} 
 body=None 
 </msg>
<msg timestamp="20250623 14:58:35.206" level="INFO">GET Response : url=https://jsonplaceholder.typicode.com/posts/1 
 status=200, reason=OK 
 headers={'Date': 'Mon, 23 Jun 2025 06:58:35 GMT', 'Content-Type': 'application/json; charset=utf-8', 'Transfer-Encoding': 'chunked', 'Connection': 'keep-alive', 'Access-Control-Allow-Credentials': 'true', 'Cache-Control': 'max-age=43200', 'Etag': 'W/"124-yiKdLzqO5gfBrJFrcdJ8Yq0LGnU"', 'Expires': '-1', 'Nel': '{"report_to":"heroku-nel","response_headers":["Via"],"max_age":3600,"success_fraction":0.01,"failure_fraction":0.1}', 'Pragma': 'no-cache', 'Report-To': '{"group":"heroku-nel","endpoints":[{"url":"https://nel.heroku.com/reports?s=7%2FCncREn5q0m9hCuDlFx8UvtjTfDxh9twM%2FrA0TazsU%3D\\u0026sid=e11707d5-02a7-43ef-b45e-2cf4d2036f7d\\u0026ts=1750483884"}],"max_age":3600}', 'Reporting-Endpoints': 'heroku-nel="https://nel.heroku.com/reports?s=7%2FCncREn5q0m9hCuDlFx8UvtjTfDxh9twM%2FrA0TazsU%3D&amp;sid=e11707d5-02a7-43ef-b45e-2cf4d2036f7d&amp;ts=1750483884"', 'Server': 'cloudflare', 'Vary': 'Origin, Accept-Encoding', 'Via': '2.0 heroku-router', 'X-Content-Type-Options': 'nosniff', 'X-Powered-By': 'Express', 'X-Ratelimit-Limit': '1000', 'X-Ratelimit-Remaining': '999', 'X-Ratelimit-Reset': '1750483897', 'Age': '5188', 'Cf-Cache-Status': 'HIT', 'Content-Encoding': 'gzip', 'CF-RAY': '954219098f2026ae-SJC', 'alt-svc': 'h3=":443"; ma=86400'} 
 body={
  "userId": 1,
  "id": 1,
  "title": "sunt aut facere repellat provident occaecati excepturi optio reprehenderit",
  "body": "quia et suscipit\nsuscipit recusandae consequuntur expedita et cum\nreprehenderit molestiae ut ut quas totam\nnostrum rerum est autem sunt rem eveniet architecto"
} 
 </msg>
<msg timestamp="20250623 14:58:35.206" level="INFO">/Users/angelashi/Library/Python/3.9/lib/python/site-packages/urllib3/connectionpool.py:1045: InsecureRequestWarning: Unverified HTTPS request is being made to host 'jsonplaceholder.typicode.com'. Adding certificate verification is strongly advised. See: https://urllib3.readthedocs.io/en/1.26.x/advanced-usage.html#ssl-warnings
  warnings.warn(</msg>
<msg timestamp="20250623 14:58:35.207" level="INFO">${resp_json} = &lt;Response [200]&gt;</msg>
<status status="PASS" starttime="20250623 14:58:34.619" endtime="20250623 14:58:35.207"/>
</kw>
<kw name="Should Be Equal As Strings" library="BuiltIn">
<arg>${resp_google.reason}</arg>
<arg>OK</arg>
<doc>Fails if objects are unequal after converting them to strings.</doc>
<status status="PASS" starttime="20250623 14:58:35.207" endtime="20250623 14:58:35.208"/>
</kw>
<status status="PASS" starttime="20250623 14:58:34.545" endtime="20250623 14:58:35.208"/>
</test>
<test id="s1-s1-t2" name="Post Request Test" line="18">
<kw name="Create Dictionary" library="BuiltIn">
<var>&amp;{data}</var>
<arg>title=Robotframework requests</arg>
<arg>body=This is a test!</arg>
<arg>userId=1</arg>
<doc>Creates and returns a dictionary based on the given ``items``.</doc>
<msg timestamp="20250623 14:58:35.209" level="INFO">&amp;{data} = { title=Robotframework requests | body=This is a test! | userId=1 }</msg>
<status status="PASS" starttime="20250623 14:58:35.208" endtime="20250623 14:58:35.209"/>
</kw>
<kw name="POST On Session" library="RequestsLibrary">
<var>${resp}</var>
<arg>jsonplaceholder</arg>
<arg>/posts</arg>
<arg>json=${data}</arg>
<arg>expected_status=anything</arg>
<doc>Sends a POST request on a previously created HTTP Session.</doc>
<msg timestamp="20250623 14:58:35.432" level="INFO">POST Request : url=https://jsonplaceholder.typicode.com/posts 
 path_url=/posts 
 headers={'User-Agent': 'python-requests/2.32.3', 'Accept-Encoding': 'gzip, deflate', 'Accept': '*/*', 'Connection': 'keep-alive', 'Content-Length': '78', 'Content-Type': 'application/json'} 
 body=b'{"title": "Robotframework requests", "body": "This is a test!", "userId": "1"}' 
 </msg>
<msg timestamp="20250623 14:58:35.432" level="INFO">POST Response : url=https://jsonplaceholder.typicode.com/posts 
 status=201, reason=Created 
 headers={'Date': 'Mon, 23 Jun 2025 06:58:35 GMT', 'Content-Type': 'application/json; charset=utf-8', 'Content-Length': '99', 'Connection': 'keep-alive', 'Access-Control-Allow-Credentials': 'true', 'Access-Control-Expose-Headers': 'Location', 'Cache-Control': 'no-cache', 'Etag': 'W/"63-daIIVFzR7RBBdtxHXrQgXNh6uvc"', 'Expires': '-1', 'Location': 'https://jsonplaceholder.typicode.com/posts/101', 'Nel': '{"report_to":"heroku-nel","response_headers":["Via"],"max_age":3600,"success_fraction":0.01,"failure_fraction":0.1}', 'Pragma': 'no-cache', 'Report-To': '{"group":"heroku-nel","endpoints":[{"url":"https://nel.heroku.com/reports?s=xQw0BAs6BXO3%2FA%2Fk4jTZMnf%2FK3dnx1KYTLjTcIMHjOc%3D\\u0026sid=e11707d5-02a7-43ef-b45e-2cf4d2036f7d\\u0026ts=1750661915"}],"max_age":3600}', 'Reporting-Endpoints': 'heroku-nel="https://nel.heroku.com/reports?s=xQw0BAs6BXO3%2FA%2Fk4jTZMnf%2FK3dnx1KYTLjTcIMHjOc%3D&amp;sid=e11707d5-02a7-43ef-b45e-2cf4d2036f7d&amp;ts=1750661915"', 'Server': 'cloudflare', 'Vary': 'Origin, X-HTTP-Method-Override, Accept-Encoding', 'Via': '2.0 heroku-router', 'X-Content-Type-Options': 'nosniff', 'X-Powered-By': 'Express', 'X-Ratelimit-Limit': '1000', 'X-Ratelimit-Remaining': '999', 'X-Ratelimit-Reset': '1750661966', 'Cf-Cache-Status': 'DYNAMIC', 'CF-RAY': '9542190a885526ae-SJC', 'alt-svc': 'h3=":443"; ma=86400'} 
 body={
  "title": "Robotframework requests",
  "body": "This is a test!",
  "userId": "1",
  "id": 101
} 
 </msg>
<msg timestamp="20250623 14:58:35.432" level="INFO">/Users/angelashi/Library/Python/3.9/lib/python/site-packages/urllib3/connectionpool.py:1045: InsecureRequestWarning: Unverified HTTPS request is being made to host 'jsonplaceholder.typicode.com'. Adding certificate verification is strongly advised. See: https://urllib3.readthedocs.io/en/1.26.x/advanced-usage.html#ssl-warnings
  warnings.warn(</msg>
<msg timestamp="20250623 14:58:35.432" level="INFO">${resp} = &lt;Response [201]&gt;</msg>
<status status="PASS" starttime="20250623 14:58:35.209" endtime="20250623 14:58:35.433"/>
</kw>
<kw name="Status Should Be" library="RequestsLibrary">
<arg>201</arg>
<arg>${resp}</arg>
<doc>Fails if response status code is different than the expected.</doc>
<status status="PASS" starttime="20250623 14:58:35.433" endtime="20250623 14:58:35.434"/>
</kw>
<status status="PASS" starttime="20250623 14:58:35.208" endtime="20250623 14:58:35.434"/>
</test>
<status status="PASS" starttime="20250623 14:58:34.473" endtime="20250623 14:58:35.435"/>
</suite>
<suite id="s1-s2" name="Google" source="/Users/angelashi/Documents/GitHub/robotapi/tests/google.robot">
<test id="s1-s2-t1" name="Quick Get Request Test" line="5">
<kw name="GET" library="RequestsLibrary">
<var>${response}</var>
<arg>https://www.google.com</arg>
<doc>Sends a GET request.</doc>
<msg timestamp="20250623 14:58:35.541" level="INFO">GET Request : url=https://www.google.com/ 
 path_url=/ 
 headers={'User-Agent': 'python-requests/2.32.3', 'Accept-Encoding': 'gzip, deflate', 'Accept': '*/*', 'Connection': 'keep-alive'} 
 body=None 
 </msg>
<msg timestamp="20250623 14:58:35.541" level="INFO">GET Response : url=https://www.google.com/ 
 status=200, reason=OK 
 headers={'Date': 'Mon, 23 Jun 2025 06:58:35 GMT', 'Expires': '-1', 'Cache-Control': 'private, max-age=0', 'Content-Type': 'text/html; charset=ISO-8859-1', 'Content-Security-Policy-Report-Only': "object-src 'none';base-uri 'self';script-src 'nonce--CHstNaqkIOFtBtyW9fGmw' 'strict-dynamic' 'report-sample' 'unsafe-eval' 'unsafe-inline' https: http:;report-uri https://csp.withgoogle.com/csp/gws/other-hp", 'Accept-CH': 'Sec-CH-Prefers-Color-Scheme', 'P3P': 'CP="This is not a P3P policy! See g.co/p3phelp for more info."', 'Content-Encoding': 'gzip', 'Server': 'gws', 'X-XSS-Protection': '0', 'X-Frame-Options': 'SAMEORIGIN', 'Set-Cookie': 'AEC=AVh_V2iwb4civCuNLDsEQbD2xOn-f28WwAzZ5I7rDVPcmJEVtswLRCb0GA0; expires=Sat, 20-Dec-2025 06:58:35 GMT; path=/; domain=.google.com; Secure; HttpOnly; SameSite=lax, NID=525=VNkykt7vkZ8zce6BRIpUe2xr2N1GV1py2nYz7Z5jDRJIHntTroqAfeHpyiSVUwGommr2ehNCiQlYa56MJFRoHaukMHjaeA2CC48tSDqo_KW3oOt6-wiuqj_e4Qeyozeen661JI0q_97NaC_CDZE4itm8jObxGxWhq2-pmypk0G7SFINAM8cYMBg_KGK-uVx9-9IvJbjBMToUD-STWQ; expires=Tue, 23-Dec-2025 06:58:35 GMT; path=/; domain=.google.com; HttpOnly', 'Alt-Svc': 'h3=":443"; ma=2592000,h3-29=":443"; ma=2592000', 'Transfer-Encoding': 'chunked'} 
 body=&lt;!doctype html&gt;&lt;html itemscope="" itemtype="http://schema.org/WebPage" lang="zh-TW"&gt;&lt;head&gt;&lt;meta content="text/html; charset=UTF-8" http-equiv="Content-Type"&gt;&lt;meta content="/images/branding/googleg/1x/googleg_standard_color_128dp.png" itemprop="image"&gt;&lt;title&gt;Google&lt;/title&gt;&lt;script nonce="-CHstNaqkIOFtBtyW9fGmw"&gt;(function(){var _g={kEI:'G_tYaLyXHrnj1e8P0cKRmQs',kEXPI:'0,202791,53,10,2,610014,2887377,702,435,448529,90132,48791,30022,6398,9707,78218,266578,247320,42724,5241682,36812642,25228681,51190,5,79467,7606,14126,4548,48866,11743,6752,23878,7034,2105,4600,328,6225,54189,9267,709,15048,8222,7413,30376,28339,10898,37414,4637,1258,352,18880,8970,4614,5774,15030,1271,8659,2651,4719,2549,9256,3261,2990,35,3420,5746,7737,12108,656,3050,1977,3604,1083,10327,1737,4625,9161,115,3554,5801,649,4225,3,3558,1253,935,3,985,485,1,2781,1092,945,792,1044,3168,627,1,747,1846,373,497,2,895,531,1089,539,4,640,482,7,487,1491,754,279,1238,341,3281,2243,2473,1456,889,508,330,93,298,5,637,2387,934,1813,2,4,1,266,75,6,4089,984,223,447,31,3,1321,49,855,81,7,154,78,455,2,2352,1652,94,274,1579,772,472,483,963,3,2,2,2,150,1181,647,1274,67,494,1829,467,143,4,452,1793,480,118,253,574,458,475,395,812,587,861,918,3,3,1375,2083,41,856,2,1,3,1,2,3,1,3,2,2,2,2,1,3,2,2,2,2,2,2,2,2,1,2,3,1,2,3,1,3,1,3,1,3,1,2,2,3,2,1,2,2,2,2,2,3,2,2,2,1,3,1,3,1,3,2,1,2,2,2,2,3,1,2,3,1,3,1,2,2,2,2,3,2,2,1,3,1,3,1,2,2,2,3,2,1,2,2,2,2,3,2,1,2,2,3,2,2,2,2,1,2,2,3,2,1,2,3,2,1,3,2,2,2,1,2,3,2,2,1,3,1,2,3,1,2,2,2,3,2,1,2,3,2,1,2,2,3,1,2,2,2,2,3,2,1,3,2,2,1,3,1,3,2,2,2,1,2,2,3,2,2,1,3,1,2,2,3,2,2,2,1,3,2,2,1,3,1,2,2,3,1,2,3,2,2,1,3,2,1,2,3,28,4,957,213,585,143,480,72,408,183,4,617,225,277,260,654,30,220,450,375,176,24,24,24,267,387,575,291,529,144,67,183,675,170,168,109,565,463,102,570,702,2,275,144,571,170,610,132,14,25,104,82,4,220,4,926,133,1,338,12,3,261,20,152,154,226,54,167,47,211,287,167,57,229,597,677,7,16,17,2,545,147,530,1685,156,1470,89,215,18,183,1854,215,2,9,1,300,1598,2486,20828071,416078,5,2992,4,2960,3,1272,36,167,2858,15,718,3425,2,1462,11,263,970,1010,461,553,72,63,881,3,238,10,1072,6020684,2473307,27641,447299',kBL:'_WqU',kOPI:89978449};(function(){var a;((a=window.google)==null?0:a.stvsc)?google.kEI=_g.kEI:window.google=_g;}).call(this);})();(function(){google.sn='webhp';google.kHL='zh-TW';})();(function(){
var g=this||self;function k(){return window.google&amp;&amp;window.google.kOPI||null};var l,m=[];function n(a){for(var b;a&amp;&amp;(!a.getAttribute||!(b=a.getAttribute("eid")));)a=a.parentNode;return b||l}function p(a){for(var b=null;a&amp;&amp;(!a.getAttribute||!(b=a.getAttribute("leid")));)a=a.parentNode;return b}function q(a){/^http:/i.test(a)&amp;&amp;window.location.protocol==="https:"&amp;&amp;(google.ml&amp;&amp;google.ml(Error("a"),!1,{src:a,glmm:1}),a="");return a}
function r(a,b,d,c,h){var e="";b.search("&amp;ei=")===-1&amp;&amp;(e="&amp;ei="+n(c),b.search("&amp;lei=")===-1&amp;&amp;(c=p(c))&amp;&amp;(e+="&amp;lei="+c));var f=b.search("&amp;cshid=")===-1&amp;&amp;a!=="slh";c="&amp;zx="+Date.now().toString();g._cshid&amp;&amp;f&amp;&amp;(c+="&amp;cshid="+g._cshid);(d=d())&amp;&amp;(c+="&amp;opi="+d);return"/"+(h||"gen_204")+"?atyp=i&amp;ct="+String(a)+"&amp;cad="+(b+e+c)};l=google.kEI;google.getEI=n;google.getLEI=p;google.ml=function(){return null};google.log=function(a,b,d,c,h,e){e=e===void 0?k:e;d||(d=r(a,b,e,c,h));if(d=q(d)){a=new Image;var f=m.length;m[f]=a;a.onerror=a.onload=a.onabort=function(){delete m[f]};a.src=d}};google.logUrl=function(a,b){b=b===void 0?k:b;return r("",a,b)};}).call(this);(function(){google.y={};google.sy=[];var d;(d=google).x||(d.x=function(a,b){if(a)var c=a.id;else{do c=Math.random();while(google.y[c])}google.y[c]=[a,b];return!1});var e;(e=google).sx||(e.sx=function(a){google.sy.push(a)});google.lm=[];var f;(f=google).plm||(f.plm=function(a){google.lm.push.apply(google.lm,a)});google.lq=[];var g;(g=google).load||(g.load=function(a,b,c){google.lq.push([[a],b,c])});var h;(h=google).loadAll||(h.loadAll=function(a,b){google.lq.push([a,b])});google.bx=!1;var k;(k=google).lx||(k.lx=function(){});var l=[],m;(m=google).fce||(m.fce=function(a,b,c,n){l.push([a,b,c,n])});google.qce=l;}).call(this);google.f={};(function(){
document.documentElement.addEventListener("submit",function(b){var a;if(a=b.target){var c=a.getAttribute("data-submitfalse");a=c==="1"||c==="q"&amp;&amp;!a.elements.q.value?!0:!1}else a=!1;a&amp;&amp;(b.preventDefault(),b.stopPropagation())},!0);document.documentElement.addEventListener("click",function(b){var a;a:{for(a=b.target;a&amp;&amp;a!==document.documentElement;a=a.parentElement)if(a.tagName==="A"){a=a.getAttribute("data-nohref")==="1";break a}a=!1}a&amp;&amp;b.preventDefault()},!0);}).call(this);&lt;/script&gt;&lt;style&gt;#gbar,#guser{font-size:13px;padding-top:1px !important;}#gbar{height:22px}#guser{padding-bottom:7px !important;text-align:right}.gbh,.gbd{border-top:1px solid #c9d7f1;font-size:1px}.gbh{height:0;position:absolute;top:24px;width:100%}@media all{.gb1{height:22px;margin-right:.5em;vertical-align:top}#gbar{float:left}}a.gb1,a.gb4{text-decoration:underline !important}a.gb1,a.gb4{color:#00c !important}.gbi .gb4{color:#dd8e27 !important}.gbf .gb4{color:#900 !important}
&lt;/style&gt;&lt;style&gt;body,td,a,p,.h{font-family:sans-serif}body{margin:0;overflow-y:scroll}#gog{padding:3px 8px 0}td{line-height:.8em}.gac_m td{line-height:17px}form{margin-bottom:20px}.h{color:#1967d2}em{color:#c5221f;font-style:normal;font-weight:normal}a em{text-decoration:underline}.lst{height:25px;width:496px}.gsfi,.lst{font:18px sans-serif}.gsfs{font:17px sans-serif}.ds{display:inline-box;display:inline-block;margin:3px 0 4px;margin-left:4px}input{font-family:inherit}body{background:#fff;color:#000}a{color:#681da8;text-decoration:none}a:hover,a:active{text-decoration:underline}.fl a{color:#1967d2}a:visited{color:#681da8}.sblc{padding-top:5px}.sblc a{display:block;margin:2px 0;margin-left:13px;font-size:11px}.lsbb{background:#f8f9fa;border:solid 1px;border-color:#dadce0 #70757a #70757a #dadce0;height:30px}.lsbb{display:block}#WqQANb a{display:inline-block;margin:0 12px}.lsb{background:url(/images/nav_logo229.png) 0 -261px repeat-x;color:#000;border:none;cursor:pointer;height:30px;margin:0;outline:0;font:15px sans-serif;vertical-align:top}.lsb:active{background:#dadce0}.lst:focus{outline:none}&lt;/style&gt;&lt;script nonce="-CHstNaqkIOFtBtyW9fGmw"&gt;(function(){window.google.erd={jsr:1,bv:2241,de:true,dpf:'-UvcplPSEbJeMqyI0DWdN5xpvd2jGX7etuLBJboey7E'};
var g=this||self;var k,l=(k=g.mei)!=null?k:1,m,p=(m=g.diel)!=null?m:0,q,r=(q=g.sdo)!=null?q:!0,t=0,u,w=google.erd,x=w.jsr;google.ml=function(a,b,d,n,e){e=e===void 0?2:e;b&amp;&amp;(u=a&amp;&amp;a.message);d===void 0&amp;&amp;(d={});d.cad="ple_"+google.ple+".aple_"+google.aple;if(google.dl)return google.dl(a,e,d,!0),null;b=d;if(x&lt;0){window.console&amp;&amp;console.error(a,b);if(x===-2)throw a;b=!1}else b=!a||!a.message||a.message==="Error loading script"||t&gt;=l&amp;&amp;!n?!1:!0;if(!b)return null;t++;d=d||{};b=encodeURIComponent;var c="/gen_204?atyp=i&amp;ei="+b(google.kEI);google.kEXPI&amp;&amp;(c+="&amp;jexpid="+b(google.kEXPI));c+="&amp;srcpg="+b(google.sn)+"&amp;jsr="+b(w.jsr)+
"&amp;bver="+b(w.bv);w.dpf&amp;&amp;(c+="&amp;dpf="+b(w.dpf));var f=a.lineNumber;f!==void 0&amp;&amp;(c+="&amp;line="+f);var h=a.fileName;h&amp;&amp;(h.indexOf("-extension:/")&gt;0&amp;&amp;(e=3),c+="&amp;script="+b(h),f&amp;&amp;h===window.location.href&amp;&amp;(f=document.documentElement.outerHTML.split("\n")[f],c+="&amp;cad="+b(f?f.substring(0,300):"No script found.")));google.ple&amp;&amp;google.ple===1&amp;&amp;(e=2);c+="&amp;jsel="+e;for(var v in d)c+="&amp;",c+=b(v),c+="=",c+=b(d[v]);c=c+"&amp;emsg="+b(a.name+": "+a.message);c=c+"&amp;jsst="+b(a.stack||"N/A");c.length&gt;=12288&amp;&amp;(c=c.substr(0,12288));a=c;n||google.log(0,"",a);return a};window.onerror=function(a,b,d,n,e){u!==a&amp;&amp;(a=e instanceof Error?e:Error(a),d===void 0||"lineNumber"in a||(a.lineNumber=d),b===void 0||"fileName"in a||(a.fileName=b),google.ml(a,!1,void 0,!1,a.name==="SyntaxError"||a.message.substring(0,11)==="SyntaxError"||a.message.indexOf("Script error")!==-1?3:p));u=null;r&amp;&amp;t&gt;=l&amp;&amp;(window.onerror=null)};})();&lt;/script&gt;&lt;/head&gt;&lt;body bgcolor="#fff"&gt;&lt;script nonce="-CHstNaqkIOFtBtyW9fGmw"&gt;(function(){var src='/images/nav_logo229.png';var iesg=false;document.body.onload = function(){window.n &amp;&amp; window.n();if (document.images){new Image().src=src;}
if (!iesg){document.f&amp;&amp;document.f.q.focus();document.gbqf&amp;&amp;document.gbqf.q.focus();}
}
})();&lt;/script&gt;&lt;div id="mngb"&gt;&lt;div id=gbar&gt;&lt;nobr&gt;&lt;b class=gb1&gt;&amp;#25628;&amp;#23563;&lt;/b&gt; &lt;a class=gb1 href="https://www.google.com/imghp?hl=zh-TW&amp;tab=wi"&gt;&amp;#22294;&amp;#29255;&lt;/a&gt; &lt;a class=gb1 href="https://maps.google.com.tw/maps?hl=zh-TW&amp;tab=wl"&gt;&amp;#22320;&amp;#22294;&lt;/a&gt; &lt;a class=gb1 href="https://play.google.com/?hl=zh-TW&amp;tab=w8"&gt;Play&lt;/a&gt; &lt;a class=gb1 href="https://www.youtube.com/?tab=w1"&gt;YouTube&lt;/a&gt; &lt;a class=gb1 href="https://news.google.com/?tab=wn"&gt;&amp;#26032;&amp;#32862;&lt;/a&gt; &lt;a class=gb1 href="https://mail.google.com/mail/?tab=wm"&gt;Gmail&lt;/a&gt; &lt;a class=gb1 href="https://drive.google.com/?tab=wo"&gt;&amp;#38642;&amp;#31471;&amp;#30828;&amp;#30879;&lt;/a&gt; &lt;a class=gb1 style="text-decoration:none" href="https://www.google.com.tw/intl/zh-TW/about/products?tab=wh"&gt;&lt;u&gt;&amp;#26356;&amp;#22810;&lt;/u&gt; &amp;raquo;&lt;/a&gt;&lt;/nobr&gt;&lt;/div&gt;&lt;div id=guser width=100%&gt;&lt;nobr&gt;&lt;span id=gbn class=gbi&gt;&lt;/span&gt;&lt;span id=gbf class=gbf&gt;&lt;/span&gt;&lt;span id=gbe&gt;&lt;/span&gt;&lt;a href="http://www.google.com.tw/history/optout?hl=zh-TW" class=gb4&gt;&amp;#32178;&amp;#38913;&amp;#35352;&amp;#37636;&lt;/a&gt; | &lt;a  href="/preferences?hl=zh-TW" class=gb4&gt;&amp;#35373;&amp;#23450;&lt;/a&gt; | &lt;a target=_top id=gb_70 href="https://accounts.google.com/ServiceLogin?hl=zh-TW&amp;passive=true&amp;continue=https://www.google.com/&amp;ec=GAZAAQ" class=gb4&gt;&amp;#30331;&amp;#20837;&lt;/a&gt;&lt;/nobr&gt;&lt;/div&gt;&lt;div class=gbh style=left:0&gt;&lt;/div&gt;&lt;div class=gbh style=right:0&gt;&lt;/div&gt;&lt;/div&gt;&lt;center&gt;&lt;br clear="all" id="lgpd"&gt;&lt;div id="XjhHGf"&gt;&lt;img alt="Google" height="92" src="/images/branding/googlelogo/1x/googlelogo_white_background_color_272x92dp.png" style="padding:28px 0 14px" width="272" id="hplogo"&gt;&lt;br&gt;&lt;br&gt;&lt;/div&gt;&lt;form action="/search" name="f"&gt;&lt;table cellpadding="0" cellspacing="0"&gt;&lt;tr valign="top"&gt;&lt;td width="25%"&gt;&amp;nbsp;&lt;/td&gt;&lt;td align="center" nowrap=""&gt;&lt;input name="ie" value="ISO-8859-1" type="hidden"&gt;&lt;input value="zh-TW" name="hl" type="hidden"&gt;&lt;input name="source" type="hidden" value="hp"&gt;&lt;input name="biw" type="hidden"&gt;&lt;input name="bih" type="hidd... (set the log level to DEBUG or TRACE to see the full content) 
 </msg>
<msg timestamp="20250623 14:58:35.542" level="INFO">${response} = &lt;Response [200]&gt;</msg>
<status status="PASS" starttime="20250623 14:58:35.440" endtime="20250623 14:58:35.542"/>
</kw>
<status status="PASS" starttime="20250623 14:58:35.439" endtime="20250623 14:58:35.542"/>
</test>
<test id="s1-s2-t2" name="Quick Get Request With Parameters Test" line="8">
<kw name="GET" library="RequestsLibrary">
<var>${response}</var>
<arg>https://www.google.com/search</arg>
<arg>params=query=ciao</arg>
<arg>expected_status=200</arg>
<doc>Sends a GET request.</doc>
<msg timestamp="20250623 14:58:35.649" level="INFO">GET Request : url=https://www.google.com/search?query=ciao 
 path_url=/search?query=ciao 
 headers={'User-Agent': 'python-requests/2.32.3', 'Accept-Encoding': 'gzip, deflate', 'Accept': '*/*', 'Connection': 'keep-alive'} 
 body=None 
 </msg>
<msg timestamp="20250623 14:58:35.650" level="INFO">GET Response : url=https://www.google.com/search?query=ciao 
 status=200, reason=OK 
 headers={'Content-Type': 'text/html; charset=ISO-8859-1', 'Content-Security-Policy': "object-src 'none';base-uri 'self';script-src 'nonce-xiSCX-5EegDh7HA_n6gi8Q' 'strict-dynamic' 'report-sample' 'unsafe-eval' 'unsafe-inline' https: http:;report-uri https://csp.withgoogle.com/csp/gws/xsrp", 'Accept-CH': 'Sec-CH-Prefers-Color-Scheme', 'P3P': 'CP="This is not a P3P policy! See g.co/p3phelp for more info."', 'Content-Encoding': 'gzip', 'Date': 'Mon, 23 Jun 2025 06:58:35 GMT', 'Server': 'gws', 'X-XSS-Protection': '0', 'X-Frame-Options': 'SAMEORIGIN', 'Expires': 'Mon, 23 Jun 2025 06:58:35 GMT', 'Cache-Control': 'private', 'Set-Cookie': 'AEC=AVh_V2i72k2hCK3y_XHXg86rmP4O3RWsAsDstPmXXscxq8hgzxygOeSHbJI; expires=Sat, 20-Dec-2025 06:58:35 GMT; path=/; domain=.google.com; Secure; HttpOnly; SameSite=lax, NID=525=UcoGoJwMcfTa40ydDd5CEh3YACtKqLMBth6vgomvr0FevdlCOWuSml1WX8NtNKYB6671O7OaPOHZDvXF__kF-gHKcqT4i317dvqTsFnwKUvCjAC1BzJcaBKAhawgSYrdIy2K73isGkTEPvy_ZIMsbyuS6b1copY6wUwM63OW7rL0yuNfuo2c875V_grERLXd92voWA_xSuidOw; expires=Tue, 23-Dec-2025 06:58:35 GMT; path=/; domain=.google.com; HttpOnly', 'Alt-Svc': 'h3=":443"; ma=2592000,h3-29=":443"; ma=2592000', 'Transfer-Encoding': 'chunked'} 
 body=&lt;!DOCTYPE html&gt;&lt;html lang="zh-TW"&gt;&lt;head&gt;&lt;title&gt;Google Search&lt;/title&gt;&lt;style&gt;body{background-color:#fff}&lt;/style&gt;&lt;/head&gt;&lt;body&gt;&lt;noscript&gt;&lt;style&gt;table,div,span,p{display:none}&lt;/style&gt;&lt;meta content="0;url=/httpservice/retry/enablejs?sei=G_tYaIayJIzn1e8P2JnfgAY" http-equiv="refresh"&gt;&lt;div style="display:block"&gt;&amp;#22914;&amp;#26524;&amp;#31995;&amp;#32113;&amp;#27794;&amp;#26377;&amp;#22312;&amp;#25976;&amp;#31186;&amp;#37912;&amp;#24460;&amp;#23559;&amp;#24744;&amp;#37325;&amp;#26032;&amp;#23566;&amp;#21521;&amp;#65292;&amp;#35531;&amp;#25353;&amp;#19968;&amp;#19979;&lt;a href="/httpservice/retry/enablejs?sei=G_tYaIayJIzn1e8P2JnfgAY"&gt;&amp;#36889;&amp;#35041;&lt;/a&gt;&amp;#12290;&lt;/div&gt;&lt;/noscript&gt;&lt;script nonce="xiSCX-5EegDh7HA_n6gi8Q"&gt;//# sourceMappingURL=data:application/json;charset=utf-8;base64,eyJ2ZXJzaW9uIjogMywic291cmNlcyI6WyIiXSwic291cmNlc0NvbnRlbnQiOlsiICJdLCJuYW1lcyI6WyJjbG9zdXJlRHluYW1pY0J1dHRvbiJdLCJtYXBwaW5ncyI6IkFBQUE7QUFBQTtBQUFBO0FBQUE7QUFBQTtBQUFBO0FBQUEifQ==
(function(){function E(D){return D}var b=this||self,k=function(D,H,x,X,J,g,Y,n,C,w,I,S){I=9;{S=64;while(true)try{if(I==D)break;else if(I==90)b.console[J](w.message),I=H;else if(I==X)I=b.console?90:H;else if(I==9)n=b.trustedTypes,C=Y,I=74;else if(I==x)S=74,C=n.createPolicy(g,{createHTML:f,createScript:f,createScriptURL:f}),I=H;else if(I==74)I=n&amp;&amp;n.createPolicy?x:99;else{if(I==H)return S=64,C;if(I==3)S=64,I=X;else if(I==99)return C}}catch(P){if(S==64)throw P;S==74&amp;&amp;(w=P,I=3)}}},f=function(D){return E.call(this,D)};(0,eval)(function(D,H){return(H=k(6,84,1,66,"error","ks",null))&amp;&amp;D.eval(H.createScript("1"))===1?function(x){return H.createScript(x)}:function(x){return""+x}}(b)(Array(Math.random()*7824|0).join("\n")+['//# sourceMappingURL=data:application/json;charset=utf-8;base64,eyJ2ZXJzaW9uIjogMywic291cmNlcyI6WyIiXSwic291cmNlc0NvbnRlbnQiOlsiICJdLCJuYW1lcyI6WyJjbG9zdXJlRHluYW1pY0J1dHRvbiJdLCJtYXBwaW5ncyI6IkFBQUE7QUFBQTtBQUFBO0FBQUE7QUFBQTtBQUFBO0FBQUEifQ==',
'(function(){/*',
'',
' Copyright Google LLC',
' SPDX-License-Identifier: Apache-2.0',
'*/',
'var Xw=function(I,x,D,H,n,C,E,b,f,P,S,X){for(X=42;X!=4;)if(X==49)X=P&lt;b.length?69:18;else if(X==16)f=vw(63,25,f),E&amp;&amp;E[RZ]?E.C.add(String(b),f,x,Xw(1,C,6,"object")?!!C.capture:!!C,n):sY(8,false,"object",b,E,C,x,n,f),X=18;else if(X==28)X=(D&amp;78)==D?50:60;else if(X==37)X=Array.isArray(b)?48:16;else if(X==60)X=(D+8&amp;40)&gt;=D&amp;&amp;(D-I^20)&lt;D?37:18;else if(X==69)Xw(1,true,24,0,n,C,E,b[P],f),X=98;else if(X==48)P=H,X=17;else if(X==50)n=typeof x,S=n==H&amp;&amp;x!=null||n=="function",X=60;else{if(X==18)return S;X==17?X=49:X==98?(P++,X=49):X==42&amp;&amp;(X=28)}},ts=function(I,x,D,H,n,C){for(C=I;C!=77;)if(C==99)C=(x|5)&gt;&gt;4?94:27;else if(C==I)C=32;else if(C==37)n=oZ[D](oZ.prototype,{call:H,console:H,replace:H,pop:H,document:H,stack:H,prototype:H,length:H,parent:H,floor:H,splice:H,propertyIsEnumerable:H}),C=99;else if(C==27)D.A0=void 0,D.kp=function(){return D.A0?D.A0:D.A0=new D},C=94;else if(C==32)C=x-9&lt;&lt;2&gt;=x&amp;&amp;(x+9&amp;47)&lt;x?37:99;else if(C==94)return n},Yg=function(I,x,D,H,n,C,E,b,f,P,S,X){{P=51;while(P!=26)if(P==32)b=n.type,E=n.proxy,C.removeEventListener?C.removeEventListener(b,E,n.capture):C.detachEvent?C.detachEvent(W(b,32,D),E):C.addListener&amp;&amp;C.removeListener&amp;&amp;C.removeListener(E),gT--,f=Pw(60,65,C),P=24;else if(P==48)P=(x-4&amp;14)&lt;6&amp;&amp;x&gt;&gt;1&gt;=-75?59:80;else if(P==90)P=typeof n!=="number"&amp;&amp;n&amp;&amp;!n.G1?I:48;else if(P==59)this[this+""]=this,X=Promise.resolve(),P=80;else if(P==2)P=f.Km==H?87:48;else if(P==87)f.src=null,C[fg]=null,P=48;else if(P==I)C=n.src,P=65;else if(P==24)P=f?27:81;else if(P==65)P=C&amp;&amp;C[RZ]?84:32;else if(P==81)Kg(72,null,n),P=48;else{if(P==80)return X;P==84?(W(n,51,null,C.C),P=48):P==21?P=(x^19)&gt;&gt;4?48:90:P==72?(S=function(w){return D.call(S.src,S.listener,w)},D=Nd,X=S,P=21):P==28?P=(x-2^16)&gt;=x&amp;&amp;x+7&gt;&gt;2&lt;x?72:21:P==51?P=28:P==27&amp;&amp;(W(n,50,null,f),P=2)}}},Qi=function(I,x,D,H,n,C,E,b,f,P,S,X){{S=70;while(S!=47)if(S==53)f=(C=Object.getPrototypeOf(f.prototype))&amp;&amp;C.constructor,S=54;else if(S==88)S=(x&amp;79)==x?38:21;else if(S==38)X=!!(n=D.Jz,-~(n&amp;H)+(n&amp;~H)+(~n|H))&amp;&amp;kg(D,H,16),S=21;else if(S==12)b=P?typeof P.kp==="function"?P.kp():new P:null,S=62;else if(S==54)S=41;else if(S==21)S=(x+7^23)&lt;x&amp;&amp;(x-3|80)&gt;=x?77:2;else{if(S==80)return X;if(S==26)E.classList?E.classList.remove(C):(E.classList?E.classList.contains(C):O(I,H,C,K(35,E,n)))&amp;&amp;Bw(24,13,n,E,Array.prototype.filter.call(K(36,E,n),function(w){return w!=C}).join(D)),S=88;else if(S==60)S=12;else if(S==94)f=this.constructor,S=89;else if(S==65)S=(x&amp;57)==x?1:5;else if(S==7)E=Ww(5,f),S=82;else if(S==2)S=(x|72)==x?4:80;else if(S==82)S=(P=OY[E])?60:53;else if(S==5)S=(x+3&amp;14)&lt;x&amp;&amp;(x-3^6)&gt;=x?26:88;else if(S==62)this.X=b,S=80;else if(S==4)jB.call(this,n),S=20;else if(S==70)S=65;else if(S==20)S=(b=D)?62:94;else if(S==41)S=f?7:12;else if(S==1){a:{for(E in n)if(C.call(void 0,n[E],E,n)){X=H;break a}X=D}S=5}else S==89?S=41:S==77&amp;&amp;(this.type=H,this.currentTarget=this.target=D,this.defaultPrevented=this.dK=false,S=2)}}},sY=function(I,x,D,H,n,C,E,b,f,P,S,X,w,J,Y){{J=38;while(J!=44)if(J==49)J=(I&amp;120)==I?90:11;else if(J==7)J=I+7&gt;=23&amp;&amp;(I^29)&lt;30?99:49;else{if(J==89)throw Error("addEventListener and attachEvent are unavailable.");if(J==78)EY||(C=w),C===void 0&amp;&amp;(C=x),n.addEventListener(H.toString(),S,C),J=43;else if(J==95)n.attachEvent(W(H.toString(),24,"on"),S),J=43;else if(J==5)n.addListener(S),J=43;else if(J==50)J=n.addListener&amp;&amp;n.removeListener?5:89;else if(J==99)ng.call(this),x||Cg||(Cg=new bC),this.H0=void 0,this.z1=false,this.Tl=this.bP=this.fm=this.NX=null,this.gn=false,this.P=null,J=49;else if(J==53)w=Xw(1,C,6,D)?!!C.capture:!!C,(X=Pw(60,64,n))||(n[fg]=X=new Js(n)),P=X.add(H,f,E,w,b),J=76;else{if(J==11)return Y;if(J==15)J=n.attachEvent?95:50;else if(J==43)gT++,J=11;else if(J==96)S=Yg(34,3),P.proxy=S,S.src=n,S.listener=P,J=17;else if(J==57)J=(I^41)&amp;7?7:6;else if(J==76)J=P.proxy?11:96;else{if(J==29)throw Error("Invalid event type");J==17?J=n.addEventListener?78:15:J==6?(H=x,Y=function(){return H&lt;D.length?{done:false,value:D[H++]}:{done:true}},J=7):J==90?J=H?53:29:J==38&amp;&amp;(J=57)}}}}},IZ=function(I,x,D,H,n){for(n=9;n!=6;)if(n==3)H=Math.floor(this.W0+(this.v()-this.Cm)),n=84;else if(n==1)n=(D|9)&gt;&gt;3&gt;=x&amp;&amp;D&gt;&gt;2&lt;6?3:84;else if(n==I)this.n===0?H=[0,0]:(this.o.sort(function(C,E){return C-E}),H=[this.n,this.o[this.o.length&gt;&gt;1]]),n=1;else{if(n==84)return H;n==9?n=74:n==74&amp;&amp;(n=D&lt;&lt;2&amp;5?1:I)}},cw=function(I,x,D,H,n,C,E,b,f,P,S,X,w,J){for(J=(S=82,95);;)try{if(S==44)break;else if(S==56){a:{for(b=[D==typeof globalThis&amp;&amp;globalThis,n,D==typeof window&amp;&amp;window,(E=x,D==typeof self)&amp;&amp;self,D==typeof global&amp;&amp;global];E&lt;b.length;++E)if((C=b[E])&amp;&amp;C[H]==Math){w=C;break a}throw Error("Cannot find global object");}S=97}else if(S==51)S=60;else if(S==36)J=95,S=28;else if(S==82)S=6;else if(S==28)S=E&amp;&amp;C.l?76:19;else if(S==19)S=48;else if(S==59)w=f,S=64;else if(S==60)S=(I-9&amp;7)==2?14:64;else if(S==48)S=C.J.length?35:59;else if(S==64)S=(I+7^12)&lt;I&amp;&amp;I-4&lt;&lt;1&gt;=I?56:97;else if(S==35)C.l=n,b=C.J.pop(),S=79;else{if(S==97)return w;S==76?(P=C.l,P(function(){c(41,254,true,true,C)}),S=59):S==49?(J=95,kg(D,X,7,C),S=36):S==14?S=48:S==6?S=I+4&gt;&gt;4?60:51:S==79&amp;&amp;(J=26,f=eB(b,H,x,C),S=36)}}catch(Y){if(J==95)throw Y;J==26&amp;&amp;(X=Y,S=49)}},Ww=function(I,x,D,H,n,C,E){for(n=45;n!=0;)if(n==7)n=(I-1^12)&lt;I&amp;&amp;(I-4|5)&gt;=I?2:40;else{if(n==40)return E;n==45?n=78:n==91?(E=Object.prototype.hasOwnProperty.call(x,pg)&amp;&amp;x[pg]||(x[pg]=++lC),n=7):n==78?n=(I|4)&gt;&gt;3?7:91:n==2&amp;&amp;(C=function(){},C.prototype=H.prototype,D.G=H.prototype,D.prototype=new C,D.prototype.constructor=D,D.YW=function(b,f,P){for(var S=83;S!=61;)if(S==56)S=97;else{if(S==55)return H.prototype[f].apply(b,X);if(S==83)var X=Array(arguments.length-(S=56,x)),w=x;else S==97?S=w&lt;arguments.length?30:55:S==99?(w++,S=97):S==30&amp;&amp;(X[w-x]=arguments[w],S=99)}},n=40)}},c=function(I,x,D,H,n,C,E,b,f,P,S){{S=53;while(S!=21)if(S==41)S=(I|40)==I?16:80;else if(S==52)P=x,S=71;else if(S==77)S=(I|24)==I?42:41;else if(S==89)P=(f=As[x.substring(0,3)+"_"])?f(x.substring(3),D,H,n,C,E,b):W(x,3,D),S=77;else if(S==98)S=(I&amp;106)==I?52:71;else if(S==53)S=30;else if(S==71)S=(I+3&amp;63)&lt;I&amp;&amp;(I-8|61)&gt;=I?89:77;else if(S==65){a:{switch(E){case 1:P=C?"disable":"enable";break a;case 2:P=C?"highlight":"unhighlight";break a;case n:P=C?"activate":"deactivate";break a;case H:P=C?"select":"unselect";break a;case 16:P=C?"check":"uncheck";break a;case x:P=C?"focus":"blur";break a;case D:P=C?"open":"close";break a}throw Error("Invalid component state");}S=98}else if(S==30)S=(I&amp;21)==I?65:98;else{if(S==80)return P;if(S==16){if(n.J.length){n.uP=(n.Cq=(n.uP&amp;&amp;":TQR:TQR:"(),H),true);try{C=n.v(),n.v0=C,n.pm=0,n.Cm=C,n.h0=0,f=cw(19,3,2048,2,null,n,H),E=D?0:10,b=n.v()-n.Cm,n.W0+=b,n.ye&amp;&amp;n.ye(b-n.A,n.B,n.D,n.h0),n.D=false,n.A=0,n.B=false,b&lt;E||n.Qe--&lt;=0||(b=Math.floor(b),n.lP.push(b&lt;=x?b:254))}finally{n.uP=false}P=f}S=80}else S==42&amp;&amp;(P=Math.floor(this.v()),S=41)}}},G=function(I,x,D,H,n,C,E,b,f,P,S,X,w,J,Y,g){for(g=26;g!=95;)if(g==47)g=(x-9&amp;7)==4?6:78;else if(g==46)g=73;else if(g==62)g=E&amp;&amp;E.once?75:74;else if(g==67)g=(x|24)==x?31:51;else if(g==1)H=vw(63,24,H),C&amp;&amp;C[RZ]?C.C.add(String(n),H,false,Xw(1,E,8,"object")?!!E.capture:!!E,b):sY(32,false,"object",n,C,E,false,b,H),g=47;else if(g==91)g=(x+2&amp;61)&lt;x&amp;&amp;(x+8&amp;72)&gt;=x?55:67;else if(g==42)g=(x|2)&gt;&gt;4?91:5;else if(g==79)H++,g=99;else if(g==73)g=E&gt;7?3:79;else if(g==0)f++,g=22;else if(g==19)n=n&lt;&lt;D|I[H],E+=D,g=43;else if(g==22)g=f&lt;n.length?4:47;else if(g==59)g=22;else if(g==51)g=(x|40)==x?62:47;else if(g==44){a:{for(J=(f=(b=xP,C).split(D),I);J&lt;f.length-n;J++){if(!(w=f[J],w in b))break a;b=b[w]}X=(P=(S=f[f.length-n],b)[S],E)(P),X!=P&amp;&amp;X!=H&amp;&amp;SV(b,S,{configurable:true,writable:true,value:X})}g=51}else if(g==36)g=99;else if(g==4)G(true,40,0,H,n[f],C,E,b),g=0;else{if(g==78)return Y;g==6?(E=0,C=[],H=0,g=36):g==55?(I.classList?Array.prototype.forEach.call(D,function(t){Qi(27,27," ",0,"class",t,I)}):Bw(24,14,"class",I,Array.prototype.filter.call(K(34,I,"class"),function(t){return!O(26,0,t,D)}).join(" ")),g=67):g==43?g=73:g==26?g=42:g==72?(f=D,g=59):g==3?(E-=8,C.push(n&gt;&gt;E&amp;255),g=46):g==5?(H.J.splice(I,I,D),g=91):g==99?g=H&lt;I.length?19:24:g==24?(Y=C,g=78):g==74?g=Array.isArray(n)?72:1:g==31?g=E?44:51:g==75&amp;&amp;(Xw(1,I,25,D,b,E,C,n,H),g=47)}},TV=function(I,x,D,H,n,C,E,b,f){for(f... (set the log level to DEBUG or TRACE to see the full content) 
 </msg>
<msg timestamp="20250623 14:58:35.651" level="INFO">${response} = &lt;Response [200]&gt;</msg>
<status status="PASS" starttime="20250623 14:58:35.544" endtime="20250623 14:58:35.651"/>
</kw>
<status status="PASS" starttime="20250623 14:58:35.543" endtime="20250623 14:58:35.651"/>
</test>
<test id="s1-s2-t3" name="Quick Get A JSON Body Test" line="11">
<kw name="GET" library="RequestsLibrary">
<var>${response}</var>
<arg>https://jsonplaceholder.typicode.com/posts/1</arg>
<doc>Sends a GET request.</doc>
<msg timestamp="20250623 14:58:36.322" level="INFO">GET Request : url=https://jsonplaceholder.typicode.com/posts/1 
 path_url=/posts/1 
 headers={'User-Agent': 'python-requests/2.32.3', 'Accept-Encoding': 'gzip, deflate', 'Accept': '*/*', 'Connection': 'keep-alive'} 
 body=None 
 </msg>
<msg timestamp="20250623 14:58:36.323" level="INFO">GET Response : url=https://jsonplaceholder.typicode.com/posts/1 
 status=200, reason=OK 
 headers={'Date': 'Mon, 23 Jun 2025 06:58:36 GMT', 'Content-Type': 'application/json; charset=utf-8', 'Transfer-Encoding': 'chunked', 'Connection': 'keep-alive', 'Access-Control-Allow-Credentials': 'true', 'Cache-Control': 'max-age=43200', 'Etag': 'W/"124-yiKdLzqO5gfBrJFrcdJ8Yq0LGnU"', 'Expires': '-1', 'Nel': '{"report_to":"heroku-nel","response_headers":["Via"],"max_age":3600,"success_fraction":0.01,"failure_fraction":0.1}', 'Pragma': 'no-cache', 'Report-To': '{"group":"heroku-nel","endpoints":[{"url":"https://nel.heroku.com/reports?s=5mUx7N2%2B9lrDM1NORsOfuQUl3DKz40Kc3CfRIsDTKsE%3D\\u0026sid=e11707d5-02a7-43ef-b45e-2cf4d2036f7d\\u0026ts=1750511455"}],"max_age":3600}', 'Reporting-Endpoints': 'heroku-nel="https://nel.heroku.com/reports?s=5mUx7N2%2B9lrDM1NORsOfuQUl3DKz40Kc3CfRIsDTKsE%3D&amp;sid=e11707d5-02a7-43ef-b45e-2cf4d2036f7d&amp;ts=1750511455"', 'Server': 'cloudflare', 'Vary': 'Origin, Accept-Encoding', 'Via': '2.0 heroku-router', 'X-Content-Type-Options': 'nosniff', 'X-Powered-By': 'Express', 'X-Ratelimit-Limit': '1000', 'X-Ratelimit-Remaining': '999', 'X-Ratelimit-Reset': '1750511497', 'Age': '6459', 'Cf-Cache-Status': 'HIT', 'Content-Encoding': 'gzip', 'CF-RAY': '954219107dac528f-LAX', 'alt-svc': 'h3=":443"; ma=86400'} 
 body={
  "userId": 1,
  "id": 1,
  "title": "sunt aut facere repellat provident occaecati excepturi optio reprehenderit",
  "body": "quia et suscipit\nsuscipit recusandae consequuntur expedita et cum\nreprehenderit molestiae ut ut quas totam\nnostrum rerum est autem sunt rem eveniet architecto"
} 
 </msg>
<msg timestamp="20250623 14:58:36.323" level="INFO">${response} = &lt;Response [200]&gt;</msg>
<status status="PASS" starttime="20250623 14:58:35.653" endtime="20250623 14:58:36.323"/>
</kw>
<kw name="Should Be Equal As Strings" library="BuiltIn">
<arg>1</arg>
<arg>${response.json()}[id]</arg>
<doc>Fails if objects are unequal after converting them to strings.</doc>
<msg timestamp="20250623 14:58:36.325" level="INFO">Argument types are:
&lt;class 'str'&gt;
&lt;class 'int'&gt;</msg>
<status status="PASS" starttime="20250623 14:58:36.324" endtime="20250623 14:58:36.325"/>
</kw>
<status status="PASS" starttime="20250623 14:58:35.652" endtime="20250623 14:58:36.325"/>
</test>
<status status="PASS" starttime="20250623 14:58:35.436" endtime="20250623 14:58:36.326"/>
</suite>
<status status="PASS" starttime="20250623 14:58:34.462" endtime="20250623 14:58:36.327"/>
</suite>
<statistics>
<total>
<stat pass="5" fail="0" skip="0">All Tests</stat>
</total>
<tag>
</tag>
<suite>
<stat pass="5" fail="0" skip="0" id="s1" name="Tests">Tests</stat>
<stat pass="2" fail="0" skip="0" id="s1-s1" name="Collet">Tests.Collet</stat>
<stat pass="3" fail="0" skip="0" id="s1-s2" name="Google">Tests.Google</stat>
</suite>
</statistics>
<errors>
</errors>
</robot>
